#
# There is insufficient memory for the Java Runtime Environment to continue.
# Native memory allocation (malloc) failed to allocate 1511856 bytes for Chunk::new
# Possible reasons:
#   The system is out of physical RAM or swap space
#   The process is running with CompressedOops enabled, and the Java Heap may be blocking the growth of the native heap
# Possible solutions:
#   Reduce memory load on the system
#   Increase physical memory or swap space
#   Check if swap backing store is full
#   Decrease Java heap size (-Xmx/-Xms)
#   Decrease number of Java threads
#   Decrease Java thread stack sizes (-Xss)
#   Set larger code cache with -XX:ReservedCodeCacheSize=
#   JVM is running with Unscaled Compressed Oops mode in which the Java heap is
#     placed in the first 4GB address space. The Java Heap base address is the
#     maximum limit for the native heap growth. Please use -XX:HeapBaseMinAddress
#     to set the Java Heap base and to place the Java Heap above 4GB virtual address.
# This output file may be truncated or incomplete.
#
#  Out of Memory Error (arena.cpp:189), pid=1920, tid=27196
#
# JRE version: OpenJDK Runtime Environment Temurin-17.0.8.1+1 (17.0.8.1+1) (build 17.0.8.1+1)
# Java VM: OpenJDK 64-Bit Server VM Temurin-17.0.8.1+1 (17.0.8.1+1, mixed mode, tiered, compressed oops, compressed class ptrs, parallel gc, windows-amd64)
# No core dump will be written. Minidumps are not enabled by default on client versions of Windows
#

---------------  S U M M A R Y ------------

Command Line: --add-modules=ALL-SYSTEM --add-opens=java.base/java.util=ALL-UNNAMED --add-opens=java.base/java.lang=ALL-UNNAMED --add-opens=java.base/sun.nio.fs=ALL-UNNAMED -Declipse.application=org.eclipse.jdt.ls.core.id1 -Dosgi.bundles.defaultStartLevel=4 -Declipse.product=org.eclipse.jdt.ls.core.product -Djava.import.generatesMetadataFilesAtProjectRoot=false -DDetectVMInstallationsJob.disabled=true -Dfile.encoding=utf8 -XX:+UseParallelGC -XX:GCTimeRatio=4 -XX:AdaptiveSizePolicyWeight=90 -Dsun.zip.disableMemoryMapping=true -Xmx1G -Xms100m -Xlog:disable -javaagent:c:\Users\Legion\.vscode\extensions\redhat.java-1.24.0-win32-x64\lombok\lombok-1.18.30.jar -XX:+HeapDumpOnOutOfMemoryError -XX:HeapDumpPath=c:\Users\Legion\AppData\Roaming\Code\User\workspaceStorage\13b20aa23176f2ed0425dcaf36fe3239\redhat.java -Daether.dependencyCollector.impl=bf c:\Users\Legion\.vscode\extensions\redhat.java-1.24.0-win32-x64\server\plugins\org.eclipse.equinox.launcher_1.6.500.v20230717-2134.jar -configuration c:\Users\Legion\AppData\Roaming\Code\User\globalStorage\redhat.java\1.24.0\config_win -data c:\Users\Legion\AppData\Roaming\Code\User\workspaceStorage\13b20aa23176f2ed0425dcaf36fe3239\redhat.java\jdt_ws --stdio

Host: 11th Gen Intel(R) Core(TM) i7-11800H @ 2.30GHz, 16 cores, 15G,  Windows 11 , 64 bit Build 22621 (10.0.22621.2506)
Time: Fri Nov 24 21:45:06 2023 SE Asia Standard Time elapsed time: 2.975032 seconds (0d 0h 0m 2s)

---------------  T H R E A D  ---------------

Current thread (0x00000191bb34aa40):  JavaThread "C2 CompilerThread0" daemon [_thread_in_native, id=27196, stack(0x0000003f29700000,0x0000003f29800000)]


Current CompileTask:
C2:   2975 4436       4       org.eclipse.osgi.internal.loader.BundleLoader::addExportedProvidersFor (167 bytes)

Stack: [0x0000003f29700000,0x0000003f29800000]
Native frames: (J=compiled Java code, j=interpreted, Vv=VM code, C=native code)
V  [jvm.dll+0x678b0a]
V  [jvm.dll+0x835e84]
V  [jvm.dll+0x83762e]
V  [jvm.dll+0x837c93]
V  [jvm.dll+0x24746f]
V  [jvm.dll+0xac20c]
V  [jvm.dll+0xac7dc]
V  [jvm.dll+0x365ca7]
V  [jvm.dll+0x1bd1f8]
V  [jvm.dll+0x219d49]
V  [jvm.dll+0x219011]
V  [jvm.dll+0x1a534d]
V  [jvm.dll+0x228d8a]
V  [jvm.dll+0x226dcc]
V  [jvm.dll+0x7ec09b]
V  [jvm.dll+0x7e64ca]
V  [jvm.dll+0x677955]
C  [ucrtbase.dll+0x29363]
C  [KERNEL32.DLL+0x1257d]
C  [ntdll.dll+0x5aa58]


---------------  P R O C E S S  ---------------

Threads class SMR info:
_java_thread_list=0x00000191bf68d1c0, length=32, elements={
0x00000191a20fae90, 0x00000191b5f69ec0, 0x00000191b5f6d150, 0x00000191bb341f30,
0x00000191bb342900, 0x00000191bb343b70, 0x00000191bb344de0, 0x00000191bb34aa40,
0x00000191bb359880, 0x00000191bb37ace0, 0x00000191bb425460, 0x00000191bb48dcd0,
0x00000191a215c270, 0x00000191bb53de50, 0x00000191bd21d540, 0x00000191bd2b6af0,
0x00000191bdb4c0b0, 0x00000191bd41efc0, 0x00000191bd41f4d0, 0x00000191bd41f9e0,
0x00000191bd41d160, 0x00000191bd41fef0, 0x00000191bd420400, 0x00000191bd41eab0,
0x00000191bd41e090, 0x00000191bd41d670, 0x00000191bd41db80, 0x00000191bee9f140,
0x00000191beea0070, 0x00000191beea19c0, 0x00000191bee9fb60, 0x00000191beea0a90
}

Java Threads: ( => current thread )
  0x00000191a20fae90 JavaThread "main" [_thread_blocked, id=26084, stack(0x0000003f28e00000,0x0000003f28f00000)]
  0x00000191b5f69ec0 JavaThread "Reference Handler" daemon [_thread_blocked, id=13200, stack(0x0000003f29100000,0x0000003f29200000)]
  0x00000191b5f6d150 JavaThread "Finalizer" daemon [_thread_blocked, id=23600, stack(0x0000003f29200000,0x0000003f29300000)]
  0x00000191bb341f30 JavaThread "Signal Dispatcher" daemon [_thread_blocked, id=27164, stack(0x0000003f29300000,0x0000003f29400000)]
  0x00000191bb342900 JavaThread "Attach Listener" daemon [_thread_blocked, id=26104, stack(0x0000003f29400000,0x0000003f29500000)]
  0x00000191bb343b70 JavaThread "Service Thread" daemon [_thread_blocked, id=10436, stack(0x0000003f29500000,0x0000003f29600000)]
  0x00000191bb344de0 JavaThread "Monitor Deflation Thread" daemon [_thread_blocked, id=24528, stack(0x0000003f29600000,0x0000003f29700000)]
=>0x00000191bb34aa40 JavaThread "C2 CompilerThread0" daemon [_thread_in_native, id=27196, stack(0x0000003f29700000,0x0000003f29800000)]
  0x00000191bb359880 JavaThread "C1 CompilerThread0" daemon [_thread_blocked, id=5476, stack(0x0000003f29800000,0x0000003f29900000)]
  0x00000191bb37ace0 JavaThread "Sweeper thread" daemon [_thread_blocked, id=13764, stack(0x0000003f29900000,0x0000003f29a00000)]
  0x00000191bb425460 JavaThread "Common-Cleaner" daemon [_thread_blocked, id=17428, stack(0x0000003f29a00000,0x0000003f29b00000)]
  0x00000191bb48dcd0 JavaThread "C1 CompilerThread1" daemon [_thread_blocked, id=12184, stack(0x0000003f29b00000,0x0000003f29c00000)]
  0x00000191a215c270 JavaThread "C1 CompilerThread2" daemon [_thread_blocked, id=3660, stack(0x0000003f29c00000,0x0000003f29d00000)]
  0x00000191bb53de50 JavaThread "C2 CompilerThread1" daemon [_thread_in_native, id=23864, stack(0x0000003f29d00000,0x0000003f29e00000)]
  0x00000191bd21d540 JavaThread "C1 CompilerThread3" daemon [_thread_blocked, id=27112, stack(0x0000003f29e00000,0x0000003f29f00000)]
  0x00000191bd2b6af0 JavaThread "Notification Thread" daemon [_thread_blocked, id=19448, stack(0x0000003f29f00000,0x0000003f2a000000)]
  0x00000191bdb4c0b0 JavaThread "C2 CompilerThread2" daemon [_thread_in_native, id=23936, stack(0x0000003f2a100000,0x0000003f2a200000)]
  0x00000191bd41efc0 JavaThread "Active Thread: Equinox Container: 596efd9c-0055-420a-904e-70c3db5e6bd4" [_thread_blocked, id=26932, stack(0x0000003f2a200000,0x0000003f2a300000)]
  0x00000191bd41f4d0 JavaThread "Framework Event Dispatcher: Equinox Container: 596efd9c-0055-420a-904e-70c3db5e6bd4" daemon [_thread_blocked, id=19500, stack(0x0000003f2a800000,0x0000003f2a900000)]
  0x00000191bd41f9e0 JavaThread "Start Level: Equinox Container: 596efd9c-0055-420a-904e-70c3db5e6bd4" daemon [_thread_blocked, id=10900, stack(0x0000003f2a900000,0x0000003f2aa00000)]
  0x00000191bd41d160 JavaThread "Bundle File Closer" daemon [_thread_blocked, id=20604, stack(0x0000003f2ac00000,0x0000003f2ad00000)]
  0x00000191bd41fef0 JavaThread "SCR Component Actor" daemon [_thread_blocked, id=27228, stack(0x0000003f2ad00000,0x0000003f2ae00000)]
  0x00000191bd420400 JavaThread "SCR Component Registry" daemon [_thread_blocked, id=25640, stack(0x0000003f2b000000,0x0000003f2b100000)]
  0x00000191bd41eab0 JavaThread "Worker-JM" [_thread_blocked, id=7572, stack(0x0000003f2b200000,0x0000003f2b300000)]
  0x00000191bd41e090 JavaThread "Worker-0" [_thread_blocked, id=18932, stack(0x0000003f2b400000,0x0000003f2b500000)]
  0x00000191bd41d670 JavaThread "Worker-1: Updating Maven Dependencies" [_thread_in_vm, id=15320, stack(0x0000003f2b500000,0x0000003f2b600000)]
  0x00000191bd41db80 JavaThread "Java indexing" daemon [_thread_blocked, id=19072, stack(0x0000003f2b700000,0x0000003f2b800000)]
  0x00000191bee9f140 JavaThread "Worker-2" [_thread_blocked, id=4392, stack(0x0000003f2b800000,0x0000003f2b900000)]
  0x00000191beea0070 JavaThread "JNA Cleaner" daemon [_thread_blocked, id=24860, stack(0x0000003f2b900000,0x0000003f2ba00000)]
  0x00000191beea19c0 JavaThread "pool-2-thread-1" [_thread_blocked, id=19548, stack(0x0000003f2ba00000,0x0000003f2bb00000)]
  0x00000191bee9fb60 JavaThread "WorkspaceEventsHandler" [_thread_blocked, id=26860, stack(0x0000003f2bb00000,0x0000003f2bc00000)]
  0x00000191beea0a90 JavaThread "pool-1-thread-1" [_thread_blocked, id=26448, stack(0x0000003f2bc00000,0x0000003f2bd00000)]

Other Threads:
  0x00000191b5f671e0 VMThread "VM Thread" [stack: 0x0000003f29000000,0x0000003f29100000] [id=7860]
  0x00000191bd295d80 WatcherThread [stack: 0x0000003f2a000000,0x0000003f2a100000] [id=25620]
  0x00000191a2110080 GCTaskThread "GC Thread#0" [stack: 0x0000003f28f00000,0x0000003f29000000] [id=11048]
  0x00000191bd95c360 GCTaskThread "GC Thread#1" [stack: 0x0000003f2a300000,0x0000003f2a400000] [id=25800]
  0x00000191bd95b9f0 GCTaskThread "GC Thread#2" [stack: 0x0000003f2a400000,0x0000003f2a500000] [id=21192]
  0x00000191bd95bcb0 GCTaskThread "GC Thread#3" [stack: 0x0000003f2a500000,0x0000003f2a600000] [id=5500]
  0x00000191bd9c3a60 GCTaskThread "GC Thread#4" [stack: 0x0000003f2a600000,0x0000003f2a700000] [id=6708]
  0x00000191bd9c3f30 GCTaskThread "GC Thread#5" [stack: 0x0000003f2a700000,0x0000003f2a800000] [id=24484]
  0x00000191bdaf1210 GCTaskThread "GC Thread#6" [stack: 0x0000003f2aa00000,0x0000003f2ab00000] [id=4776]
  0x00000191bdaf1790 GCTaskThread "GC Thread#7" [stack: 0x0000003f2ab00000,0x0000003f2ac00000] [id=22956]
  0x00000191bdaefc10 GCTaskThread "GC Thread#8" [stack: 0x0000003f2ae00000,0x0000003f2af00000] [id=8636]
  0x00000191bdaf0190 GCTaskThread "GC Thread#9" [stack: 0x0000003f2af00000,0x0000003f2b000000] [id=24012]
  0x00000191bdaf14d0 GCTaskThread "GC Thread#10" [stack: 0x0000003f2b100000,0x0000003f2b200000] [id=25836]
  0x00000191bdaefed0 GCTaskThread "GC Thread#11" [stack: 0x0000003f2b300000,0x0000003f2b400000] [id=12316]
  0x00000191bdaf0450 GCTaskThread "GC Thread#12" [stack: 0x0000003f2b600000,0x0000003f2b700000] [id=24364]

Threads with active compile tasks:
C2 CompilerThread0     2989 4436       4       org.eclipse.osgi.internal.loader.BundleLoader::addExportedProvidersFor (167 bytes)
C2 CompilerThread1     2989 4434   !   4       org.eclipse.osgi.internal.loader.classpath.ClasspathManager::findClassImpl (308 bytes)
C2 CompilerThread2     2989 4387   !   4       org.eclipse.osgi.internal.loader.classpath.ClasspathManager::findLocalClass (210 bytes)

VM state: not at safepoint (normal execution)

VM Mutex/Monitor currently owned by a thread: None

Heap address: 0x00000000c0000000, size: 1024 MB, Compressed Oops mode: 32-bit

CDS archive(s) not mapped
Compressed class space mapped at: 0x0000000100000000-0x0000000140000000, reserved size: 1073741824
Narrow klass base: 0x0000000000000000, Narrow klass shift: 3, Narrow klass range: 0x140000000

GC Precious Log:
 CPUs: 16 total, 16 available
 Memory: 16235M
 Large Page Support: Disabled
 NUMA Support: Disabled
 Compressed Oops: Enabled (32-bit)
 Alignments: Space 512K, Generation 512K, Heap 2M
 Heap Min Capacity: 100M
 Heap Initial Capacity: 100M
 Heap Max Capacity: 1G
 Pre-touch: Disabled
 Parallel Workers: 13

Heap:
 PSYoungGen      total 24576K, used 22167K [0x00000000eab00000, 0x00000000ec700000, 0x0000000100000000)
  eden space 23040K, 90% used [0x00000000eab00000,0x00000000ebf6f708,0x00000000ec180000)
  from space 1536K, 80% used [0x00000000ec580000,0x00000000ec6b67d8,0x00000000ec700000)
  to   space 1536K, 0% used [0x00000000ec400000,0x00000000ec400000,0x00000000ec580000)
 ParOldGen       total 68608K, used 13590K [0x00000000c0000000, 0x00000000c4300000, 0x00000000eab00000)
  object space 68608K, 19% used [0x00000000c0000000,0x00000000c0d45ac0,0x00000000c4300000)
 Metaspace       used 41610K, committed 42432K, reserved 1114112K
  class space    used 4267K, committed 4608K, reserved 1048576K

Card table byte_map: [0x00000191a1a90000,0x00000191a1ca0000] _byte_map_base: 0x00000191a1490000

Marking Bits: (ParMarkBitMap*) 0x00007ffeba8283a0
 Begin Bits: [0x00000191b3d70000, 0x00000191b4d70000)
 End Bits:   [0x00000191b4d70000, 0x00000191b5d70000)

Polling page: 0x00000191a0060000

Metaspace:

Usage:
  Non-class:     36.47 MB used.
      Class:      4.17 MB used.
       Both:     40.64 MB used.

Virtual space:
  Non-class space:       64.00 MB reserved,      36.94 MB ( 58%) committed,  1 nodes.
      Class space:        1.00 GB reserved,       4.50 MB ( <1%) committed,  1 nodes.
             Both:        1.06 GB reserved,      41.44 MB (  4%) committed. 

Chunk freelists:
   Non-Class:  10.23 MB
       Class:  11.38 MB
        Both:  21.61 MB

MaxMetaspaceSize: unlimited
CompressedClassSpaceSize: 1.00 GB
Initial GC threshold: 21.00 MB
Current GC threshold: 58.88 MB
CDS: off
MetaspaceReclaimPolicy: balanced
 - commit_granule_bytes: 65536.
 - commit_granule_words: 8192.
 - virtual_space_node_default_size: 8388608.
 - enlarge_chunks_in_place: 1.
 - new_chunks_are_fully_committed: 0.
 - uncommit_free_chunks: 1.
 - use_allocation_guard: 0.
 - handle_deallocations: 1.


Internal statistics:

num_allocs_failed_limit: 10.
num_arena_births: 404.
num_arena_deaths: 14.
num_vsnodes_births: 2.
num_vsnodes_deaths: 0.
num_space_committed: 663.
num_space_uncommitted: 0.
num_chunks_returned_to_freelist: 24.
num_chunks_taken_from_freelist: 1761.
num_chunk_merges: 10.
num_chunk_splits: 1146.
num_chunks_enlarged: 770.
num_inconsistent_stats: 0.

CodeHeap 'non-profiled nmethods': size=119168Kb used=2111Kb max_used=2111Kb free=117056Kb
 bounds [0x00000191ac910000, 0x00000191acb80000, 0x00000191b3d70000]
CodeHeap 'profiled nmethods': size=119104Kb used=9847Kb max_used=9847Kb free=109256Kb
 bounds [0x00000191a4d70000, 0x00000191a5710000, 0x00000191ac1c0000]
CodeHeap 'non-nmethods': size=7488Kb used=2975Kb max_used=3028Kb free=4512Kb
 bounds [0x00000191ac1c0000, 0x00000191ac4c0000, 0x00000191ac910000]
 total_blobs=5118 nmethods=4518 adapters=510
 compilation: enabled
              stopped_count=0, restarted_count=0
 full_count=0

Compilation events (20 events):
Event: 2.958 Thread 0x00000191bb48dcd0 nmethod 4514 0x00000191a5708b10 code [0x00000191a5708d00, 0x00000191a57092c8]
Event: 2.958 Thread 0x00000191bb359880 nmethod 4515 0x00000191a5709510 code [0x00000191a5709740, 0x00000191a5709f38]
Event: 2.962 Thread 0x00000191bb359880 4518       3       com.google.common.collect.AbstractIndexedListIterator::hasNext (17 bytes)
Event: 2.962 Thread 0x00000191bb359880 nmethod 4518 0x00000191a570a210 code [0x00000191a570a3a0, 0x00000191a570a518]
Event: 2.963 Thread 0x00000191bb359880 4519       1       java.lang.StackTraceElement::getClassName (5 bytes)
Event: 2.963 Thread 0x00000191bb359880 nmethod 4519 0x00000191acb1f710 code [0x00000191acb1f8a0, 0x00000191acb1f978]
Event: 2.963 Thread 0x00000191bb359880 4520       3       java.lang.Class::getInterfaces (6 bytes)
Event: 2.964 Thread 0x00000191bb359880 nmethod 4520 0x00000191a570a590 code [0x00000191a570a720, 0x00000191a570a868]
Event: 2.964 Thread 0x00000191bb359880 4521       3       jdk.internal.org.objectweb.asm.Edge::<init> (20 bytes)
Event: 2.964 Thread 0x00000191bb359880 nmethod 4521 0x00000191a570a910 code [0x00000191a570aaa0, 0x00000191a570ac38]
Event: 2.965 Thread 0x00000191bb359880 4522       3       java.nio.HeapByteBuffer::get (14 bytes)
Event: 2.965 Thread 0x00000191a215c270 4523       3       java.nio.Buffer::nextGetIndex (30 bytes)
Event: 2.965 Thread 0x00000191a215c270 nmethod 4523 0x00000191a570ad10 code [0x00000191a570aec0, 0x00000191a570b088]
Event: 2.965 Thread 0x00000191bb359880 nmethod 4522 0x00000191a570b190 code [0x00000191a570b360, 0x00000191a570b648]
Event: 2.965 Thread 0x00000191bb359880 4524       3       java.lang.Class::getMethodsRecursive (99 bytes)
Event: 2.965 Thread 0x00000191bb48dcd0 4526       3       java.lang.reflect.Proxy$ProxyBuilder::addElementTypes (33 bytes)
Event: 2.965 Thread 0x00000191bd21d540 4525       1       java.lang.reflect.Method::getSharedExceptionTypes (5 bytes)
Event: 2.965 Thread 0x00000191bd21d540 nmethod 4525 0x00000191acb1fa10 code [0x00000191acb1fba0, 0x00000191acb1fc78]
Event: 2.966 Thread 0x00000191bb359880 nmethod 4524 0x00000191a570b810 code [0x00000191a570ba40, 0x00000191a570bfe8]
Event: 2.966 Thread 0x00000191bb48dcd0 nmethod 4526 0x00000191a570c310 code [0x00000191a570c500, 0x00000191a570ca88]

GC Heap History (20 events):
Event: 1.619 GC heap before
{Heap before GC invocations=5 (full 0):
 PSYoungGen      total 29696K, used 9368K [0x00000000eab00000, 0x00000000ecc00000, 0x0000000100000000)
  eden space 25600K, 20% used [0x00000000eab00000,0x00000000eb028a48,0x00000000ec400000)
  from space 4096K, 99% used [0x00000000ec800000,0x00000000ecbfd710,0x00000000ecc00000)
  to   space 4096K, 0% used [0x00000000ec400000,0x00000000ec400000,0x00000000ec800000)
 ParOldGen       total 68608K, used 6431K [0x00000000c0000000, 0x00000000c4300000, 0x00000000eab00000)
  object space 68608K, 9% used [0x00000000c0000000,0x00000000c0647c20,0x00000000c4300000)
 Metaspace       used 21083K, committed 21504K, reserved 1114112K
  class space    used 2107K, committed 2304K, reserved 1048576K
}
Event: 1.622 GC heap after
{Heap after GC invocations=5 (full 0):
 PSYoungGen      total 29696K, used 4074K [0x00000000eab00000, 0x00000000ece00000, 0x0000000100000000)
  eden space 25600K, 0% used [0x00000000eab00000,0x00000000eab00000,0x00000000ec400000)
  from space 4096K, 99% used [0x00000000ec400000,0x00000000ec7fa950,0x00000000ec800000)
  to   space 5120K, 0% used [0x00000000ec900000,0x00000000ec900000,0x00000000ece00000)
 ParOldGen       total 68608K, used 6721K [0x00000000c0000000, 0x00000000c4300000, 0x00000000eab00000)
  object space 68608K, 9% used [0x00000000c0000000,0x00000000c06906b8,0x00000000c4300000)
 Metaspace       used 21083K, committed 21504K, reserved 1114112K
  class space    used 2107K, committed 2304K, reserved 1048576K
}
Event: 1.622 GC heap before
{Heap before GC invocations=6 (full 1):
 PSYoungGen      total 29696K, used 4074K [0x00000000eab00000, 0x00000000ece00000, 0x0000000100000000)
  eden space 25600K, 0% used [0x00000000eab00000,0x00000000eab00000,0x00000000ec400000)
  from space 4096K, 99% used [0x00000000ec400000,0x00000000ec7fa950,0x00000000ec800000)
  to   space 5120K, 0% used [0x00000000ec900000,0x00000000ec900000,0x00000000ece00000)
 ParOldGen       total 68608K, used 6721K [0x00000000c0000000, 0x00000000c4300000, 0x00000000eab00000)
  object space 68608K, 9% used [0x00000000c0000000,0x00000000c06906b8,0x00000000c4300000)
 Metaspace       used 21083K, committed 21504K, reserved 1114112K
  class space    used 2107K, committed 2304K, reserved 1048576K
}
Event: 1.638 GC heap after
{Heap after GC invocations=6 (full 1):
 PSYoungGen      total 29696K, used 0K [0x00000000eab00000, 0x00000000ece00000, 0x0000000100000000)
  eden space 25600K, 0% used [0x00000000eab00000,0x00000000eab00000,0x00000000ec400000)
  from space 4096K, 0% used [0x00000000ec400000,0x00000000ec400000,0x00000000ec800000)
  to   space 5120K, 0% used [0x00000000ec900000,0x00000000ec900000,0x00000000ece00000)
 ParOldGen       total 68608K, used 10330K [0x00000000c0000000, 0x00000000c4300000, 0x00000000eab00000)
  object space 68608K, 15% used [0x00000000c0000000,0x00000000c0a16888,0x00000000c4300000)
 Metaspace       used 21083K, committed 21504K, reserved 1114112K
  class space    used 2107K, committed 2304K, reserved 1048576K
}
Event: 1.903 GC heap before
{Heap before GC invocations=7 (full 1):
 PSYoungGen      total 29696K, used 25600K [0x00000000eab00000, 0x00000000ece00000, 0x0000000100000000)
  eden space 25600K, 100% used [0x00000000eab00000,0x00000000ec400000,0x00000000ec400000)
  from space 4096K, 0% used [0x00000000ec400000,0x00000000ec400000,0x00000000ec800000)
  to   space 5120K, 0% used [0x00000000ec900000,0x00000000ec900000,0x00000000ece00000)
 ParOldGen       total 68608K, used 10330K [0x00000000c0000000, 0x00000000c4300000, 0x00000000eab00000)
  object space 68608K, 15% used [0x00000000c0000000,0x00000000c0a16888,0x00000000c4300000)
 Metaspace       used 24440K, committed 24960K, reserved 1114112K
  class space    used 2461K, committed 2688K, reserved 1048576K
}
Event: 1.905 GC heap after
{Heap after GC invocations=7 (full 1):
 PSYoungGen      total 26624K, used 1400K [0x00000000eab00000, 0x00000000eca80000, 0x0000000100000000)
  eden space 25088K, 0% used [0x00000000eab00000,0x00000000eab00000,0x00000000ec380000)
  from space 1536K, 91% used [0x00000000ec900000,0x00000000eca5e160,0x00000000eca80000)
  to   space 3072K, 0% used [0x00000000ec480000,0x00000000ec480000,0x00000000ec780000)
 ParOldGen       total 68608K, used 10338K [0x00000000c0000000, 0x00000000c4300000, 0x00000000eab00000)
  object space 68608K, 15% used [0x00000000c0000000,0x00000000c0a18888,0x00000000c4300000)
 Metaspace       used 24440K, committed 24960K, reserved 1114112K
  class space    used 2461K, committed 2688K, reserved 1048576K
}
Event: 2.061 GC heap before
{Heap before GC invocations=8 (full 1):
 PSYoungGen      total 26624K, used 26328K [0x00000000eab00000, 0x00000000eca80000, 0x0000000100000000)
  eden space 25088K, 99% used [0x00000000eab00000,0x00000000ec358060,0x00000000ec380000)
  from space 1536K, 91% used [0x00000000ec900000,0x00000000eca5e160,0x00000000eca80000)
  to   space 3072K, 0% used [0x00000000ec480000,0x00000000ec480000,0x00000000ec780000)
 ParOldGen       total 68608K, used 10338K [0x00000000c0000000, 0x00000000c4300000, 0x00000000eab00000)
  object space 68608K, 15% used [0x00000000c0000000,0x00000000c0a18888,0x00000000c4300000)
 Metaspace       used 27476K, committed 28096K, reserved 1114112K
  class space    used 2780K, committed 3008K, reserved 1048576K
}
Event: 2.063 GC heap after
{Heap after GC invocations=8 (full 1):
 PSYoungGen      total 27648K, used 3065K [0x00000000eab00000, 0x00000000ecd00000, 0x0000000100000000)
  eden space 24576K, 0% used [0x00000000eab00000,0x00000000eab00000,0x00000000ec300000)
  from space 3072K, 99% used [0x00000000ec480000,0x00000000ec77e468,0x00000000ec780000)
  to   space 5120K, 0% used [0x00000000ec800000,0x00000000ec800000,0x00000000ecd00000)
 ParOldGen       total 68608K, used 11733K [0x00000000c0000000, 0x00000000c4300000, 0x00000000eab00000)
  object space 68608K, 17% used [0x00000000c0000000,0x00000000c0b75640,0x00000000c4300000)
 Metaspace       used 27476K, committed 28096K, reserved 1114112K
  class space    used 2780K, committed 3008K, reserved 1048576K
}
Event: 2.153 GC heap before
{Heap before GC invocations=9 (full 1):
 PSYoungGen      total 27648K, used 27641K [0x00000000eab00000, 0x00000000ecd00000, 0x0000000100000000)
  eden space 24576K, 100% used [0x00000000eab00000,0x00000000ec300000,0x00000000ec300000)
  from space 3072K, 99% used [0x00000000ec480000,0x00000000ec77e468,0x00000000ec780000)
  to   space 5120K, 0% used [0x00000000ec800000,0x00000000ec800000,0x00000000ecd00000)
 ParOldGen       total 68608K, used 11733K [0x00000000c0000000, 0x00000000c4300000, 0x00000000eab00000)
  object space 68608K, 17% used [0x00000000c0000000,0x00000000c0b75640,0x00000000c4300000)
 Metaspace       used 30562K, committed 31232K, reserved 1114112K
  class space    used 3000K, committed 3264K, reserved 1048576K
}
Event: 2.154 GC heap after
{Heap after GC invocations=9 (full 1):
 PSYoungGen      total 27136K, used 3004K [0x00000000eab00000, 0x00000000ecb00000, 0x0000000100000000)
  eden space 24064K, 0% used [0x00000000eab00000,0x00000000eab00000,0x00000000ec280000)
  from space 3072K, 97% used [0x00000000ec800000,0x00000000ecaef380,0x00000000ecb00000)
  to   space 3584K, 0% used [0x00000000ec400000,0x00000000ec400000,0x00000000ec780000)
 ParOldGen       total 68608K, used 11741K [0x00000000c0000000, 0x00000000c4300000, 0x00000000eab00000)
  object space 68608K, 17% used [0x00000000c0000000,0x00000000c0b77640,0x00000000c4300000)
 Metaspace       used 30562K, committed 31232K, reserved 1114112K
  class space    used 3000K, committed 3264K, reserved 1048576K
}
Event: 2.256 GC heap before
{Heap before GC invocations=10 (full 1):
 PSYoungGen      total 27136K, used 27068K [0x00000000eab00000, 0x00000000ecb00000, 0x0000000100000000)
  eden space 24064K, 100% used [0x00000000eab00000,0x00000000ec280000,0x00000000ec280000)
  from space 3072K, 97% used [0x00000000ec800000,0x00000000ecaef380,0x00000000ecb00000)
  to   space 3584K, 0% used [0x00000000ec400000,0x00000000ec400000,0x00000000ec780000)
 ParOldGen       total 68608K, used 11741K [0x00000000c0000000, 0x00000000c4300000, 0x00000000eab00000)
  object space 68608K, 17% used [0x00000000c0000000,0x00000000c0b77640,0x00000000c4300000)
 Metaspace       used 32871K, committed 33536K, reserved 1114112K
  class space    used 3185K, committed 3456K, reserved 1048576K
}
Event: 2.258 GC heap after
{Heap after GC invocations=10 (full 1):
 PSYoungGen      total 26624K, used 2613K [0x00000000eab00000, 0x00000000ec880000, 0x0000000100000000)
  eden space 23552K, 0% used [0x00000000eab00000,0x00000000eab00000,0x00000000ec200000)
  from space 3072K, 85% used [0x00000000ec400000,0x00000000ec68d5f0,0x00000000ec700000)
  to   space 1536K, 0% used [0x00000000ec700000,0x00000000ec700000,0x00000000ec880000)
 ParOldGen       total 68608K, used 12853K [0x00000000c0000000, 0x00000000c4300000, 0x00000000eab00000)
  object space 68608K, 18% used [0x00000000c0000000,0x00000000c0c8d4f0,0x00000000c4300000)
 Metaspace       used 32871K, committed 33536K, reserved 1114112K
  class space    used 3185K, committed 3456K, reserved 1048576K
}
Event: 2.386 GC heap before
{Heap before GC invocations=11 (full 1):
 PSYoungGen      total 26624K, used 14932K [0x00000000eab00000, 0x00000000ec880000, 0x0000000100000000)
  eden space 23552K, 52% used [0x00000000eab00000,0x00000000eb707b48,0x00000000ec200000)
  from space 3072K, 85% used [0x00000000ec400000,0x00000000ec68d5f0,0x00000000ec700000)
  to   space 1536K, 0% used [0x00000000ec700000,0x00000000ec700000,0x00000000ec880000)
 ParOldGen       total 68608K, used 12853K [0x00000000c0000000, 0x00000000c4300000, 0x00000000eab00000)
  object space 68608K, 18% used [0x00000000c0000000,0x00000000c0c8d4f0,0x00000000c4300000)
 Metaspace       used 35043K, committed 35904K, reserved 1114112K
  class space    used 3426K, committed 3776K, reserved 1048576K
}
Event: 2.388 GC heap after
{Heap after GC invocations=11 (full 1):
 PSYoungGen      total 25088K, used 1512K [0x00000000eab00000, 0x00000000eca00000, 0x0000000100000000)
  eden space 23552K, 0% used [0x00000000eab00000,0x00000000eab00000,0x00000000ec200000)
  from space 1536K, 98% used [0x00000000ec700000,0x00000000ec87a208,0x00000000ec880000)
  to   space 4096K, 0% used [0x00000000ec200000,0x00000000ec200000,0x00000000ec600000)
 ParOldGen       total 68608K, used 14828K [0x00000000c0000000, 0x00000000c4300000, 0x00000000eab00000)
  object space 68608K, 21% used [0x00000000c0000000,0x00000000c0e7b090,0x00000000c4300000)
 Metaspace       used 35043K, committed 35904K, reserved 1114112K
  class space    used 3426K, committed 3776K, reserved 1048576K
}
Event: 2.424 GC heap before
{Heap before GC invocations=12 (full 1):
 PSYoungGen      total 25088K, used 5003K [0x00000000eab00000, 0x00000000eca00000, 0x0000000100000000)
  eden space 23552K, 14% used [0x00000000eab00000,0x00000000eae68c20,0x00000000ec200000)
  from space 1536K, 98% used [0x00000000ec700000,0x00000000ec87a208,0x00000000ec880000)
  to   space 4096K, 0% used [0x00000000ec200000,0x00000000ec200000,0x00000000ec600000)
 ParOldGen       total 68608K, used 14828K [0x00000000c0000000, 0x00000000c4300000, 0x00000000eab00000)
  object space 68608K, 21% used [0x00000000c0000000,0x00000000c0e7b090,0x00000000c4300000)
 Metaspace       used 35435K, committed 36160K, reserved 1114112K
  class space    used 3472K, committed 3776K, reserved 1048576K
}
Event: 2.425 GC heap after
{Heap after GC invocations=12 (full 1):
 PSYoungGen      total 24064K, used 448K [0x00000000eab00000, 0x00000000ec780000, 0x0000000100000000)
  eden space 23552K, 0% used [0x00000000eab00000,0x00000000eab00000,0x00000000ec200000)
  from space 512K, 87% used [0x00000000ec200000,0x00000000ec270000,0x00000000ec280000)
  to   space 2048K, 0% used [0x00000000ec580000,0x00000000ec580000,0x00000000ec780000)
 ParOldGen       total 68608K, used 16259K [0x00000000c0000000, 0x00000000c4300000, 0x00000000eab00000)
  object space 68608K, 23% used [0x00000000c0000000,0x00000000c0fe0e18,0x00000000c4300000)
 Metaspace       used 35435K, committed 36160K, reserved 1114112K
  class space    used 3472K, committed 3776K, reserved 1048576K
}
Event: 2.425 GC heap before
{Heap before GC invocations=13 (full 2):
 PSYoungGen      total 24064K, used 448K [0x00000000eab00000, 0x00000000ec780000, 0x0000000100000000)
  eden space 23552K, 0% used [0x00000000eab00000,0x00000000eab00000,0x00000000ec200000)
  from space 512K, 87% used [0x00000000ec200000,0x00000000ec270000,0x00000000ec280000)
  to   space 2048K, 0% used [0x00000000ec580000,0x00000000ec580000,0x00000000ec780000)
 ParOldGen       total 68608K, used 16259K [0x00000000c0000000, 0x00000000c4300000, 0x00000000eab00000)
  object space 68608K, 23% used [0x00000000c0000000,0x00000000c0fe0e18,0x00000000c4300000)
 Metaspace       used 35435K, committed 36160K, reserved 1114112K
  class space    used 3472K, committed 3776K, reserved 1048576K
}
Event: 2.446 GC heap after
{Heap after GC invocations=13 (full 2):
 PSYoungGen      total 24064K, used 0K [0x00000000eab00000, 0x00000000ec780000, 0x0000000100000000)
  eden space 23552K, 0% used [0x00000000eab00000,0x00000000eab00000,0x00000000ec200000)
  from space 512K, 0% used [0x00000000ec200000,0x00000000ec200000,0x00000000ec280000)
  to   space 2048K, 0% used [0x00000000ec580000,0x00000000ec580000,0x00000000ec780000)
 ParOldGen       total 68608K, used 13582K [0x00000000c0000000, 0x00000000c4300000, 0x00000000eab00000)
  object space 68608K, 19% used [0x00000000c0000000,0x00000000c0d43ac0,0x00000000c4300000)
 Metaspace       used 35422K, committed 36160K, reserved 1114112K
  class space    used 3468K, committed 3776K, reserved 1048576K
}
Event: 2.711 GC heap before
{Heap before GC invocations=14 (full 2):
 PSYoungGen      total 24064K, used 23552K [0x00000000eab00000, 0x00000000ec780000, 0x0000000100000000)
  eden space 23552K, 100% used [0x00000000eab00000,0x00000000ec200000,0x00000000ec200000)
  from space 512K, 0% used [0x00000000ec200000,0x00000000ec200000,0x00000000ec280000)
  to   space 2048K, 0% used [0x00000000ec580000,0x00000000ec580000,0x00000000ec780000)
 ParOldGen       total 68608K, used 13582K [0x00000000c0000000, 0x00000000c4300000, 0x00000000eab00000)
  object space 68608K, 19% used [0x00000000c0000000,0x00000000c0d43ac0,0x00000000c4300000)
 Metaspace       used 38601K, committed 39488K, reserved 1114112K
  class space    used 3878K, committed 4288K, reserved 1048576K
}
Event: 2.712 GC heap after
{Heap after GC invocations=14 (full 2):
 PSYoungGen      total 24576K, used 1241K [0x00000000eab00000, 0x00000000ec700000, 0x0000000100000000)
  eden space 23040K, 0% used [0x00000000eab00000,0x00000000eab00000,0x00000000ec180000)
  from space 1536K, 80% used [0x00000000ec580000,0x00000000ec6b67d8,0x00000000ec700000)
  to   space 1536K, 0% used [0x00000000ec400000,0x00000000ec400000,0x00000000ec580000)
 ParOldGen       total 68608K, used 13590K [0x00000000c0000000, 0x00000000c4300000, 0x00000000eab00000)
  object space 68608K, 19% used [0x00000000c0000000,0x00000000c0d45ac0,0x00000000c4300000)
 Metaspace       used 38601K, committed 39488K, reserved 1114112K
  class space    used 3878K, committed 4288K, reserved 1048576K
}

Dll operation events (10 events):
Event: 0.008 Loaded shared library c:\Users\Legion\.vscode\extensions\redhat.java-1.24.0-win32-x64\jre\17.0.8.1-win32-x86_64\bin\java.dll
Event: 0.147 Loaded shared library c:\Users\Legion\.vscode\extensions\redhat.java-1.24.0-win32-x64\jre\17.0.8.1-win32-x86_64\bin\zip.dll
Event: 0.149 Loaded shared library C:\Users\Legion\.vscode\extensions\redhat.java-1.24.0-win32-x64\jre\17.0.8.1-win32-x86_64\bin\instrument.dll
Event: 0.162 Loaded shared library C:\Users\Legion\.vscode\extensions\redhat.java-1.24.0-win32-x64\jre\17.0.8.1-win32-x86_64\bin\net.dll
Event: 0.163 Loaded shared library C:\Users\Legion\.vscode\extensions\redhat.java-1.24.0-win32-x64\jre\17.0.8.1-win32-x86_64\bin\nio.dll
Event: 0.169 Loaded shared library C:\Users\Legion\.vscode\extensions\redhat.java-1.24.0-win32-x64\jre\17.0.8.1-win32-x86_64\bin\zip.dll
Event: 0.183 Loaded shared library C:\Users\Legion\.vscode\extensions\redhat.java-1.24.0-win32-x64\jre\17.0.8.1-win32-x86_64\bin\jimage.dll
Event: 0.220 Loaded shared library c:\Users\Legion\.vscode\extensions\redhat.java-1.24.0-win32-x64\jre\17.0.8.1-win32-x86_64\bin\verify.dll
Event: 0.965 Loaded shared library C:\Users\Legion\AppData\Roaming\Code\User\globalStorage\redhat.java\1.24.0\config_win\org.eclipse.equinox.launcher\org.eclipse.equinox.launcher.win32.win32.x86_64_1.2.700.v20221108-1024\eclipse_11801.dll
Event: 2.485 Loaded shared library C:\Users\Legion\AppData\Local\Temp\jna--2022703270\jna16026132801237902833.dll

Deoptimization events (20 events):
Event: 2.762 Thread 0x00000191bd41d670 Uncommon trap: trap_request=0xffffff45 fr.pc=0x00000191aca835f0 relative=0x0000000000000830
Event: 2.762 Thread 0x00000191bd41d670 Uncommon trap: reason=unstable_if action=reinterpret pc=0x00000191aca835f0 method=java.io.BufferedInputStream.read([BII)I @ 31 c2
Event: 2.762 Thread 0x00000191bd41d670 DEOPT PACKING pc=0x00000191aca835f0 sp=0x0000003f2b5fe8b0
Event: 2.762 Thread 0x00000191bd41d670 DEOPT UNPACKING pc=0x00000191ac219ea3 sp=0x0000003f2b5fe888 mode 2
Event: 2.762 Thread 0x00000191bd41d670 Uncommon trap: trap_request=0xffffffde fr.pc=0x00000191aca8d230 relative=0x0000000000000090
Event: 2.762 Thread 0x00000191bd41d670 Uncommon trap: reason=class_check action=maybe_recompile pc=0x00000191aca8d230 method=java.lang.Character.codePointAt(Ljava/lang/CharSequence;I)I @ 2 c2
Event: 2.762 Thread 0x00000191bd41d670 DEOPT PACKING pc=0x00000191aca8d230 sp=0x0000003f2b5fe6d0
Event: 2.762 Thread 0x00000191bd41d670 DEOPT UNPACKING pc=0x00000191ac219ea3 sp=0x0000003f2b5fe658 mode 2
Event: 2.762 Thread 0x00000191bd41d670 Uncommon trap: trap_request=0xffffffde fr.pc=0x00000191aca8d230 relative=0x0000000000000090
Event: 2.762 Thread 0x00000191bd41d670 Uncommon trap: reason=class_check action=maybe_recompile pc=0x00000191aca8d230 method=java.lang.Character.codePointAt(Ljava/lang/CharSequence;I)I @ 2 c2
Event: 2.762 Thread 0x00000191bd41d670 DEOPT PACKING pc=0x00000191aca8d230 sp=0x0000003f2b5fe6d0
Event: 2.762 Thread 0x00000191bd41d670 DEOPT UNPACKING pc=0x00000191ac219ea3 sp=0x0000003f2b5fe658 mode 2
Event: 2.762 Thread 0x00000191bd41d670 Uncommon trap: trap_request=0xffffffde fr.pc=0x00000191aca8d230 relative=0x0000000000000090
Event: 2.762 Thread 0x00000191bd41d670 Uncommon trap: reason=class_check action=maybe_recompile pc=0x00000191aca8d230 method=java.lang.Character.codePointAt(Ljava/lang/CharSequence;I)I @ 2 c2
Event: 2.762 Thread 0x00000191bd41d670 DEOPT PACKING pc=0x00000191aca8d230 sp=0x0000003f2b5fe6d0
Event: 2.762 Thread 0x00000191bd41d670 DEOPT UNPACKING pc=0x00000191ac219ea3 sp=0x0000003f2b5fe658 mode 2
Event: 2.762 Thread 0x00000191bd41d670 Uncommon trap: trap_request=0xffffffde fr.pc=0x00000191aca8d230 relative=0x0000000000000090
Event: 2.762 Thread 0x00000191bd41d670 Uncommon trap: reason=class_check action=maybe_recompile pc=0x00000191aca8d230 method=java.lang.Character.codePointAt(Ljava/lang/CharSequence;I)I @ 2 c2
Event: 2.762 Thread 0x00000191bd41d670 DEOPT PACKING pc=0x00000191aca8d230 sp=0x0000003f2b5fe6d0
Event: 2.762 Thread 0x00000191bd41d670 DEOPT UNPACKING pc=0x00000191ac219ea3 sp=0x0000003f2b5fe658 mode 2

Classes unloaded (7 events):
Event: 2.429 Thread 0x00000191b5f671e0 Unloading class 0x0000000100250000 'java/lang/invoke/LambdaForm$MH+0x0000000100250000'
Event: 2.429 Thread 0x00000191b5f671e0 Unloading class 0x000000010024fc00 'java/lang/invoke/LambdaForm$MH+0x000000010024fc00'
Event: 2.429 Thread 0x00000191b5f671e0 Unloading class 0x000000010024f800 'java/lang/invoke/LambdaForm$MH+0x000000010024f800'
Event: 2.429 Thread 0x00000191b5f671e0 Unloading class 0x000000010024f400 'java/lang/invoke/LambdaForm$MH+0x000000010024f400'
Event: 2.429 Thread 0x00000191b5f671e0 Unloading class 0x000000010024f000 'java/lang/invoke/LambdaForm$BMH+0x000000010024f000'
Event: 2.429 Thread 0x00000191b5f671e0 Unloading class 0x000000010024ec00 'java/lang/invoke/LambdaForm$DMH+0x000000010024ec00'
Event: 2.429 Thread 0x00000191b5f671e0 Unloading class 0x000000010024c000 'java/lang/invoke/LambdaForm$DMH+0x000000010024c000'

Classes redefined (0 events):
No events

Internal exceptions (20 events):
Event: 2.234 Thread 0x00000191bd41f9e0 Exception <a 'java/lang/NoSuchMethodError'{0x00000000ebfda4a8}: 'void java.lang.invoke.DirectMethodHandle$Holder.invokeVirtual(java.lang.Object, java.lang.Object)'> (0x00000000ebfda4a8) 
thrown [s\src\hotspot\share\interpreter\linkResolver.cpp, line 759]
Event: 2.258 Thread 0x00000191bd41f9e0 Exception <a 'java/lang/NoSuchMethodError'{0x00000000eab022a8}: 'java.lang.Object java.lang.invoke.DirectMethodHandle$Holder.invokeStaticInit(java.lang.Object, int, int, int, int)'> (0x00000000eab022a8) 
thrown [s\src\hotspot\share\interpreter\linkResolver.cpp, line 759]
Event: 2.287 Thread 0x00000191bd41f9e0 Exception <a 'java/lang/NoSuchMethodError'{0x00000000eabe7e50}: 'java.lang.Object java.lang.invoke.DirectMethodHandle$Holder.invokeStaticInit(java.lang.Object, java.lang.Object, int, int, int, int)'> (0x00000000eabe7e50) 
thrown [s\src\hotspot\share\interpreter\linkResolver.cpp, line 759]
Event: 2.303 Thread 0x00000191bd41f9e0 Exception <a 'sun/nio/fs/WindowsException'{0x00000000eada7700}> (0x00000000eada7700) 
thrown [s\src\hotspot\share\prims\jni.cpp, line 516]
Event: 2.350 Thread 0x00000191bd41f9e0 Exception <a 'java/lang/ClassNotFoundException'{0x00000000eb3bbeb8}: com/sun/org/apache/xml/internal/serializer/spi/XMLEntitiesProvider> (0x00000000eb3bbeb8) 
thrown [s\src\hotspot\share\classfile\systemDictionary.cpp, line 256]
Event: 2.450 Thread 0x00000191bd41e090 Exception <a 'java/io/FileNotFoundException'{0x00000000eab78d20}> (0x00000000eab78d20) 
thrown [s\src\hotspot\share\prims\jni.cpp, line 516]
Event: 2.451 Thread 0x00000191bd41e090 Exception <a 'java/io/FileNotFoundException'{0x00000000eab79f98}> (0x00000000eab79f98) 
thrown [s\src\hotspot\share\prims\jni.cpp, line 516]
Event: 2.460 Thread 0x00000191bd41f9e0 Exception <a 'java/io/FileNotFoundException'{0x00000000eac3dd88}> (0x00000000eac3dd88) 
thrown [s\src\hotspot\share\prims\jni.cpp, line 516]
Event: 2.506 Thread 0x00000191bd41f9e0 Exception <a 'java/lang/UnsatisfiedLinkError'{0x00000000eaf3b030}: The specified procedure could not be found.
> (0x00000000eaf3b030) 
thrown [s\src\hotspot\share\prims\jni.cpp, line 535]
Event: 2.509 Thread 0x00000191bd41f9e0 Exception <a 'java/io/FileNotFoundException'{0x00000000eaf60868}> (0x00000000eaf60868) 
thrown [s\src\hotspot\share\prims\jni.cpp, line 516]
Event: 2.514 Thread 0x00000191bd41f9e0 Exception <a 'java/io/FileNotFoundException'{0x00000000eafe2fa8}> (0x00000000eafe2fa8) 
thrown [s\src\hotspot\share\prims\jni.cpp, line 516]
Event: 2.521 Thread 0x00000191bd41f9e0 Exception <a 'java/lang/UnsatisfiedLinkError'{0x00000000eb0713e8}: The specified procedure could not be found.
> (0x00000000eb0713e8) 
thrown [s\src\hotspot\share\prims\jni.cpp, line 535]
Event: 2.551 Thread 0x00000191a20fae90 Exception <a 'java/lang/NoSuchMethodError'{0x00000000eb28ee18}: 'java.lang.Object java.lang.invoke.DirectMethodHandle$Holder.invokeStatic(java.lang.Object, java.lang.Object, long, java.lang.Object)'> (0x00000000eb28ee18) 
thrown [s\src\hotspot\share\interpreter\linkResolver.cpp, line 759]
Event: 2.551 Thread 0x00000191a20fae90 Exception <a 'java/lang/NoSuchMethodError'{0x00000000eb292b08}: 'java.lang.Object java.lang.invoke.DirectMethodHandle$Holder.invokeStaticInit(java.lang.Object, java.lang.Object, long, java.lang.Object)'> (0x00000000eb292b08) 
thrown [s\src\hotspot\share\interpreter\linkResolver.cpp, line 759]
Event: 2.552 Thread 0x00000191a20fae90 Exception <a 'java/lang/NoSuchMethodError'{0x00000000eb299360}: 'java.lang.Object java.lang.invoke.DirectMethodHandle$Holder.newInvokeSpecial(java.lang.Object, java.lang.Object, long)'> (0x00000000eb299360) 
thrown [s\src\hotspot\share\interpreter\linkResolver.cpp, line 759]
Event: 2.585 Thread 0x00000191a20fae90 Exception <a 'java/lang/NoSuchMethodError'{0x00000000eb470048}: 'void java.lang.invoke.DirectMethodHandle$Holder.invokeStatic(java.lang.Object, java.lang.Object, java.lang.Object, java.lang.Object)'> (0x00000000eb470048) 
thrown [s\src\hotspot\share\interpreter\linkResolver.cpp, line 759]
Event: 2.674 Thread 0x00000191a20fae90 Exception <a 'java/lang/NoSuchMethodError'{0x00000000ebeec810}: 'void java.lang.invoke.DirectMethodHandle$Holder.invokeSpecial(java.lang.Object, java.lang.Object, java.lang.Object, java.lang.Object, java.lang.Object, java.lang.Object)'> (0x00000000ebeec810) 
thrown [s\src\hotspot\share\interpreter\linkResolver.cpp, line 759]
Event: 2.676 Thread 0x00000191a20fae90 Exception <a 'java/lang/IncompatibleClassChangeError'{0x00000000ebefacc0}: Found class java.lang.Object, but interface was expected> (0x00000000ebefacc0) 
thrown [s\src\hotspot\share\interpreter\linkResolver.cpp, line 826]
Event: 2.774 Thread 0x00000191bd41d670 Exception <a 'java/lang/NoSuchMethodError'{0x00000000eafee360}: 'java.lang.Object java.lang.invoke.DirectMethodHandle$Holder.invokeSpecialIFC(java.lang.Object, java.lang.Object, java.lang.Object, java.lang.Object)'> (0x00000000eafee360) 
thrown [s\src\hotspot\share\interpreter\linkResolver.cpp, line 759]
Event: 2.892 Thread 0x00000191bd41d670 Exception <a 'java/lang/NoSuchMethodError'{0x00000000eb90e598}: 'int java.lang.invoke.DirectMethodHandle$Holder.invokeSpecialIFC(java.lang.Object, java.lang.Object, java.lang.Object, java.lang.Object, java.lang.Object)'> (0x00000000eb90e598) 
thrown [s\src\hotspot\share\interpreter\linkResolver.cpp, line 759]

VM Operations (20 events):
Event: 2.349 Executing VM operation: HandshakeAllThreads
Event: 2.349 Executing VM operation: HandshakeAllThreads done
Event: 2.352 Executing VM operation: HandshakeAllThreads
Event: 2.352 Executing VM operation: HandshakeAllThreads done
Event: 2.382 Executing VM operation: HandshakeAllThreads
Event: 2.382 Executing VM operation: HandshakeAllThreads done
Event: 2.386 Executing VM operation: CollectForMetadataAllocation
Event: 2.386 Executing VM operation: CollectForMetadataAllocation done
Event: 2.386 Executing VM operation: ParallelGCSystemGC
Event: 2.388 Executing VM operation: ParallelGCSystemGC done
Event: 2.424 Executing VM operation: CollectForMetadataAllocation
Event: 2.446 Executing VM operation: CollectForMetadataAllocation done
Event: 2.496 Executing VM operation: HandshakeAllThreads
Event: 2.496 Executing VM operation: HandshakeAllThreads done
Event: 2.711 Executing VM operation: ParallelGCFailedAllocation
Event: 2.712 Executing VM operation: ParallelGCFailedAllocation done
Event: 2.754 Executing VM operation: HandshakeAllThreads
Event: 2.754 Executing VM operation: HandshakeAllThreads done
Event: 2.782 Executing VM operation: HandshakeAllThreads
Event: 2.782 Executing VM operation: HandshakeAllThreads done

Events (20 events):
Event: 2.868 loading class sun/reflect/annotation/TypeAnnotation$TypeAnnotationTarget
Event: 2.868 loading class sun/reflect/annotation/TypeAnnotation$TypeAnnotationTarget done
Event: 2.868 loading class sun/reflect/annotation/TypeAnnotation$LocationInfo
Event: 2.868 loading class sun/reflect/annotation/TypeAnnotation$LocationInfo done
Event: 2.868 loading class sun/reflect/annotation/TypeAnnotation$LocationInfo$Location
Event: 2.868 loading class sun/reflect/annotation/TypeAnnotation$LocationInfo$Location done
Event: 2.868 loading class sun/reflect/annotation/AnnotatedTypeFactory
Event: 2.868 loading class sun/reflect/annotation/AnnotatedTypeFactory done
Event: 2.869 loading class sun/reflect/annotation/AnnotatedTypeFactory$AnnotatedTypeBaseImpl
Event: 2.869 loading class sun/reflect/annotation/AnnotatedTypeFactory$AnnotatedTypeBaseImpl done
Event: 2.869 loading class java/util/stream/Streams$ConcatSpliterator$OfRef
Event: 2.869 loading class java/util/stream/Streams$ConcatSpliterator
Event: 2.869 loading class java/util/stream/Streams$ConcatSpliterator done
Event: 2.869 loading class java/util/stream/Streams$ConcatSpliterator$OfRef done
Event: 2.869 loading class java/util/stream/Streams$2
Event: 2.869 loading class java/util/stream/Streams$2 done
Event: 2.902 loading class java/util/stream/SortedOps$SizedRefSortingSink
Event: 2.902 loading class java/util/stream/SortedOps$SizedRefSortingSink done
Event: 2.929 loading class java/lang/annotation/ElementType
Event: 2.929 loading class java/lang/annotation/ElementType done


Dynamic libraries:
0x00007ff76d210000 - 0x00007ff76d21e000 	c:\Users\Legion\.vscode\extensions\redhat.java-1.24.0-win32-x64\jre\17.0.8.1-win32-x86_64\bin\java.exe
0x00007fff8cf10000 - 0x00007fff8d127000 	C:\WINDOWS\SYSTEM32\ntdll.dll
0x00007fff8b490000 - 0x00007fff8b554000 	C:\WINDOWS\System32\KERNEL32.DLL
0x00007fff8a460000 - 0x00007fff8a805000 	C:\WINDOWS\System32\KERNELBASE.dll
0x00007fff8aa50000 - 0x00007fff8ab61000 	C:\WINDOWS\System32\ucrtbase.dll
0x00007fff6ec50000 - 0x00007fff6ec69000 	c:\Users\Legion\.vscode\extensions\redhat.java-1.24.0-win32-x64\jre\17.0.8.1-win32-x86_64\bin\VCRUNTIME140.dll
0x00007fff76020000 - 0x00007fff76037000 	c:\Users\Legion\.vscode\extensions\redhat.java-1.24.0-win32-x64\jre\17.0.8.1-win32-x86_64\bin\jli.dll
0x00007fff8cba0000 - 0x00007fff8cd4e000 	C:\WINDOWS\System32\USER32.dll
0x00007fff8a810000 - 0x00007fff8a836000 	C:\WINDOWS\System32\win32u.dll
0x00007fff766c0000 - 0x00007fff76953000 	C:\WINDOWS\WinSxS\amd64_microsoft.windows.common-controls_6595b64144ccf1df_6.0.22621.2506_none_270c5ae97388e100\COMCTL32.dll
0x00007fff8cd50000 - 0x00007fff8cd79000 	C:\WINDOWS\System32\GDI32.dll
0x00007fff8af00000 - 0x00007fff8afa7000 	C:\WINDOWS\System32\msvcrt.dll
0x00007fff8a280000 - 0x00007fff8a399000 	C:\WINDOWS\System32\gdi32full.dll
0x00007fff8a9b0000 - 0x00007fff8aa4a000 	C:\WINDOWS\System32\msvcp_win.dll
0x00007fff8b1b0000 - 0x00007fff8b1e1000 	C:\WINDOWS\System32\IMM32.DLL
0x00007fff762d0000 - 0x00007fff762dc000 	c:\Users\Legion\.vscode\extensions\redhat.java-1.24.0-win32-x64\jre\17.0.8.1-win32-x86_64\bin\vcruntime140_1.dll
0x00007fff2e820000 - 0x00007fff2e8b1000 	c:\Users\Legion\.vscode\extensions\redhat.java-1.24.0-win32-x64\jre\17.0.8.1-win32-x86_64\bin\msvcp140.dll
0x00007ffeb9ca0000 - 0x00007ffeba8ec000 	c:\Users\Legion\.vscode\extensions\redhat.java-1.24.0-win32-x64\jre\17.0.8.1-win32-x86_64\bin\server\jvm.dll
0x00007fff8ce00000 - 0x00007fff8ceb1000 	C:\WINDOWS\System32\ADVAPI32.dll
0x00007fff8ae50000 - 0x00007fff8aef6000 	C:\WINDOWS\System32\sechost.dll
0x00007fff8b560000 - 0x00007fff8b677000 	C:\WINDOWS\System32\RPCRT4.dll
0x00007fff89090000 - 0x00007fff890dd000 	C:\WINDOWS\SYSTEM32\POWRPROF.dll
0x00007fff75e60000 - 0x00007fff75e69000 	C:\WINDOWS\SYSTEM32\WSOCK32.dll
0x00007fff80a10000 - 0x00007fff80a44000 	C:\WINDOWS\SYSTEM32\WINMM.dll
0x00007fff828e0000 - 0x00007fff828ea000 	C:\WINDOWS\SYSTEM32\VERSION.dll
0x00007fff8cd80000 - 0x00007fff8cdf1000 	C:\WINDOWS\System32\WS2_32.dll
0x00007fff89070000 - 0x00007fff89083000 	C:\WINDOWS\SYSTEM32\UMPDC.dll
0x00007fff892d0000 - 0x00007fff892e8000 	C:\WINDOWS\SYSTEM32\kernel.appcore.dll
0x00007fff761f0000 - 0x00007fff761fa000 	c:\Users\Legion\.vscode\extensions\redhat.java-1.24.0-win32-x64\jre\17.0.8.1-win32-x86_64\bin\jimage.dll
0x00007fff87570000 - 0x00007fff877a3000 	C:\WINDOWS\SYSTEM32\DBGHELP.DLL
0x00007fff8c810000 - 0x00007fff8cb99000 	C:\WINDOWS\System32\combase.dll
0x00007fff8ac60000 - 0x00007fff8ad37000 	C:\WINDOWS\System32\OLEAUT32.dll
0x00007fff69440000 - 0x00007fff69472000 	C:\WINDOWS\SYSTEM32\dbgcore.DLL
0x00007fff8abe0000 - 0x00007fff8ac5a000 	C:\WINDOWS\System32\bcryptPrimitives.dll
0x00007fff75fa0000 - 0x00007fff75fae000 	c:\Users\Legion\.vscode\extensions\redhat.java-1.24.0-win32-x64\jre\17.0.8.1-win32-x86_64\bin\instrument.dll
0x00007fff4c530000 - 0x00007fff4c555000 	c:\Users\Legion\.vscode\extensions\redhat.java-1.24.0-win32-x64\jre\17.0.8.1-win32-x86_64\bin\java.dll
0x00007fff67360000 - 0x00007fff67378000 	c:\Users\Legion\.vscode\extensions\redhat.java-1.24.0-win32-x64\jre\17.0.8.1-win32-x86_64\bin\zip.dll
0x00007fff8b7e0000 - 0x00007fff8c039000 	C:\WINDOWS\System32\SHELL32.dll
0x00007fff88160000 - 0x00007fff88a54000 	C:\WINDOWS\SYSTEM32\windows.storage.dll
0x00007fff88020000 - 0x00007fff8815e000 	C:\WINDOWS\SYSTEM32\wintypes.dll
0x00007fff8c6a0000 - 0x00007fff8c793000 	C:\WINDOWS\System32\SHCORE.dll
0x00007fff8b0c0000 - 0x00007fff8b11e000 	C:\WINDOWS\System32\shlwapi.dll
0x00007fff8a1b0000 - 0x00007fff8a1d6000 	C:\WINDOWS\SYSTEM32\profapi.dll
0x00007fff49340000 - 0x00007fff49359000 	C:\Users\Legion\.vscode\extensions\redhat.java-1.24.0-win32-x64\jre\17.0.8.1-win32-x86_64\bin\net.dll
0x00007fff82580000 - 0x00007fff826b7000 	C:\WINDOWS\SYSTEM32\WINHTTP.dll
0x00007fff897b0000 - 0x00007fff89819000 	C:\WINDOWS\system32\mswsock.dll
0x00007fff49320000 - 0x00007fff49335000 	C:\Users\Legion\.vscode\extensions\redhat.java-1.24.0-win32-x64\jre\17.0.8.1-win32-x86_64\bin\nio.dll
0x00007fff75d50000 - 0x00007fff75d60000 	c:\Users\Legion\.vscode\extensions\redhat.java-1.24.0-win32-x64\jre\17.0.8.1-win32-x86_64\bin\verify.dll
0x00007fff373c0000 - 0x00007fff373fe000 	C:\Users\Legion\AppData\Roaming\Code\User\globalStorage\redhat.java\1.24.0\config_win\org.eclipse.equinox.launcher\org.eclipse.equinox.launcher.win32.win32.x86_64_1.2.700.v20221108-1024\eclipse_11801.dll
0x00007fff8b2f0000 - 0x00007fff8b490000 	C:\WINDOWS\System32\ole32.dll
0x00007fff899d0000 - 0x00007fff899eb000 	C:\WINDOWS\SYSTEM32\CRYPTSP.dll
0x00007fff89290000 - 0x00007fff892c5000 	C:\WINDOWS\system32\rsaenh.dll
0x00007fff89870000 - 0x00007fff8989c000 	C:\WINDOWS\SYSTEM32\USERENV.dll
0x00007fff89c10000 - 0x00007fff89c38000 	C:\WINDOWS\SYSTEM32\bcrypt.dll
0x00007fff899f0000 - 0x00007fff899fc000 	C:\WINDOWS\SYSTEM32\CRYPTBASE.dll
0x00007fff88d70000 - 0x00007fff88d9d000 	C:\WINDOWS\SYSTEM32\IPHLPAPI.DLL
0x00007fff8b030000 - 0x00007fff8b039000 	C:\WINDOWS\System32\NSI.dll
0x00007fff828c0000 - 0x00007fff828d9000 	C:\WINDOWS\SYSTEM32\dhcpcsvc6.DLL
0x00007fff82560000 - 0x00007fff8257f000 	C:\WINDOWS\SYSTEM32\dhcpcsvc.DLL
0x00007fff88da0000 - 0x00007fff88e99000 	C:\WINDOWS\SYSTEM32\DNSAPI.dll
0x00007fff2ea00000 - 0x00007fff2ea45000 	C:\Users\Legion\AppData\Local\Temp\jna--2022703270\jna16026132801237902833.dll
0x00007fff8b7d0000 - 0x00007fff8b7d8000 	C:\WINDOWS\System32\PSAPI.DLL

dbghelp: loaded successfully - version: 4.0.5 - missing functions: none
symbol engine: initialized successfully - sym options: 0x614 - pdb path: .;c:\Users\Legion\.vscode\extensions\redhat.java-1.24.0-win32-x64\jre\17.0.8.1-win32-x86_64\bin;C:\WINDOWS\SYSTEM32;C:\WINDOWS\WinSxS\amd64_microsoft.windows.common-controls_6595b64144ccf1df_6.0.22621.2506_none_270c5ae97388e100;c:\Users\Legion\.vscode\extensions\redhat.java-1.24.0-win32-x64\jre\17.0.8.1-win32-x86_64\bin\server;C:\Users\Legion\AppData\Roaming\Code\User\globalStorage\redhat.java\1.24.0\config_win\org.eclipse.equinox.launcher\org.eclipse.equinox.launcher.win32.win32.x86_64_1.2.700.v20221108-1024;C:\Users\Legion\AppData\Local\Temp\jna--2022703270

VM Arguments:
jvm_args: --add-modules=ALL-SYSTEM --add-opens=java.base/java.util=ALL-UNNAMED --add-opens=java.base/java.lang=ALL-UNNAMED --add-opens=java.base/sun.nio.fs=ALL-UNNAMED -Declipse.application=org.eclipse.jdt.ls.core.id1 -Dosgi.bundles.defaultStartLevel=4 -Declipse.product=org.eclipse.jdt.ls.core.product -Djava.import.generatesMetadataFilesAtProjectRoot=false -DDetectVMInstallationsJob.disabled=true -Dfile.encoding=utf8 -XX:+UseParallelGC -XX:GCTimeRatio=4 -XX:AdaptiveSizePolicyWeight=90 -Dsun.zip.disableMemoryMapping=true -Xmx1G -Xms100m -Xlog:disable -javaagent:c:\Users\Legion\.vscode\extensions\redhat.java-1.24.0-win32-x64\lombok\lombok-1.18.30.jar -XX:+HeapDumpOnOutOfMemoryError -XX:HeapDumpPath=c:\Users\Legion\AppData\Roaming\Code\User\workspaceStorage\13b20aa23176f2ed0425dcaf36fe3239\redhat.java -Daether.dependencyCollector.impl=bf 
java_command: c:\Users\Legion\.vscode\extensions\redhat.java-1.24.0-win32-x64\server\plugins\org.eclipse.equinox.launcher_1.6.500.v20230717-2134.jar -configuration c:\Users\Legion\AppData\Roaming\Code\User\globalStorage\redhat.java\1.24.0\config_win -data c:\Users\Legion\AppData\Roaming\Code\User\workspaceStorage\13b20aa23176f2ed0425dcaf36fe3239\redhat.java\jdt_ws --stdio
java_class_path (initial): c:\Users\Legion\.vscode\extensions\redhat.java-1.24.0-win32-x64\server\plugins\org.eclipse.equinox.launcher_1.6.500.v20230717-2134.jar
Launcher Type: SUN_STANDARD

[Global flags]
    uintx AdaptiveSizePolicyWeight                 = 90                                        {product} {command line}
     intx CICompilerCount                          = 12                                        {product} {ergonomic}
    uintx GCTimeRatio                              = 4                                         {product} {command line}
     bool HeapDumpOnOutOfMemoryError               = true                                   {manageable} {command line}
    ccstr HeapDumpPath                             = c:\Users\Legion\AppData\Roaming\Code\User\workspaceStorage\13b20aa23176f2ed0425dcaf36fe3239\redhat.java         {manageable} {command line}
   size_t InitialHeapSize                          = 104857600                                 {product} {command line}
   size_t MaxHeapSize                              = 1073741824                                {product} {command line}
   size_t MaxNewSize                               = 357564416                                 {product} {ergonomic}
   size_t MinHeapDeltaBytes                        = 524288                                    {product} {ergonomic}
   size_t MinHeapSize                              = 104857600                                 {product} {command line}
   size_t NewSize                                  = 34603008                                  {product} {ergonomic}
    uintx NonNMethodCodeHeapSize                   = 7602480                                {pd product} {ergonomic}
    uintx NonProfiledCodeHeapSize                  = 122027880                              {pd product} {ergonomic}
   size_t OldSize                                  = 70254592                                  {product} {ergonomic}
    uintx ProfiledCodeHeapSize                     = 122027880                              {pd product} {ergonomic}
    uintx ReservedCodeCacheSize                    = 251658240                              {pd product} {ergonomic}
     bool SegmentedCodeCache                       = true                                      {product} {ergonomic}
   size_t SoftMaxHeapSize                          = 1073741824                             {manageable} {ergonomic}
     bool UseCompressedClassPointers               = true                           {product lp64_product} {ergonomic}
     bool UseCompressedOops                        = true                           {product lp64_product} {ergonomic}
     bool UseLargePagesIndividualAllocation        = false                                  {pd product} {ergonomic}
     bool UseParallelGC                            = true                                      {product} {command line}

Logging:
Log output configuration:
 #0: stdout all=off uptime,level,tags
 #1: stderr all=off uptime,level,tags

Environment Variables:
PATH=C:\Program Files\Common Files\Oracle\Java\javapath;C:\Program Files (x86)\Common Files\Oracle\Java\javapath;C:\Python311\Scripts\;C:\Python311\;C:\Program Files\Python310\Scripts\;C:\Program Files\Python310\;C:\Program Files\Java\jdk-18.0.2\bin;C:\Program Files\nodejs\;C:\Program Files\php-8.1.11-Win32-vs16-x64;C:\WINDOWS\system32;C:\WINDOWS;C:\WINDOWS\System32\Wbem;C:\WINDOWS\System32\WindowsPowerShell\v1.0\;C:\WINDOWS\System32\OpenSSH\;C:\ProgramData\chocolatey\bin;C:\Program Files\NVIDIA Corporation\NVIDIA NvDLISR;C:\Program Files\dotnet\;C:\Program Files\Java\jdk-21\bin;C:\Program Files\Git\cmd;D:\Programming Apps\Microsoft VS Code\bin;C:\Users\Legion\AppData\Roaming\npm;C:\Users\Legion\AppData\Local\Microsoft\WindowsApps;C:\Users\Legion\AppData\Local\GitHubDesktop\bin
USERNAME=Legion
OS=Windows_NT
PROCESSOR_IDENTIFIER=Intel64 Family 6 Model 141 Stepping 1, GenuineIntel
TMP=C:\Users\Legion\AppData\Local\Temp
TEMP=C:\Users\Legion\AppData\Local\Temp



---------------  S Y S T E M  ---------------

OS:
 Windows 11 , 64 bit Build 22621 (10.0.22621.2506)
OS uptime: 0 days 20:19 hours
Hyper-V role detected

CPU: total 16 (initial active 16) (8 cores per cpu, 2 threads per core) family 6 model 141 stepping 1 microcode 0x42, cx8, cmov, fxsr, ht, mmx, 3dnowpref, sse, sse2, sse3, ssse3, sse4.1, sse4.2, popcnt, lzcnt, tsc, tscinvbit, avx, avx2, aes, erms, clmul, bmi1, bmi2, adx, avx512f, avx512dq, avx512cd, avx512bw, avx512vl, sha, fma, vzeroupper, avx512_vpopcntdq, avx512_vpclmulqdq, avx512_vaes, avx512_vnni, clflush, clflushopt, clwb, avx512_vbmi2, avx512_vbmi, hv
Processor Information for all 16 processors :
  Max Mhz: 2304, Current Mhz: 2304, Mhz Limit: 2304

Memory: 4k page, system-wide physical 16235M (5846M free)
TotalPageFile size 18283M (AvailPageFile size 5M)
current process WorkingSet (physical memory assigned to process): 199M, peak: 204M
current process commit charge ("private bytes"): 314M, peak: 317M

vm_info: OpenJDK 64-Bit Server VM (17.0.8.1+1) for windows-amd64 JRE (17.0.8.1+1), built on Aug 23 2023 15:29:17 by "admin" with MS VC++ 16.7 (VS2019)

END.
