#
# There is insufficient memory for the Java Runtime Environment to continue.
# Native memory allocation (malloc) failed to allocate 999536 bytes for Chunk::new
# Possible reasons:
#   The system is out of physical RAM or swap space
#   The process is running with CompressedOops enabled, and the Java Heap may be blocking the growth of the native heap
# Possible solutions:
#   Reduce memory load on the system
#   Increase physical memory or swap space
#   Check if swap backing store is full
#   Decrease Java heap size (-Xmx/-Xms)
#   Decrease number of Java threads
#   Decrease Java thread stack sizes (-Xss)
#   Set larger code cache with -XX:ReservedCodeCacheSize=
#   JVM is running with Unscaled Compressed Oops mode in which the Java heap is
#     placed in the first 4GB address space. The Java Heap base address is the
#     maximum limit for the native heap growth. Please use -XX:HeapBaseMinAddress
#     to set the Java Heap base and to place the Java Heap above 4GB virtual address.
# This output file may be truncated or incomplete.
#
#  Out of Memory Error (arena.cpp:189), pid=4720, tid=20684
#
# JRE version: OpenJDK Runtime Environment Temurin-17.0.8.1+1 (17.0.8.1+1) (build 17.0.8.1+1)
# Java VM: OpenJDK 64-Bit Server VM Temurin-17.0.8.1+1 (17.0.8.1+1, mixed mode, tiered, compressed oops, compressed class ptrs, parallel gc, windows-amd64)
# No core dump will be written. Minidumps are not enabled by default on client versions of Windows
#

---------------  S U M M A R Y ------------

Command Line: --add-modules=ALL-SYSTEM --add-opens=java.base/java.util=ALL-UNNAMED --add-opens=java.base/java.lang=ALL-UNNAMED --add-opens=java.base/sun.nio.fs=ALL-UNNAMED -Declipse.application=org.eclipse.jdt.ls.core.id1 -Dosgi.bundles.defaultStartLevel=4 -Declipse.product=org.eclipse.jdt.ls.core.product -Djava.import.generatesMetadataFilesAtProjectRoot=false -DDetectVMInstallationsJob.disabled=true -Dfile.encoding=utf8 -XX:+UseParallelGC -XX:GCTimeRatio=4 -XX:AdaptiveSizePolicyWeight=90 -Dsun.zip.disableMemoryMapping=true -Xmx1G -Xms100m -Xlog:disable -javaagent:c:\Users\Legion\.vscode\extensions\redhat.java-1.24.0-win32-x64\lombok\lombok-1.18.30.jar c:\Users\Legion\.vscode\extensions\redhat.java-1.24.0-win32-x64\server\plugins\org.eclipse.equinox.launcher_1.6.500.v20230717-2134.jar -configuration c:\Users\Legion\AppData\Roaming\Code\User\globalStorage\redhat.java\1.24.0\config_ss_win -data c:\Users\Legion\AppData\Roaming\Code\User\workspaceStorage\13b20aa23176f2ed0425dcaf36fe3239\redhat.java\ss_ws --stdio

Host: 11th Gen Intel(R) Core(TM) i7-11800H @ 2.30GHz, 16 cores, 15G,  Windows 11 , 64 bit Build 22621 (10.0.22621.2506)
Time: Fri Nov 24 21:45:03 2023 SE Asia Standard Time elapsed time: 5.220463 seconds (0d 0h 0m 5s)

---------------  T H R E A D  ---------------

Current thread (0x0000026d3479e910):  JavaThread "C2 CompilerThread1" daemon [_thread_in_native, id=20684, stack(0x00000087f2900000,0x00000087f2a00000)]


Current CompileTask:
C2:   5220 4800  s!   4       org.eclipse.jdt.internal.core.JavaModelManager::removeInfoAndChildren (121 bytes)

Stack: [0x00000087f2900000,0x00000087f2a00000]
Native frames: (J=compiled Java code, j=interpreted, Vv=VM code, C=native code)
V  [jvm.dll+0x678b0a]
V  [jvm.dll+0x835e84]
V  [jvm.dll+0x83762e]
V  [jvm.dll+0x837c93]
V  [jvm.dll+0x24746f]
V  [jvm.dll+0xac20c]
V  [jvm.dll+0xac7dc]
V  [jvm.dll+0x365c52]
V  [jvm.dll+0x3301a1]
V  [jvm.dll+0x32f64a]
V  [jvm.dll+0x219bf1]
V  [jvm.dll+0x219011]
V  [jvm.dll+0x1a534d]
V  [jvm.dll+0x228d8a]
V  [jvm.dll+0x226dcc]
V  [jvm.dll+0x7ec09b]
V  [jvm.dll+0x7e64ca]
V  [jvm.dll+0x677955]
C  [ucrtbase.dll+0x29363]
C  [KERNEL32.DLL+0x1257d]
C  [ntdll.dll+0x5aa58]


---------------  P R O C E S S  ---------------

Threads class SMR info:
_java_thread_list=0x0000026d3437eb90, length=36, elements={
0x0000026d172da600, 0x0000026d17386ef0, 0x0000026d17388160, 0x0000026d2b14df10,
0x0000026d2b14e8e0, 0x0000026d30328b90, 0x0000026d3032bd10, 0x0000026d30331780,
0x0000026d3035f2f0, 0x0000026d30367800, 0x0000026d1733d5d0, 0x0000026d304a8c20,
0x0000026d324d2810, 0x0000026d32aad550, 0x0000026d32ed6b20, 0x0000026d32d06730,
0x0000026d32e06d40, 0x0000026d32e75fa0, 0x0000026d33059480, 0x0000026d33059990,
0x0000026d3305a3b0, 0x0000026d3305a8c0, 0x0000026d3479e910, 0x0000026d347a03a0,
0x0000026d347a08f0, 0x0000026d3305add0, 0x0000026d33058f70, 0x0000026d33058040,
0x0000026d33058550, 0x0000026d3cfd47c0, 0x0000026d3cfd7a60, 0x0000026d3cfd7f70,
0x0000026d3cfd4cd0, 0x0000026d3cfd8480, 0x0000026d3f220910, 0x0000026d3f2228f0
}

Java Threads: ( => current thread )
  0x0000026d172da600 JavaThread "main" [_thread_blocked, id=26244, stack(0x00000087f1b00000,0x00000087f1c00000)]
  0x0000026d17386ef0 JavaThread "Reference Handler" daemon [_thread_blocked, id=12316, stack(0x00000087f1e00000,0x00000087f1f00000)]
  0x0000026d17388160 JavaThread "Finalizer" daemon [_thread_blocked, id=12524, stack(0x00000087f1f00000,0x00000087f2000000)]
  0x0000026d2b14df10 JavaThread "Signal Dispatcher" daemon [_thread_blocked, id=27588, stack(0x00000087f2000000,0x00000087f2100000)]
  0x0000026d2b14e8e0 JavaThread "Attach Listener" daemon [_thread_blocked, id=11040, stack(0x00000087f2100000,0x00000087f2200000)]
  0x0000026d30328b90 JavaThread "Service Thread" daemon [_thread_blocked, id=21872, stack(0x00000087f2200000,0x00000087f2300000)]
  0x0000026d3032bd10 JavaThread "Monitor Deflation Thread" daemon [_thread_blocked, id=18932, stack(0x00000087f2300000,0x00000087f2400000)]
  0x0000026d30331780 JavaThread "C2 CompilerThread0" daemon [_thread_in_native, id=15320, stack(0x00000087f2400000,0x00000087f2500000)]
  0x0000026d3035f2f0 JavaThread "C1 CompilerThread0" daemon [_thread_in_native, id=24364, stack(0x00000087f2500000,0x00000087f2600000)]
  0x0000026d30367800 JavaThread "Sweeper thread" daemon [_thread_blocked, id=26776, stack(0x00000087f2600000,0x00000087f2700000)]
  0x0000026d1733d5d0 JavaThread "Common-Cleaner" daemon [_thread_blocked, id=4128, stack(0x00000087f2700000,0x00000087f2800000)]
  0x0000026d304a8c20 JavaThread "C1 CompilerThread1" daemon [_thread_blocked, id=19072, stack(0x00000087f2800000,0x00000087f2900000)]
  0x0000026d324d2810 JavaThread "Notification Thread" daemon [_thread_blocked, id=20960, stack(0x00000087f2c00000,0x00000087f2d00000)]
  0x0000026d32aad550 JavaThread "Active Thread: Equinox Container: 2683f25a-d0ca-4d9d-a1c2-3ef61a41edb9" [_thread_blocked, id=23968, stack(0x00000087f2f00000,0x00000087f3000000)]
  0x0000026d32ed6b20 JavaThread "Framework Event Dispatcher: Equinox Container: 2683f25a-d0ca-4d9d-a1c2-3ef61a41edb9" daemon [_thread_blocked, id=3136, stack(0x00000087f3500000,0x00000087f3600000)]
  0x0000026d32d06730 JavaThread "Start Level: Equinox Container: 2683f25a-d0ca-4d9d-a1c2-3ef61a41edb9" daemon [_thread_blocked, id=27048, stack(0x00000087f3600000,0x00000087f3700000)]
  0x0000026d32e06d40 JavaThread "SCR Component Actor" daemon [_thread_blocked, id=26860, stack(0x00000087f3700000,0x00000087f3800000)]
  0x0000026d32e75fa0 JavaThread "SCR Component Registry" daemon [_thread_blocked, id=4392, stack(0x00000087f2a00000,0x00000087f2b00000)]
  0x0000026d33059480 JavaThread "Worker-JM" [_thread_blocked, id=21996, stack(0x00000087f2e00000,0x00000087f2f00000)]
  0x0000026d33059990 JavaThread "Worker-0" [_thread_blocked, id=9568, stack(0x00000087f3c00000,0x00000087f3d00000)]
  0x0000026d3305a3b0 JavaThread "Worker-1" [_thread_blocked, id=23092, stack(0x00000087f3d00000,0x00000087f3e00000)]
  0x0000026d3305a8c0 JavaThread "Worker-2" [_thread_blocked, id=6540, stack(0x00000087f4000000,0x00000087f4100000)]
=>0x0000026d3479e910 JavaThread "C2 CompilerThread1" daemon [_thread_in_native, id=20684, stack(0x00000087f2900000,0x00000087f2a00000)]
  0x0000026d347a03a0 JavaThread "C1 CompilerThread2" daemon [_thread_blocked, id=6216, stack(0x00000087f2b00000,0x00000087f2c00000)]
  0x0000026d347a08f0 JavaThread "C1 CompilerThread3" daemon [_thread_blocked, id=19848, stack(0x00000087f4400000,0x00000087f4500000)]
  0x0000026d3305add0 JavaThread "JNA Cleaner" daemon [_thread_blocked, id=24940, stack(0x00000087f4500000,0x00000087f4600000)]
  0x0000026d33058f70 JavaThread "pool-2-thread-1" [_thread_blocked, id=12704, stack(0x00000087f4600000,0x00000087f4700000)]
  0x0000026d33058040 JavaThread "WorkspaceEventsHandler" [_thread_blocked, id=18024, stack(0x00000087f4700000,0x00000087f4800000)]
  0x0000026d33058550 JavaThread "pool-1-thread-1" [_thread_in_native, id=20496, stack(0x00000087f4800000,0x00000087f4900000)]
  0x0000026d3cfd47c0 JavaThread "ForkJoinPool.commonPool-worker-1" daemon [_thread_blocked, id=26416, stack(0x00000087f4d00000,0x00000087f4e00000)]
  0x0000026d3cfd7a60 JavaThread "ForkJoinPool.commonPool-worker-2" daemon [_thread_blocked, id=26780, stack(0x00000087f4e00000,0x00000087f4f00000)]
  0x0000026d3cfd7f70 JavaThread "ForkJoinPool.commonPool-worker-3" daemon [_thread_blocked, id=27500, stack(0x00000087f4f00000,0x00000087f5000000)]
  0x0000026d3cfd4cd0 JavaThread "ForkJoinPool.commonPool-worker-4" daemon [_thread_in_Java, id=25112, stack(0x00000087f4c00000,0x00000087f4d00000)]
  0x0000026d3cfd8480 JavaThread "ForkJoinPool.commonPool-worker-5" daemon [_thread_blocked, id=26732, stack(0x00000087f5000000,0x00000087f5100000)]
  0x0000026d3f220910 JavaThread "C2 CompilerThread2" daemon [_thread_in_native, id=26524, stack(0x00000087f3f00000,0x00000087f4000000)]
  0x0000026d3f2228f0 JavaThread "C2 CompilerThread3" daemon [_thread_in_native, id=26368, stack(0x00000087f4300000,0x00000087f4400000)]

Other Threads:
  0x0000026d173868c0 VMThread "VM Thread" [stack: 0x00000087f1d00000,0x00000087f1e00000] [id=7572]
  0x0000026d324c1160 WatcherThread [stack: 0x00000087f2d00000,0x00000087f2e00000] [id=24860]
  0x0000026d172eff60 GCTaskThread "GC Thread#0" [stack: 0x00000087f1c00000,0x00000087f1d00000] [id=25836]
  0x0000026d32a1cbe0 GCTaskThread "GC Thread#1" [stack: 0x00000087f3000000,0x00000087f3100000] [id=25876]
  0x0000026d32a1cea0 GCTaskThread "GC Thread#2" [stack: 0x00000087f3100000,0x00000087f3200000] [id=21136]
  0x0000026d32a0bd10 GCTaskThread "GC Thread#3" [stack: 0x00000087f3200000,0x00000087f3300000] [id=24800]
  0x0000026d32a0bfd0 GCTaskThread "GC Thread#4" [stack: 0x00000087f3300000,0x00000087f3400000] [id=19548]
  0x0000026d32a0c290 GCTaskThread "GC Thread#5" [stack: 0x00000087f3400000,0x00000087f3500000] [id=25788]
  0x0000026d15039d90 GCTaskThread "GC Thread#6" [stack: 0x00000087f3800000,0x00000087f3900000] [id=26448]
  0x0000026d328c6b80 GCTaskThread "GC Thread#7" [stack: 0x00000087f3900000,0x00000087f3a00000] [id=27464]
  0x0000026d33078430 GCTaskThread "GC Thread#8" [stack: 0x00000087f3a00000,0x00000087f3b00000] [id=24848]
  0x0000026d330786f0 GCTaskThread "GC Thread#9" [stack: 0x00000087f3b00000,0x00000087f3c00000] [id=25348]
  0x0000026d330fdb70 GCTaskThread "GC Thread#10" [stack: 0x00000087f3e00000,0x00000087f3f00000] [id=27616]
  0x0000026d331a8f10 GCTaskThread "GC Thread#11" [stack: 0x00000087f4100000,0x00000087f4200000] [id=19344]
  0x0000026d3477db70 GCTaskThread "GC Thread#12" [stack: 0x00000087f4200000,0x00000087f4300000] [id=9976]

Threads with active compile tasks:
C2 CompilerThread0     5235 4834       4       org.eclipse.jdt.internal.compiler.util.JrtFileSystem$2::preVisitDirectory (136 bytes)
C1 CompilerThread0     5235 4949       3       org.eclipse.jdt.internal.core.JavaProject::equals (35 bytes)
C2 CompilerThread1     5236 4800  s!   4       org.eclipse.jdt.internal.core.JavaModelManager::removeInfoAndChildren (121 bytes)
C2 CompilerThread2     5236 4943       4       org.eclipse.jdt.internal.core.JarPackageFragmentRoot::initRawPackageInfo (349 bytes)
C2 CompilerThread3     5236 4805       4       org.eclipse.jdt.internal.core.JavaElement::close (9 bytes)

VM state: not at safepoint (normal execution)

VM Mutex/Monitor currently owned by a thread: None

Heap address: 0x00000000c0000000, size: 1024 MB, Compressed Oops mode: 32-bit

CDS archive(s) not mapped
Compressed class space mapped at: 0x0000000100000000-0x0000000140000000, reserved size: 1073741824
Narrow klass base: 0x0000000000000000, Narrow klass shift: 3, Narrow klass range: 0x140000000

GC Precious Log:
 CPUs: 16 total, 16 available
 Memory: 16235M
 Large Page Support: Disabled
 NUMA Support: Disabled
 Compressed Oops: Enabled (32-bit)
 Alignments: Space 512K, Generation 512K, Heap 2M
 Heap Min Capacity: 100M
 Heap Initial Capacity: 100M
 Heap Max Capacity: 1G
 Pre-touch: Disabled
 Parallel Workers: 13

Heap:
 PSYoungGen      total 22016K, used 5674K [0x00000000eab00000, 0x00000000ec180000, 0x0000000100000000)
  eden space 20992K, 23% used [0x00000000eab00000,0x00000000eafce9d8,0x00000000ebf80000)
  from space 1024K, 73% used [0x00000000ebf80000,0x00000000ec03c010,0x00000000ec080000)
  to   space 1024K, 0% used [0x00000000ec080000,0x00000000ec080000,0x00000000ec180000)
 ParOldGen       total 68608K, used 27141K [0x00000000c0000000, 0x00000000c4300000, 0x00000000eab00000)
  object space 68608K, 39% used [0x00000000c0000000,0x00000000c1a814c8,0x00000000c4300000)
 Metaspace       used 44897K, committed 45696K, reserved 1114112K
  class space    used 4515K, committed 4864K, reserved 1048576K

Card table byte_map: [0x0000026d16c70000,0x0000026d16e80000] _byte_map_base: 0x0000026d16670000

Marking Bits: (ParMarkBitMap*) 0x00007ffeba8283a0
 Begin Bits: [0x0000026d28f50000, 0x0000026d29f50000)
 End Bits:   [0x0000026d29f50000, 0x0000026d2af50000)

Polling page: 0x0000026d15290000

Metaspace:

Usage:
  Non-class:     39.44 MB used.
      Class:      4.41 MB used.
       Both:     43.85 MB used.

Virtual space:
  Non-class space:       64.00 MB reserved,      39.88 MB ( 62%) committed,  1 nodes.
      Class space:        1.00 GB reserved,       4.75 MB ( <1%) committed,  1 nodes.
             Both:        1.06 GB reserved,      44.62 MB (  4%) committed. 

Chunk freelists:
   Non-Class:  8.08 MB
       Class:  11.14 MB
        Both:  19.22 MB

MaxMetaspaceSize: unlimited
CompressedClassSpaceSize: 1.00 GB
Initial GC threshold: 21.00 MB
Current GC threshold: 58.38 MB
CDS: off
MetaspaceReclaimPolicy: balanced
 - commit_granule_bytes: 65536.
 - commit_granule_words: 8192.
 - virtual_space_node_default_size: 8388608.
 - enlarge_chunks_in_place: 1.
 - new_chunks_are_fully_committed: 0.
 - uncommit_free_chunks: 1.
 - use_allocation_guard: 0.
 - handle_deallocations: 1.


Internal statistics:

num_allocs_failed_limit: 6.
num_arena_births: 406.
num_arena_deaths: 14.
num_vsnodes_births: 2.
num_vsnodes_deaths: 0.
num_space_committed: 714.
num_space_uncommitted: 0.
num_chunks_returned_to_freelist: 20.
num_chunks_taken_from_freelist: 1888.
num_chunk_merges: 7.
num_chunk_splits: 1217.
num_chunks_enlarged: 818.
num_inconsistent_stats: 0.

CodeHeap 'non-profiled nmethods': size=119168Kb used=2398Kb max_used=2835Kb free=116770Kb
 bounds [0x0000026d21af0000, 0x0000026d21dc0000, 0x0000026d28f50000]
CodeHeap 'profiled nmethods': size=119104Kb used=8908Kb max_used=10852Kb free=110195Kb
 bounds [0x0000026d19f50000, 0x0000026d1a9f0000, 0x0000026d213a0000]
CodeHeap 'non-nmethods': size=7488Kb used=3011Kb max_used=3076Kb free=4476Kb
 bounds [0x0000026d213a0000, 0x0000026d216b0000, 0x0000026d21af0000]
 total_blobs=4832 nmethods=4189 adapters=553
 compilation: enabled
              stopped_count=0, restarted_count=0
 full_count=0

Compilation events (20 events):
Event: 5.207 Thread 0x0000026d30331780 nmethod 4799 0x0000026d21d4fa10 code [0x0000026d21d4fd20, 0x0000026d21d52690]
Event: 5.208 Thread 0x0000026d30331780 4879       4       java.lang.AbstractStringBuilder::isLatin1 (19 bytes)
Event: 5.209 Thread 0x0000026d30331780 nmethod 4879 0x0000026d21c3d190 code [0x0000026d21c3d300, 0x0000026d21c3d398]
Event: 5.209 Thread 0x0000026d30331780 4834       4       org.eclipse.jdt.internal.compiler.util.JrtFileSystem$2::preVisitDirectory (136 bytes)
Event: 5.209 Thread 0x0000026d304a8c20 4932       3       java.lang.reflect.Field::hashCode (19 bytes)
Event: 5.212 Thread 0x0000026d304a8c20 nmethod 4932 0x0000026d1a094c10 code [0x0000026d1a094de0, 0x0000026d1a095088]
Event: 5.213 Thread 0x0000026d347a03a0 4933       3       org.eclipse.jdt.internal.compiler.util.HashtableOfInt::put (95 bytes)
Event: 5.213 Thread 0x0000026d347a03a0 nmethod 4933 0x0000026d1a15f710 code [0x0000026d1a15f900, 0x0000026d1a15fee8]
Event: 5.214 Thread 0x0000026d3035f2f0 4935       3       jdk.internal.reflect.UnsafeQualifiedStaticFieldAccessorImpl::<init> (11 bytes)
Event: 5.214 Thread 0x0000026d304a8c20 4936       3       jdk.internal.reflect.UnsafeQualifiedStaticIntegerFieldAccessorImpl::<init> (7 bytes)
Event: 5.214 Thread 0x0000026d347a03a0 4937       3       jdk.internal.reflect.UnsafeQualifiedStaticIntegerFieldAccessorImpl::get (9 bytes)
Event: 5.214 Thread 0x0000026d347a08f0 4938       3       jdk.internal.reflect.UnsafeQualifiedStaticIntegerFieldAccessorImpl::getInt (15 bytes)
Event: 5.214 Thread 0x0000026d347a08f0 nmethod 4938 0x0000026d1a19ec10 code [0x0000026d1a19eda0, 0x0000026d1a19eeb8]
Event: 5.214 Thread 0x0000026d3035f2f0 nmethod 4935 0x0000026d1a3f8a10 code [0x0000026d1a3f8be0, 0x0000026d1a3f8f68]
Event: 5.214 Thread 0x0000026d304a8c20 nmethod 4936 0x0000026d1a6e5410 code [0x0000026d1a6e5600, 0x0000026d1a6e59e8]
Event: 5.214 Thread 0x0000026d347a03a0 nmethod 4937 0x0000026d1a708b10 code [0x0000026d1a708ce0, 0x0000026d1a7090d8]
Event: 5.214 Thread 0x0000026d3f220910 nmethod 4833 0x0000026d21d45090 code [0x0000026d21d45340, 0x0000026d21d46b10]
Event: 5.214 Thread 0x0000026d3f220910 4815       4       jdk.internal.jrtfs.JrtPath::getFileName (5 bytes)
Event: 5.218 Thread 0x0000026d304a8c20 4941       3       java.nio.Buffer::mark (10 bytes)
Event: 5.218 Thread 0x0000026d304a8c20 nmethod 4941 0x0000026d1a1a5190 code [0x0000026d1a1a5320, 0x0000026d1a1a5438]

GC Heap History (20 events):
Event: 3.468 GC heap before
{Heap before GC invocations=12 (full 2):
 PSYoungGen      total 26112K, used 25888K [0x00000000eab00000, 0x00000000ec800000, 0x0000000100000000)
  eden space 23552K, 100% used [0x00000000eab00000,0x00000000ec200000,0x00000000ec200000)
  from space 2560K, 91% used [0x00000000ec280000,0x00000000ec4c8020,0x00000000ec500000)
  to   space 3072K, 0% used [0x00000000ec500000,0x00000000ec500000,0x00000000ec800000)
 ParOldGen       total 68608K, used 11018K [0x00000000c0000000, 0x00000000c4300000, 0x00000000eab00000)
  object space 68608K, 16% used [0x00000000c0000000,0x00000000c0ac2a10,0x00000000c4300000)
 Metaspace       used 36825K, committed 37696K, reserved 1114112K
  class space    used 3722K, committed 4096K, reserved 1048576K
}
Event: 3.470 GC heap after
{Heap after GC invocations=12 (full 2):
 PSYoungGen      total 24576K, used 3040K [0x00000000eab00000, 0x00000000ecb80000, 0x0000000100000000)
  eden space 21504K, 0% used [0x00000000eab00000,0x00000000eab00000,0x00000000ec000000)
  from space 3072K, 98% used [0x00000000ec500000,0x00000000ec7f8020,0x00000000ec800000)
  to   space 5120K, 0% used [0x00000000ec000000,0x00000000ec000000,0x00000000ec500000)
 ParOldGen       total 68608K, used 12346K [0x00000000c0000000, 0x00000000c4300000, 0x00000000eab00000)
  object space 68608K, 17% used [0x00000000c0000000,0x00000000c0c0ea10,0x00000000c4300000)
 Metaspace       used 36825K, committed 37696K, reserved 1114112K
  class space    used 3722K, committed 4096K, reserved 1048576K
}
Event: 3.532 GC heap before
{Heap before GC invocations=13 (full 2):
 PSYoungGen      total 24576K, used 24544K [0x00000000eab00000, 0x00000000ecb80000, 0x0000000100000000)
  eden space 21504K, 100% used [0x00000000eab00000,0x00000000ec000000,0x00000000ec000000)
  from space 3072K, 98% used [0x00000000ec500000,0x00000000ec7f8020,0x00000000ec800000)
  to   space 5120K, 0% used [0x00000000ec000000,0x00000000ec000000,0x00000000ec500000)
 ParOldGen       total 68608K, used 12346K [0x00000000c0000000, 0x00000000c4300000, 0x00000000eab00000)
  object space 68608K, 17% used [0x00000000c0000000,0x00000000c0c0ea10,0x00000000c4300000)
 Metaspace       used 36889K, committed 37696K, reserved 1114112K
  class space    used 3737K, committed 4096K, reserved 1048576K
}
Event: 3.535 GC heap after
{Heap after GC invocations=13 (full 2):
 PSYoungGen      total 24576K, used 2912K [0x00000000eab00000, 0x00000000ec700000, 0x0000000100000000)
  eden space 21504K, 0% used [0x00000000eab00000,0x00000000eab00000,0x00000000ec000000)
  from space 3072K, 94% used [0x00000000ec000000,0x00000000ec2d8020,0x00000000ec300000)
  to   space 3584K, 0% used [0x00000000ec380000,0x00000000ec380000,0x00000000ec700000)
 ParOldGen       total 68608K, used 15370K [0x00000000c0000000, 0x00000000c4300000, 0x00000000eab00000)
  object space 68608K, 22% used [0x00000000c0000000,0x00000000c0f02a30,0x00000000c4300000)
 Metaspace       used 36889K, committed 37696K, reserved 1114112K
  class space    used 3737K, committed 4096K, reserved 1048576K
}
Event: 3.571 GC heap before
{Heap before GC invocations=14 (full 2):
 PSYoungGen      total 24576K, used 24416K [0x00000000eab00000, 0x00000000ec700000, 0x0000000100000000)
  eden space 21504K, 100% used [0x00000000eab00000,0x00000000ec000000,0x00000000ec000000)
  from space 3072K, 94% used [0x00000000ec000000,0x00000000ec2d8020,0x00000000ec300000)
  to   space 3584K, 0% used [0x00000000ec380000,0x00000000ec380000,0x00000000ec700000)
 ParOldGen       total 68608K, used 15370K [0x00000000c0000000, 0x00000000c4300000, 0x00000000eab00000)
  object space 68608K, 22% used [0x00000000c0000000,0x00000000c0f02a30,0x00000000c4300000)
 Metaspace       used 36889K, committed 37696K, reserved 1114112K
  class space    used 3737K, committed 4096K, reserved 1048576K
}
Event: 3.574 GC heap after
{Heap after GC invocations=14 (full 2):
 PSYoungGen      total 24064K, used 2560K [0x00000000eab00000, 0x00000000ec600000, 0x0000000100000000)
  eden space 21504K, 0% used [0x00000000eab00000,0x00000000eab00000,0x00000000ec000000)
  from space 2560K, 100% used [0x00000000ec380000,0x00000000ec600000,0x00000000ec600000)
  to   space 3072K, 0% used [0x00000000ec000000,0x00000000ec000000,0x00000000ec300000)
 ParOldGen       total 68608K, used 18059K [0x00000000c0000000, 0x00000000c4300000, 0x00000000eab00000)
  object space 68608K, 26% used [0x00000000c0000000,0x00000000c11a2cf0,0x00000000c4300000)
 Metaspace       used 36889K, committed 37696K, reserved 1114112K
  class space    used 3737K, committed 4096K, reserved 1048576K
}
Event: 3.611 GC heap before
{Heap before GC invocations=15 (full 2):
 PSYoungGen      total 24064K, used 24064K [0x00000000eab00000, 0x00000000ec600000, 0x0000000100000000)
  eden space 21504K, 100% used [0x00000000eab00000,0x00000000ec000000,0x00000000ec000000)
  from space 2560K, 100% used [0x00000000ec380000,0x00000000ec600000,0x00000000ec600000)
  to   space 3072K, 0% used [0x00000000ec000000,0x00000000ec000000,0x00000000ec300000)
 ParOldGen       total 68608K, used 18059K [0x00000000c0000000, 0x00000000c4300000, 0x00000000eab00000)
  object space 68608K, 26% used [0x00000000c0000000,0x00000000c11a2cf0,0x00000000c4300000)
 Metaspace       used 36889K, committed 37696K, reserved 1114112K
  class space    used 3737K, committed 4096K, reserved 1048576K
}
Event: 3.615 GC heap after
{Heap after GC invocations=15 (full 2):
 PSYoungGen      total 24576K, used 2528K [0x00000000eab00000, 0x00000000ec600000, 0x0000000100000000)
  eden space 21504K, 0% used [0x00000000eab00000,0x00000000eab00000,0x00000000ec000000)
  from space 3072K, 82% used [0x00000000ec000000,0x00000000ec278010,0x00000000ec300000)
  to   space 3072K, 0% used [0x00000000ec300000,0x00000000ec300000,0x00000000ec600000)
 ParOldGen       total 68608K, used 20443K [0x00000000c0000000, 0x00000000c4300000, 0x00000000eab00000)
  object space 68608K, 29% used [0x00000000c0000000,0x00000000c13f6cf0,0x00000000c4300000)
 Metaspace       used 36889K, committed 37696K, reserved 1114112K
  class space    used 3737K, committed 4096K, reserved 1048576K
}
Event: 3.861 GC heap before
{Heap before GC invocations=16 (full 2):
 PSYoungGen      total 24576K, used 24032K [0x00000000eab00000, 0x00000000ec600000, 0x0000000100000000)
  eden space 21504K, 100% used [0x00000000eab00000,0x00000000ec000000,0x00000000ec000000)
  from space 3072K, 82% used [0x00000000ec000000,0x00000000ec278010,0x00000000ec300000)
  to   space 3072K, 0% used [0x00000000ec300000,0x00000000ec300000,0x00000000ec600000)
 ParOldGen       total 68608K, used 20443K [0x00000000c0000000, 0x00000000c4300000, 0x00000000eab00000)
  object space 68608K, 29% used [0x00000000c0000000,0x00000000c13f6cf0,0x00000000c4300000)
 Metaspace       used 38534K, committed 39296K, reserved 1114112K
  class space    used 3925K, committed 4224K, reserved 1048576K
}
Event: 3.864 GC heap after
{Heap after GC invocations=16 (full 2):
 PSYoungGen      total 24064K, used 2112K [0x00000000eab00000, 0x00000000ec580000, 0x0000000100000000)
  eden space 21504K, 0% used [0x00000000eab00000,0x00000000eab00000,0x00000000ec000000)
  from space 2560K, 82% used [0x00000000ec300000,0x00000000ec510000,0x00000000ec580000)
  to   space 2560K, 0% used [0x00000000ec080000,0x00000000ec080000,0x00000000ec300000)
 ParOldGen       total 68608K, used 22848K [0x00000000c0000000, 0x00000000c4300000, 0x00000000eab00000)
  object space 68608K, 33% used [0x00000000c0000000,0x00000000c1650058,0x00000000c4300000)
 Metaspace       used 38534K, committed 39296K, reserved 1114112K
  class space    used 3925K, committed 4224K, reserved 1048576K
}
Event: 4.135 GC heap before
{Heap before GC invocations=17 (full 2):
 PSYoungGen      total 24064K, used 23600K [0x00000000eab00000, 0x00000000ec580000, 0x0000000100000000)
  eden space 21504K, 99% used [0x00000000eab00000,0x00000000ebffc140,0x00000000ec000000)
  from space 2560K, 82% used [0x00000000ec300000,0x00000000ec510000,0x00000000ec580000)
  to   space 2560K, 0% used [0x00000000ec080000,0x00000000ec080000,0x00000000ec300000)
 ParOldGen       total 68608K, used 22848K [0x00000000c0000000, 0x00000000c4300000, 0x00000000eab00000)
  object space 68608K, 33% used [0x00000000c0000000,0x00000000c1650058,0x00000000c4300000)
 Metaspace       used 40291K, committed 41088K, reserved 1114112K
  class space    used 4107K, committed 4416K, reserved 1048576K
}
Event: 4.136 GC heap after
{Heap after GC invocations=17 (full 2):
 PSYoungGen      total 22528K, used 744K [0x00000000eab00000, 0x00000000ec380000, 0x0000000100000000)
  eden space 21504K, 0% used [0x00000000eab00000,0x00000000eab00000,0x00000000ec000000)
  from space 1024K, 72% used [0x00000000ec080000,0x00000000ec13a128,0x00000000ec180000)
  to   space 1536K, 0% used [0x00000000ec200000,0x00000000ec200000,0x00000000ec380000)
 ParOldGen       total 68608K, used 24807K [0x00000000c0000000, 0x00000000c4300000, 0x00000000eab00000)
  object space 68608K, 36% used [0x00000000c0000000,0x00000000c1839db8,0x00000000c4300000)
 Metaspace       used 40291K, committed 41088K, reserved 1114112K
  class space    used 4107K, committed 4416K, reserved 1048576K
}
Event: 4.307 GC heap before
{Heap before GC invocations=18 (full 2):
 PSYoungGen      total 22528K, used 22248K [0x00000000eab00000, 0x00000000ec380000, 0x0000000100000000)
  eden space 21504K, 100% used [0x00000000eab00000,0x00000000ec000000,0x00000000ec000000)
  from space 1024K, 72% used [0x00000000ec080000,0x00000000ec13a128,0x00000000ec180000)
  to   space 1536K, 0% used [0x00000000ec200000,0x00000000ec200000,0x00000000ec380000)
 ParOldGen       total 68608K, used 24807K [0x00000000c0000000, 0x00000000c4300000, 0x00000000eab00000)
  object space 68608K, 36% used [0x00000000c0000000,0x00000000c1839db8,0x00000000c4300000)
 Metaspace       used 41573K, committed 42368K, reserved 1114112K
  class space    used 4215K, committed 4544K, reserved 1048576K
}
Event: 4.309 GC heap after
{Heap after GC invocations=18 (full 2):
 PSYoungGen      total 22528K, used 1504K [0x00000000eab00000, 0x00000000ec500000, 0x0000000100000000)
  eden space 20992K, 0% used [0x00000000eab00000,0x00000000eab00000,0x00000000ebf80000)
  from space 1536K, 97% used [0x00000000ec200000,0x00000000ec3780c8,0x00000000ec380000)
  to   space 2560K, 0% used [0x00000000ebf80000,0x00000000ebf80000,0x00000000ec200000)
 ParOldGen       total 68608K, used 25568K [0x00000000c0000000, 0x00000000c4300000, 0x00000000eab00000)
  object space 68608K, 37% used [0x00000000c0000000,0x00000000c18f8260,0x00000000c4300000)
 Metaspace       used 41573K, committed 42368K, reserved 1114112K
  class space    used 4215K, committed 4544K, reserved 1048576K
}
Event: 4.381 GC heap before
{Heap before GC invocations=19 (full 2):
 PSYoungGen      total 22528K, used 22496K [0x00000000eab00000, 0x00000000ec500000, 0x0000000100000000)
  eden space 20992K, 100% used [0x00000000eab00000,0x00000000ebf80000,0x00000000ebf80000)
  from space 1536K, 97% used [0x00000000ec200000,0x00000000ec3780c8,0x00000000ec380000)
  to   space 2560K, 0% used [0x00000000ebf80000,0x00000000ebf80000,0x00000000ec200000)
 ParOldGen       total 68608K, used 25568K [0x00000000c0000000, 0x00000000c4300000, 0x00000000eab00000)
  object space 68608K, 37% used [0x00000000c0000000,0x00000000c18f8260,0x00000000c4300000)
 Metaspace       used 41597K, committed 42368K, reserved 1114112K
  class space    used 4215K, committed 4544K, reserved 1048576K
}
Event: 4.382 GC heap after
{Heap after GC invocations=19 (full 2):
 PSYoungGen      total 22016K, used 735K [0x00000000eab00000, 0x00000000ec280000, 0x0000000100000000)
  eden space 20992K, 0% used [0x00000000eab00000,0x00000000eab00000,0x00000000ebf80000)
  from space 1024K, 71% used [0x00000000ebf80000,0x00000000ec037c38,0x00000000ec080000)
  to   space 1536K, 0% used [0x00000000ec100000,0x00000000ec100000,0x00000000ec280000)
 ParOldGen       total 68608K, used 26373K [0x00000000c0000000, 0x00000000c4300000, 0x00000000eab00000)
  object space 68608K, 38% used [0x00000000c0000000,0x00000000c19c1448,0x00000000c4300000)
 Metaspace       used 41597K, committed 42368K, reserved 1114112K
  class space    used 4215K, committed 4544K, reserved 1048576K
}
Event: 4.651 GC heap before
{Heap before GC invocations=20 (full 2):
 PSYoungGen      total 22016K, used 21727K [0x00000000eab00000, 0x00000000ec280000, 0x0000000100000000)
  eden space 20992K, 100% used [0x00000000eab00000,0x00000000ebf80000,0x00000000ebf80000)
  from space 1024K, 71% used [0x00000000ebf80000,0x00000000ec037c38,0x00000000ec080000)
  to   space 1536K, 0% used [0x00000000ec100000,0x00000000ec100000,0x00000000ec280000)
 ParOldGen       total 68608K, used 26373K [0x00000000c0000000, 0x00000000c4300000, 0x00000000eab00000)
  object space 68608K, 38% used [0x00000000c0000000,0x00000000c19c1448,0x00000000c4300000)
 Metaspace       used 43600K, committed 44416K, reserved 1114112K
  class space    used 4410K, committed 4736K, reserved 1048576K
}
Event: 4.652 GC heap after
{Heap after GC invocations=20 (full 2):
 PSYoungGen      total 22016K, used 960K [0x00000000eab00000, 0x00000000ec200000, 0x0000000100000000)
  eden space 20992K, 0% used [0x00000000eab00000,0x00000000eab00000,0x00000000ebf80000)
  from space 1024K, 93% used [0x00000000ec100000,0x00000000ec1f0000,0x00000000ec200000)
  to   space 1024K, 0% used [0x00000000ebf80000,0x00000000ebf80000,0x00000000ec080000)
 ParOldGen       total 68608K, used 26397K [0x00000000c0000000, 0x00000000c4300000, 0x00000000eab00000)
  object space 68608K, 38% used [0x00000000c0000000,0x00000000c19c7448,0x00000000c4300000)
 Metaspace       used 43600K, committed 44416K, reserved 1114112K
  class space    used 4410K, committed 4736K, reserved 1048576K
}
Event: 5.209 GC heap before
{Heap before GC invocations=21 (full 2):
 PSYoungGen      total 22016K, used 21952K [0x00000000eab00000, 0x00000000ec200000, 0x0000000100000000)
  eden space 20992K, 100% used [0x00000000eab00000,0x00000000ebf80000,0x00000000ebf80000)
  from space 1024K, 93% used [0x00000000ec100000,0x00000000ec1f0000,0x00000000ec200000)
  to   space 1024K, 0% used [0x00000000ebf80000,0x00000000ebf80000,0x00000000ec080000)
 ParOldGen       total 68608K, used 26397K [0x00000000c0000000, 0x00000000c4300000, 0x00000000eab00000)
  object space 68608K, 38% used [0x00000000c0000000,0x00000000c19c7448,0x00000000c4300000)
 Metaspace       used 44821K, committed 45632K, reserved 1114112K
  class space    used 4510K, committed 4864K, reserved 1048576K
}
Event: 5.212 GC heap after
{Heap after GC invocations=21 (full 2):
 PSYoungGen      total 22016K, used 752K [0x00000000eab00000, 0x00000000ec180000, 0x0000000100000000)
  eden space 20992K, 0% used [0x00000000eab00000,0x00000000eab00000,0x00000000ebf80000)
  from space 1024K, 73% used [0x00000000ebf80000,0x00000000ec03c010,0x00000000ec080000)
  to   space 1024K, 0% used [0x00000000ec080000,0x00000000ec080000,0x00000000ec180000)
 ParOldGen       total 68608K, used 27141K [0x00000000c0000000, 0x00000000c4300000, 0x00000000eab00000)
  object space 68608K, 39% used [0x00000000c0000000,0x00000000c1a814c8,0x00000000c4300000)
 Metaspace       used 44821K, committed 45632K, reserved 1114112K
  class space    used 4510K, committed 4864K, reserved 1048576K
}

Dll operation events (10 events):
Event: 0.007 Loaded shared library c:\Users\Legion\.vscode\extensions\redhat.java-1.24.0-win32-x64\jre\17.0.8.1-win32-x86_64\bin\java.dll
Event: 0.131 Loaded shared library c:\Users\Legion\.vscode\extensions\redhat.java-1.24.0-win32-x64\jre\17.0.8.1-win32-x86_64\bin\zip.dll
Event: 0.133 Loaded shared library C:\Users\Legion\.vscode\extensions\redhat.java-1.24.0-win32-x64\jre\17.0.8.1-win32-x86_64\bin\instrument.dll
Event: 0.145 Loaded shared library C:\Users\Legion\.vscode\extensions\redhat.java-1.24.0-win32-x64\jre\17.0.8.1-win32-x86_64\bin\net.dll
Event: 0.146 Loaded shared library C:\Users\Legion\.vscode\extensions\redhat.java-1.24.0-win32-x64\jre\17.0.8.1-win32-x86_64\bin\nio.dll
Event: 0.152 Loaded shared library C:\Users\Legion\.vscode\extensions\redhat.java-1.24.0-win32-x64\jre\17.0.8.1-win32-x86_64\bin\zip.dll
Event: 0.165 Loaded shared library C:\Users\Legion\.vscode\extensions\redhat.java-1.24.0-win32-x64\jre\17.0.8.1-win32-x86_64\bin\jimage.dll
Event: 0.205 Loaded shared library c:\Users\Legion\.vscode\extensions\redhat.java-1.24.0-win32-x64\jre\17.0.8.1-win32-x86_64\bin\verify.dll
Event: 1.052 Loaded shared library C:\Users\Legion\AppData\Roaming\Code\User\globalStorage\redhat.java\1.24.0\config_ss_win\org.eclipse.equinox.launcher\org.eclipse.equinox.launcher.win32.win32.x86_64_1.2.700.v20221108-1024\eclipse_11801.dll
Event: 2.935 Loaded shared library C:\Users\Legion\AppData\Local\Temp\jna--2022703270\jna17938918747910973434.dll

Deoptimization events (20 events):
Event: 5.158 Thread 0x0000026d33058550 Uncommon trap: trap_request=0xffffffde fr.pc=0x0000026d21bb6920 relative=0x0000000000001c20
Event: 5.158 Thread 0x0000026d33058550 Uncommon trap: reason=class_check action=maybe_recompile pc=0x0000026d21bb6920 method=org.eclipse.jdt.internal.core.JavaModelCache.peekAtInfo(Lorg/eclipse/jdt/core/IJavaElement;)Ljava/lang/Object; @ 79 c2
Event: 5.158 Thread 0x0000026d33058550 DEOPT PACKING pc=0x0000026d21bb6920 sp=0x00000087f48fd5a0
Event: 5.158 Thread 0x0000026d33058550 DEOPT UNPACKING pc=0x0000026d213f9ea3 sp=0x00000087f48fd580 mode 2
Event: 5.158 Thread 0x0000026d33058550 Uncommon trap: trap_request=0xffffffde fr.pc=0x0000026d21bb6920 relative=0x0000000000001c20
Event: 5.158 Thread 0x0000026d33058550 Uncommon trap: reason=class_check action=maybe_recompile pc=0x0000026d21bb6920 method=org.eclipse.jdt.internal.core.JavaModelCache.peekAtInfo(Lorg/eclipse/jdt/core/IJavaElement;)Ljava/lang/Object; @ 79 c2
Event: 5.158 Thread 0x0000026d33058550 DEOPT PACKING pc=0x0000026d21bb6920 sp=0x00000087f48fd5a0
Event: 5.158 Thread 0x0000026d33058550 DEOPT UNPACKING pc=0x0000026d213f9ea3 sp=0x00000087f48fd580 mode 2
Event: 5.191 Thread 0x0000026d3cfd8480 Uncommon trap: trap_request=0xffffff45 fr.pc=0x0000026d21d90b70 relative=0x0000000000000150
Event: 5.191 Thread 0x0000026d3cfd8480 Uncommon trap: reason=unstable_if action=reinterpret pc=0x0000026d21d90b70 method=org.eclipse.jface.text.DefaultLineTracker.nextDelimiterInfo(Ljava/lang/String;I)Lorg/eclipse/jface/text/AbstractLineTracker$DelimiterInfo; @ 22 c2
Event: 5.191 Thread 0x0000026d3cfd8480 DEOPT PACKING pc=0x0000026d21d90b70 sp=0x00000087f50fe440
Event: 5.191 Thread 0x0000026d3cfd8480 DEOPT UNPACKING pc=0x0000026d213f9ea3 sp=0x00000087f50fe360 mode 2
Event: 5.191 Thread 0x0000026d3cfd8480 Uncommon trap: trap_request=0xffffff45 fr.pc=0x0000026d21d8ee48 relative=0x0000000000000128
Event: 5.191 Thread 0x0000026d3cfd8480 Uncommon trap: reason=unstable_if action=reinterpret pc=0x0000026d21d8ee48 method=org.eclipse.jface.text.DefaultLineTracker.nextDelimiterInfo(Ljava/lang/String;I)Lorg/eclipse/jface/text/AbstractLineTracker$DelimiterInfo; @ 22 c2
Event: 5.191 Thread 0x0000026d3cfd8480 DEOPT PACKING pc=0x0000026d21d8ee48 sp=0x00000087f50fe3d0
Event: 5.191 Thread 0x0000026d3cfd8480 DEOPT UNPACKING pc=0x0000026d213f9ea3 sp=0x00000087f50fe360 mode 2
Event: 5.213 Thread 0x0000026d3cfd4cd0 Uncommon trap: trap_request=0xffffff45 fr.pc=0x0000026d21ceaebc relative=0x000000000000019c
Event: 5.213 Thread 0x0000026d3cfd4cd0 Uncommon trap: reason=unstable_if action=reinterpret pc=0x0000026d21ceaebc method=org.eclipse.jdt.internal.compiler.util.HashtableOfInt.put(ILjava/lang/Object;)Ljava/lang/Object; @ 17 c2
Event: 5.213 Thread 0x0000026d3cfd4cd0 DEOPT PACKING pc=0x0000026d21ceaebc sp=0x00000087f4cfde80
Event: 5.213 Thread 0x0000026d3cfd4cd0 DEOPT UNPACKING pc=0x0000026d213f9ea3 sp=0x00000087f4cfde10 mode 2

Classes unloaded (7 events):
Event: 1.751 Thread 0x0000026d173868c0 Unloading class 0x000000010021a000 'java/lang/invoke/LambdaForm$MH+0x000000010021a000'
Event: 1.751 Thread 0x0000026d173868c0 Unloading class 0x0000000100219c00 'java/lang/invoke/LambdaForm$MH+0x0000000100219c00'
Event: 1.751 Thread 0x0000026d173868c0 Unloading class 0x0000000100219800 'java/lang/invoke/LambdaForm$MH+0x0000000100219800'
Event: 1.751 Thread 0x0000026d173868c0 Unloading class 0x0000000100219400 'java/lang/invoke/LambdaForm$MH+0x0000000100219400'
Event: 1.751 Thread 0x0000026d173868c0 Unloading class 0x0000000100219000 'java/lang/invoke/LambdaForm$BMH+0x0000000100219000'
Event: 1.751 Thread 0x0000026d173868c0 Unloading class 0x0000000100218c00 'java/lang/invoke/LambdaForm$DMH+0x0000000100218c00'
Event: 1.751 Thread 0x0000026d173868c0 Unloading class 0x0000000100216000 'java/lang/invoke/LambdaForm$DMH+0x0000000100216000'

Classes redefined (0 events):
No events

Internal exceptions (20 events):
Event: 3.395 Thread 0x0000026d3305a8c0 Exception <a 'java/io/FileNotFoundException'{0x00000000ead624a0}> (0x00000000ead624a0) 
thrown [s\src\hotspot\share\prims\jni.cpp, line 516]
Event: 3.396 Thread 0x0000026d3305a8c0 Exception <a 'java/io/FileNotFoundException'{0x00000000ead639e8}> (0x00000000ead639e8) 
thrown [s\src\hotspot\share\prims\jni.cpp, line 516]
Event: 3.397 Thread 0x0000026d3305a8c0 Exception <a 'java/lang/NoSuchMethodError'{0x00000000ead6fbb0}: 'void java.lang.invoke.DirectMethodHandle$Holder.invokeStaticInit(java.lang.Object, java.lang.Object, java.lang.Object)'> (0x00000000ead6fbb0) 
thrown [s\src\hotspot\share\interpreter\linkResolver.cpp, line 759]
Event: 3.721 Thread 0x0000026d33058550 Exception <a 'java/lang/NoSuchMethodError'{0x00000000eb349680}: 'java.lang.Object java.lang.invoke.DirectMethodHandle$Holder.invokeInterface(java.lang.Object, java.lang.Object, java.lang.Object)'> (0x00000000eb349680) 
thrown [s\src\hotspot\share\interpreter\linkResolver.cpp, line 759]
Event: 3.721 Thread 0x0000026d3cfd7f70 Exception <a 'java/lang/NoSuchMethodError'{0x00000000eb3713d8}: 'java.lang.Object java.lang.invoke.DirectMethodHandle$Holder.invokeInterface(java.lang.Object, java.lang.Object, java.lang.Object)'> (0x00000000eb3713d8) 
thrown [s\src\hotspot\share\interpreter\linkResolver.cpp, line 759]
Event: 3.721 Thread 0x0000026d3cfd47c0 Exception <a 'java/lang/NoSuchMethodError'{0x00000000eb337708}: 'java.lang.Object java.lang.invoke.DirectMethodHandle$Holder.invokeInterface(java.lang.Object, java.lang.Object, java.lang.Object)'> (0x00000000eb337708) 
thrown [s\src\hotspot\share\interpreter\linkResolver.cpp, line 759]
Event: 3.722 Thread 0x0000026d3cfd7a60 Exception <a 'java/lang/NoSuchMethodError'{0x00000000eb34d5e0}: 'java.lang.Object java.lang.invoke.DirectMethodHandle$Holder.invokeInterface(java.lang.Object, java.lang.Object, java.lang.Object)'> (0x00000000eb34d5e0) 
thrown [s\src\hotspot\share\interpreter\linkResolver.cpp, line 759]
Event: 3.933 Thread 0x0000026d3cfd47c0 Exception <a 'java/lang/LinkageError'{0x00000000eafe8ba0}: loader lombok.launch.ShadowClassLoader @2a923c85 attempted duplicate class definition for lombok.launch.PatchFixesHider$Transform. (lombok.launch.PatchFixesHider$Transform is in unnamed module of loader lombok.launch.ShadowClassLoader @2a923c85, parent loader org.eclipse.osgi.internal.loader.EquinoxClassLoader @18104124)> (0x00000000eafe8ba0) 
thrown [s\src\hotspot\share\classfile\systemDictionary.cpp, line 1724]
Event: 3.933 Thread 0x0000026d3cfd7a60 Exception <a 'java/lang/LinkageError'{0x00000000eb044808}: loader lombok.launch.ShadowClassLoader @2a923c85 attempted duplicate class definition for lombok.launch.PatchFixesHider$Transform. (lombok.launch.PatchFixesHider$Transform is in unnamed module of loader lombok.launch.ShadowClassLoader @2a923c85, parent loader org.eclipse.osgi.internal.loader.EquinoxClassLoader @18104124)> (0x00000000eb044808) 
thrown [s\src\hotspot\share\classfile\systemDictionary.cpp, line 1724]
Event: 3.934 Thread 0x0000026d3cfd7f70 Exception <a 'java/lang/LinkageError'{0x00000000eb011da0}: loader lombok.launch.ShadowClassLoader @2a923c85 attempted duplicate class definition for lombok.launch.PatchFixesHider$Transform. (lombok.launch.PatchFixesHider$Transform is in unnamed module of loader lombok.launch.ShadowClassLoader @2a923c85, parent loader org.eclipse.osgi.internal.loader.EquinoxClassLoader @18104124)> (0x00000000eb011da0) 
thrown [s\src\hotspot\share\classfile\systemDictionary.cpp, line 1724]
Event: 4.027 Thread 0x0000026d3305a3b0 Exception <a 'java/io/FileNotFoundException'{0x00000000eb8001b8}> (0x00000000eb8001b8) 
thrown [s\src\hotspot\share\prims\jni.cpp, line 516]
Event: 4.212 Thread 0x0000026d33058550 Implicit null exception at 0x0000026d21d1a1cf to 0x0000026d21d1ae48
Event: 4.277 Thread 0x0000026d33058550 Exception <a 'java/lang/LinkageError'{0x00000000eb880688}: loader lombok.launch.ShadowClassLoader @2a923c85 attempted duplicate class definition for lombok.launch.PatchFixesHider$ValPortal. (lombok.launch.PatchFixesHider$ValPortal is in unnamed module of loader lombok.launch.ShadowClassLoader @2a923c85, parent loader org.eclipse.osgi.internal.loader.EquinoxClassLoader @18104124)> (0x00000000eb880688) 
thrown [s\src\hotspot\share\classfile\systemDictionary.cpp, line 1724]
Event: 4.277 Thread 0x0000026d3cfd7a60 Exception <a 'java/lang/LinkageError'{0x00000000eb85c220}: loader lombok.launch.ShadowClassLoader @2a923c85 attempted duplicate class definition for lombok.launch.PatchFixesHider$ValPortal. (lombok.launch.PatchFixesHider$ValPortal is in unnamed module of loader lombok.launch.ShadowClassLoader @2a923c85, parent loader org.eclipse.osgi.internal.loader.EquinoxClassLoader @18104124)> (0x00000000eb85c220) 
thrown [s\src\hotspot\share\classfile\systemDictionary.cpp, line 1724]
Event: 4.277 Thread 0x0000026d3cfd47c0 Exception <a 'java/lang/LinkageError'{0x00000000eb8d8620}: loader lombok.launch.ShadowClassLoader @2a923c85 attempted duplicate class definition for lombok.launch.PatchFixesHider$ValPortal. (lombok.launch.PatchFixesHider$ValPortal is in unnamed module of loader lombok.launch.ShadowClassLoader @2a923c85, parent loader org.eclipse.osgi.internal.loader.EquinoxClassLoader @18104124)> (0x00000000eb8d8620) 
thrown [s\src\hotspot\share\classfile\systemDictionary.cpp, line 1724]
Event: 5.076 Thread 0x0000026d33058550 Exception <a 'java/lang/NoSuchMethodError'{0x00000000eb4ae538}: 'java.lang.Object java.lang.invoke.DirectMethodHandle$Holder.newInvokeSpecial(java.lang.Object, java.lang.Object, java.lang.Object, int)'> (0x00000000eb4ae538) 
thrown [s\src\hotspot\share\interpreter\linkResolver.cpp, line 759]
Event: 5.076 Thread 0x0000026d33058550 Exception <a 'java/lang/NoSuchMethodError'{0x00000000eb4b2640}: 'java.lang.Object java.lang.invoke.DirectMethodHandle$Holder.invokeSpecial(java.lang.Object, java.lang.Object, java.lang.Object, java.lang.Object, int)'> (0x00000000eb4b2640) 
thrown [s\src\hotspot\share\interpreter\linkResolver.cpp, line 759]
Event: 5.076 Thread 0x0000026d33058550 Exception <a 'java/lang/NoSuchMethodError'{0x00000000eb4b5d48}: 'java.lang.Object java.lang.invoke.Invokers$Holder.linkToTargetMethod(java.lang.Object, java.lang.Object, int, java.lang.Object)'> (0x00000000eb4b5d48) 
thrown [s\src\hotspot\share\interpreter\linkResolver.cpp, line 759]
Event: 5.083 Thread 0x0000026d33058550 Exception <a 'java/io/FileNotFoundException'{0x00000000eb4e7080}> (0x00000000eb4e7080) 
thrown [s\src\hotspot\share\prims\jni.cpp, line 516]
Event: 5.159 Thread 0x0000026d33058550 Exception <a 'java/lang/NoSuchMethodError'{0x00000000ebdcb200}: 'int java.lang.invoke.DirectMethodHandle$Holder.invokeVirtual(java.lang.Object, java.lang.Object, java.lang.Object)'> (0x00000000ebdcb200) 
thrown [s\src\hotspot\share\interpreter\linkResolver.cpp, line 759]

VM Operations (20 events):
Event: 4.463 Executing VM operation: HandshakeAllThreads
Event: 4.463 Executing VM operation: HandshakeAllThreads done
Event: 4.544 Executing VM operation: HandshakeAllThreads
Event: 4.544 Executing VM operation: HandshakeAllThreads done
Event: 4.651 Executing VM operation: ParallelGCFailedAllocation
Event: 4.652 Executing VM operation: ParallelGCFailedAllocation done
Event: 5.043 Executing VM operation: HandshakeAllThreads
Event: 5.043 Executing VM operation: HandshakeAllThreads done
Event: 5.050 Executing VM operation: HandshakeAllThreads
Event: 5.050 Executing VM operation: HandshakeAllThreads done
Event: 5.083 Executing VM operation: HandshakeAllThreads
Event: 5.083 Executing VM operation: HandshakeAllThreads done
Event: 5.098 Executing VM operation: ICBufferFull
Event: 5.098 Executing VM operation: ICBufferFull done
Event: 5.100 Executing VM operation: HandshakeAllThreads
Event: 5.100 Executing VM operation: HandshakeAllThreads done
Event: 5.172 Executing VM operation: HandshakeAllThreads
Event: 5.172 Executing VM operation: HandshakeAllThreads done
Event: 5.209 Executing VM operation: ParallelGCFailedAllocation
Event: 5.212 Executing VM operation: ParallelGCFailedAllocation done

Events (20 events):
Event: 5.107 Thread 0x0000026d30367800 flushing nmethod 0x0000026d1a89a310
Event: 5.107 Thread 0x0000026d30367800 flushing nmethod 0x0000026d1a89ac10
Event: 5.107 Thread 0x0000026d30367800 flushing nmethod 0x0000026d1a89dc90
Event: 5.107 Thread 0x0000026d30367800 flushing nmethod 0x0000026d1a8e5a10
Event: 5.107 Thread 0x0000026d30367800 flushing nmethod 0x0000026d1a8e9490
Event: 5.107 Thread 0x0000026d30367800 flushing nmethod 0x0000026d1a8f7d10
Event: 5.107 Thread 0x0000026d30367800 flushing nmethod 0x0000026d1a910290
Event: 5.107 Thread 0x0000026d30367800 flushing nmethod 0x0000026d1a910610
Event: 5.107 Thread 0x0000026d30367800 flushing nmethod 0x0000026d1a913e10
Event: 5.107 Thread 0x0000026d30367800 flushing nmethod 0x0000026d1a916310
Event: 5.107 Thread 0x0000026d30367800 flushing nmethod 0x0000026d1a916890
Event: 5.107 Thread 0x0000026d30367800 flushing nmethod 0x0000026d1a9af790
Event: 5.107 Thread 0x0000026d30367800 flushing nmethod 0x0000026d1a9afb90
Event: 5.107 Thread 0x0000026d30367800 flushing nmethod 0x0000026d1a9aff90
Event: 5.118 Thread 0x0000026d3f220910 Thread added: 0x0000026d3f220910
Event: 5.125 Thread 0x0000026d3f2228f0 Thread added: 0x0000026d3f2228f0
Event: 5.196 loading class java/lang/UnsupportedClassVersionError
Event: 5.197 loading class java/lang/UnsupportedClassVersionError done
Event: 5.212 loading class jdk/internal/reflect/UnsafeQualifiedStaticIntegerFieldAccessorImpl
Event: 5.212 loading class jdk/internal/reflect/UnsafeQualifiedStaticIntegerFieldAccessorImpl done


Dynamic libraries:
0x00007ff76d210000 - 0x00007ff76d21e000 	c:\Users\Legion\.vscode\extensions\redhat.java-1.24.0-win32-x64\jre\17.0.8.1-win32-x86_64\bin\java.exe
0x00007fff8cf10000 - 0x00007fff8d127000 	C:\WINDOWS\SYSTEM32\ntdll.dll
0x00007fff8b490000 - 0x00007fff8b554000 	C:\WINDOWS\System32\KERNEL32.DLL
0x00007fff8a460000 - 0x00007fff8a805000 	C:\WINDOWS\System32\KERNELBASE.dll
0x00007fff8aa50000 - 0x00007fff8ab61000 	C:\WINDOWS\System32\ucrtbase.dll
0x00007fff6ec50000 - 0x00007fff6ec69000 	c:\Users\Legion\.vscode\extensions\redhat.java-1.24.0-win32-x64\jre\17.0.8.1-win32-x86_64\bin\VCRUNTIME140.dll
0x00007fff76020000 - 0x00007fff76037000 	c:\Users\Legion\.vscode\extensions\redhat.java-1.24.0-win32-x64\jre\17.0.8.1-win32-x86_64\bin\jli.dll
0x00007fff8cba0000 - 0x00007fff8cd4e000 	C:\WINDOWS\System32\USER32.dll
0x00007fff8a810000 - 0x00007fff8a836000 	C:\WINDOWS\System32\win32u.dll
0x00007fff766c0000 - 0x00007fff76953000 	C:\WINDOWS\WinSxS\amd64_microsoft.windows.common-controls_6595b64144ccf1df_6.0.22621.2506_none_270c5ae97388e100\COMCTL32.dll
0x00007fff8cd50000 - 0x00007fff8cd79000 	C:\WINDOWS\System32\GDI32.dll
0x00007fff8af00000 - 0x00007fff8afa7000 	C:\WINDOWS\System32\msvcrt.dll
0x00007fff8a280000 - 0x00007fff8a399000 	C:\WINDOWS\System32\gdi32full.dll
0x00007fff8a9b0000 - 0x00007fff8aa4a000 	C:\WINDOWS\System32\msvcp_win.dll
0x00007fff8b1b0000 - 0x00007fff8b1e1000 	C:\WINDOWS\System32\IMM32.DLL
0x00007fff762d0000 - 0x00007fff762dc000 	c:\Users\Legion\.vscode\extensions\redhat.java-1.24.0-win32-x64\jre\17.0.8.1-win32-x86_64\bin\vcruntime140_1.dll
0x00007fff2e820000 - 0x00007fff2e8b1000 	c:\Users\Legion\.vscode\extensions\redhat.java-1.24.0-win32-x64\jre\17.0.8.1-win32-x86_64\bin\msvcp140.dll
0x00007ffeb9ca0000 - 0x00007ffeba8ec000 	c:\Users\Legion\.vscode\extensions\redhat.java-1.24.0-win32-x64\jre\17.0.8.1-win32-x86_64\bin\server\jvm.dll
0x00007fff8ce00000 - 0x00007fff8ceb1000 	C:\WINDOWS\System32\ADVAPI32.dll
0x00007fff8ae50000 - 0x00007fff8aef6000 	C:\WINDOWS\System32\sechost.dll
0x00007fff8b560000 - 0x00007fff8b677000 	C:\WINDOWS\System32\RPCRT4.dll
0x00007fff89090000 - 0x00007fff890dd000 	C:\WINDOWS\SYSTEM32\POWRPROF.dll
0x00007fff75e60000 - 0x00007fff75e69000 	C:\WINDOWS\SYSTEM32\WSOCK32.dll
0x00007fff80a10000 - 0x00007fff80a44000 	C:\WINDOWS\SYSTEM32\WINMM.dll
0x00007fff828e0000 - 0x00007fff828ea000 	C:\WINDOWS\SYSTEM32\VERSION.dll
0x00007fff8cd80000 - 0x00007fff8cdf1000 	C:\WINDOWS\System32\WS2_32.dll
0x00007fff89070000 - 0x00007fff89083000 	C:\WINDOWS\SYSTEM32\UMPDC.dll
0x00007fff892d0000 - 0x00007fff892e8000 	C:\WINDOWS\SYSTEM32\kernel.appcore.dll
0x00007fff761f0000 - 0x00007fff761fa000 	c:\Users\Legion\.vscode\extensions\redhat.java-1.24.0-win32-x64\jre\17.0.8.1-win32-x86_64\bin\jimage.dll
0x00007fff87570000 - 0x00007fff877a3000 	C:\WINDOWS\SYSTEM32\DBGHELP.DLL
0x00007fff8c810000 - 0x00007fff8cb99000 	C:\WINDOWS\System32\combase.dll
0x00007fff8ac60000 - 0x00007fff8ad37000 	C:\WINDOWS\System32\OLEAUT32.dll
0x00007fff69440000 - 0x00007fff69472000 	C:\WINDOWS\SYSTEM32\dbgcore.DLL
0x00007fff8abe0000 - 0x00007fff8ac5a000 	C:\WINDOWS\System32\bcryptPrimitives.dll
0x00007fff75fa0000 - 0x00007fff75fae000 	c:\Users\Legion\.vscode\extensions\redhat.java-1.24.0-win32-x64\jre\17.0.8.1-win32-x86_64\bin\instrument.dll
0x00007fff4c530000 - 0x00007fff4c555000 	c:\Users\Legion\.vscode\extensions\redhat.java-1.24.0-win32-x64\jre\17.0.8.1-win32-x86_64\bin\java.dll
0x00007fff67360000 - 0x00007fff67378000 	c:\Users\Legion\.vscode\extensions\redhat.java-1.24.0-win32-x64\jre\17.0.8.1-win32-x86_64\bin\zip.dll
0x00007fff8b7e0000 - 0x00007fff8c039000 	C:\WINDOWS\System32\SHELL32.dll
0x00007fff88160000 - 0x00007fff88a54000 	C:\WINDOWS\SYSTEM32\windows.storage.dll
0x00007fff88020000 - 0x00007fff8815e000 	C:\WINDOWS\SYSTEM32\wintypes.dll
0x00007fff8c6a0000 - 0x00007fff8c793000 	C:\WINDOWS\System32\SHCORE.dll
0x00007fff8b0c0000 - 0x00007fff8b11e000 	C:\WINDOWS\System32\shlwapi.dll
0x00007fff8a1b0000 - 0x00007fff8a1d6000 	C:\WINDOWS\SYSTEM32\profapi.dll
0x00007fff49340000 - 0x00007fff49359000 	C:\Users\Legion\.vscode\extensions\redhat.java-1.24.0-win32-x64\jre\17.0.8.1-win32-x86_64\bin\net.dll
0x00007fff82580000 - 0x00007fff826b7000 	C:\WINDOWS\SYSTEM32\WINHTTP.dll
0x00007fff897b0000 - 0x00007fff89819000 	C:\WINDOWS\system32\mswsock.dll
0x00007fff49320000 - 0x00007fff49335000 	C:\Users\Legion\.vscode\extensions\redhat.java-1.24.0-win32-x64\jre\17.0.8.1-win32-x86_64\bin\nio.dll
0x00007fff75d50000 - 0x00007fff75d60000 	c:\Users\Legion\.vscode\extensions\redhat.java-1.24.0-win32-x64\jre\17.0.8.1-win32-x86_64\bin\verify.dll
0x00007fff48d10000 - 0x00007fff48d4e000 	C:\Users\Legion\AppData\Roaming\Code\User\globalStorage\redhat.java\1.24.0\config_ss_win\org.eclipse.equinox.launcher\org.eclipse.equinox.launcher.win32.win32.x86_64_1.2.700.v20221108-1024\eclipse_11801.dll
0x00007fff8b2f0000 - 0x00007fff8b490000 	C:\WINDOWS\System32\ole32.dll
0x00007fff899d0000 - 0x00007fff899eb000 	C:\WINDOWS\SYSTEM32\CRYPTSP.dll
0x00007fff89290000 - 0x00007fff892c5000 	C:\WINDOWS\system32\rsaenh.dll
0x00007fff89870000 - 0x00007fff8989c000 	C:\WINDOWS\SYSTEM32\USERENV.dll
0x00007fff89c10000 - 0x00007fff89c38000 	C:\WINDOWS\SYSTEM32\bcrypt.dll
0x00007fff899f0000 - 0x00007fff899fc000 	C:\WINDOWS\SYSTEM32\CRYPTBASE.dll
0x00007fff88d70000 - 0x00007fff88d9d000 	C:\WINDOWS\SYSTEM32\IPHLPAPI.DLL
0x00007fff8b030000 - 0x00007fff8b039000 	C:\WINDOWS\System32\NSI.dll
0x00007fff828c0000 - 0x00007fff828d9000 	C:\WINDOWS\SYSTEM32\dhcpcsvc6.DLL
0x00007fff82560000 - 0x00007fff8257f000 	C:\WINDOWS\SYSTEM32\dhcpcsvc.DLL
0x00007fff88da0000 - 0x00007fff88e99000 	C:\WINDOWS\SYSTEM32\DNSAPI.dll
0x00007fff2ea00000 - 0x00007fff2ea45000 	C:\Users\Legion\AppData\Local\Temp\jna--2022703270\jna17938918747910973434.dll
0x00007fff8b7d0000 - 0x00007fff8b7d8000 	C:\WINDOWS\System32\PSAPI.DLL

dbghelp: loaded successfully - version: 4.0.5 - missing functions: none
symbol engine: initialized successfully - sym options: 0x614 - pdb path: .;c:\Users\Legion\.vscode\extensions\redhat.java-1.24.0-win32-x64\jre\17.0.8.1-win32-x86_64\bin;C:\WINDOWS\SYSTEM32;C:\WINDOWS\WinSxS\amd64_microsoft.windows.common-controls_6595b64144ccf1df_6.0.22621.2506_none_270c5ae97388e100;c:\Users\Legion\.vscode\extensions\redhat.java-1.24.0-win32-x64\jre\17.0.8.1-win32-x86_64\bin\server;C:\Users\Legion\AppData\Roaming\Code\User\globalStorage\redhat.java\1.24.0\config_ss_win\org.eclipse.equinox.launcher\org.eclipse.equinox.launcher.win32.win32.x86_64_1.2.700.v20221108-1024;C:\Users\Legion\AppData\Local\Temp\jna--2022703270

VM Arguments:
jvm_args: --add-modules=ALL-SYSTEM --add-opens=java.base/java.util=ALL-UNNAMED --add-opens=java.base/java.lang=ALL-UNNAMED --add-opens=java.base/sun.nio.fs=ALL-UNNAMED -Declipse.application=org.eclipse.jdt.ls.core.id1 -Dosgi.bundles.defaultStartLevel=4 -Declipse.product=org.eclipse.jdt.ls.core.product -Djava.import.generatesMetadataFilesAtProjectRoot=false -DDetectVMInstallationsJob.disabled=true -Dfile.encoding=utf8 -XX:+UseParallelGC -XX:GCTimeRatio=4 -XX:AdaptiveSizePolicyWeight=90 -Dsun.zip.disableMemoryMapping=true -Xmx1G -Xms100m -Xlog:disable -javaagent:c:\Users\Legion\.vscode\extensions\redhat.java-1.24.0-win32-x64\lombok\lombok-1.18.30.jar 
java_command: c:\Users\Legion\.vscode\extensions\redhat.java-1.24.0-win32-x64\server\plugins\org.eclipse.equinox.launcher_1.6.500.v20230717-2134.jar -configuration c:\Users\Legion\AppData\Roaming\Code\User\globalStorage\redhat.java\1.24.0\config_ss_win -data c:\Users\Legion\AppData\Roaming\Code\User\workspaceStorage\13b20aa23176f2ed0425dcaf36fe3239\redhat.java\ss_ws --stdio
java_class_path (initial): c:\Users\Legion\.vscode\extensions\redhat.java-1.24.0-win32-x64\server\plugins\org.eclipse.equinox.launcher_1.6.500.v20230717-2134.jar
Launcher Type: SUN_STANDARD

[Global flags]
    uintx AdaptiveSizePolicyWeight                 = 90                                        {product} {command line}
     intx CICompilerCount                          = 12                                        {product} {ergonomic}
    uintx GCTimeRatio                              = 4                                         {product} {command line}
   size_t InitialHeapSize                          = 104857600                                 {product} {command line}
   size_t MaxHeapSize                              = 1073741824                                {product} {command line}
   size_t MaxNewSize                               = 357564416                                 {product} {ergonomic}
   size_t MinHeapDeltaBytes                        = 524288                                    {product} {ergonomic}
   size_t MinHeapSize                              = 104857600                                 {product} {command line}
   size_t NewSize                                  = 34603008                                  {product} {ergonomic}
    uintx NonNMethodCodeHeapSize                   = 7602480                                {pd product} {ergonomic}
    uintx NonProfiledCodeHeapSize                  = 122027880                              {pd product} {ergonomic}
   size_t OldSize                                  = 70254592                                  {product} {ergonomic}
    uintx ProfiledCodeHeapSize                     = 122027880                              {pd product} {ergonomic}
    uintx ReservedCodeCacheSize                    = 251658240                              {pd product} {ergonomic}
     bool SegmentedCodeCache                       = true                                      {product} {ergonomic}
   size_t SoftMaxHeapSize                          = 1073741824                             {manageable} {ergonomic}
     bool UseCompressedClassPointers               = true                           {product lp64_product} {ergonomic}
     bool UseCompressedOops                        = true                           {product lp64_product} {ergonomic}
     bool UseLargePagesIndividualAllocation        = false                                  {pd product} {ergonomic}
     bool UseParallelGC                            = true                                      {product} {command line}

Logging:
Log output configuration:
 #0: stdout all=off uptime,level,tags
 #1: stderr all=off uptime,level,tags

Environment Variables:
PATH=C:\Program Files\Common Files\Oracle\Java\javapath;C:\Program Files (x86)\Common Files\Oracle\Java\javapath;C:\Python311\Scripts\;C:\Python311\;C:\Program Files\Python310\Scripts\;C:\Program Files\Python310\;C:\Program Files\Java\jdk-18.0.2\bin;C:\Program Files\nodejs\;C:\Program Files\php-8.1.11-Win32-vs16-x64;C:\WINDOWS\system32;C:\WINDOWS;C:\WINDOWS\System32\Wbem;C:\WINDOWS\System32\WindowsPowerShell\v1.0\;C:\WINDOWS\System32\OpenSSH\;C:\ProgramData\chocolatey\bin;C:\Program Files\NVIDIA Corporation\NVIDIA NvDLISR;C:\Program Files\dotnet\;C:\Program Files\Java\jdk-21\bin;C:\Program Files\Git\cmd;D:\Programming Apps\Microsoft VS Code\bin;C:\Users\Legion\AppData\Roaming\npm;C:\Users\Legion\AppData\Local\Microsoft\WindowsApps;C:\Users\Legion\AppData\Local\GitHubDesktop\bin
USERNAME=Legion
OS=Windows_NT
PROCESSOR_IDENTIFIER=Intel64 Family 6 Model 141 Stepping 1, GenuineIntel
TMP=C:\Users\Legion\AppData\Local\Temp
TEMP=C:\Users\Legion\AppData\Local\Temp



---------------  S Y S T E M  ---------------

OS:
 Windows 11 , 64 bit Build 22621 (10.0.22621.2506)
OS uptime: 0 days 20:19 hours
Hyper-V role detected

CPU: total 16 (initial active 16) (8 cores per cpu, 2 threads per core) family 6 model 141 stepping 1 microcode 0x42, cx8, cmov, fxsr, ht, mmx, 3dnowpref, sse, sse2, sse3, ssse3, sse4.1, sse4.2, popcnt, lzcnt, tsc, tscinvbit, avx, avx2, aes, erms, clmul, bmi1, bmi2, adx, avx512f, avx512dq, avx512cd, avx512bw, avx512vl, sha, fma, vzeroupper, avx512_vpopcntdq, avx512_vpclmulqdq, avx512_vaes, avx512_vnni, clflush, clflushopt, clwb, avx512_vbmi2, avx512_vbmi, hv
Processor Information for all 16 processors :
  Max Mhz: 2304, Current Mhz: 2304, Mhz Limit: 2304

Memory: 4k page, system-wide physical 16235M (5793M free)
TotalPageFile size 18283M (AvailPageFile size 93M)
current process WorkingSet (physical memory assigned to process): 225M, peak: 232M
current process commit charge ("private bytes"): 323M, peak: 332M

vm_info: OpenJDK 64-Bit Server VM (17.0.8.1+1) for windows-amd64 JRE (17.0.8.1+1), built on Aug 23 2023 15:29:17 by "admin" with MS VC++ 16.7 (VS2019)

END.
