#
# There is insufficient memory for the Java Runtime Environment to continue.
# Native memory allocation (malloc) failed to allocate 786096 bytes for Chunk::new
# Possible reasons:
#   The system is out of physical RAM or swap space
#   The process is running with CompressedOops enabled, and the Java Heap may be blocking the growth of the native heap
# Possible solutions:
#   Reduce memory load on the system
#   Increase physical memory or swap space
#   Check if swap backing store is full
#   Decrease Java heap size (-Xmx/-Xms)
#   Decrease number of Java threads
#   Decrease Java thread stack sizes (-Xss)
#   Set larger code cache with -XX:ReservedCodeCacheSize=
#   JVM is running with Unscaled Compressed Oops mode in which the Java heap is
#     placed in the first 4GB address space. The Java Heap base address is the
#     maximum limit for the native heap growth. Please use -XX:HeapBaseMinAddress
#     to set the Java Heap base and to place the Java Heap above 4GB virtual address.
# This output file may be truncated or incomplete.
#
#  Out of Memory Error (arena.cpp:189), pid=22828, tid=26692
#
# JRE version: OpenJDK Runtime Environment Temurin-17.0.8.1+1 (17.0.8.1+1) (build 17.0.8.1+1)
# Java VM: OpenJDK 64-Bit Server VM Temurin-17.0.8.1+1 (17.0.8.1+1, mixed mode, tiered, compressed oops, compressed class ptrs, parallel gc, windows-amd64)
# No core dump will be written. Minidumps are not enabled by default on client versions of Windows
#

---------------  S U M M A R Y ------------

Command Line: --add-modules=ALL-SYSTEM --add-opens=java.base/java.util=ALL-UNNAMED --add-opens=java.base/java.lang=ALL-UNNAMED --add-opens=java.base/sun.nio.fs=ALL-UNNAMED -Declipse.application=org.eclipse.jdt.ls.core.id1 -Dosgi.bundles.defaultStartLevel=4 -Declipse.product=org.eclipse.jdt.ls.core.product -Djava.import.generatesMetadataFilesAtProjectRoot=false -DDetectVMInstallationsJob.disabled=true -Dfile.encoding=utf8 -XX:+UseParallelGC -XX:GCTimeRatio=4 -XX:AdaptiveSizePolicyWeight=90 -Dsun.zip.disableMemoryMapping=true -Xmx1G -Xms100m -Xlog:disable -javaagent:c:\Users\Legion\.vscode\extensions\redhat.java-1.24.0-win32-x64\lombok\lombok-1.18.30.jar -XX:+HeapDumpOnOutOfMemoryError -XX:HeapDumpPath=c:\Users\Legion\AppData\Roaming\Code\User\workspaceStorage\13b20aa23176f2ed0425dcaf36fe3239\redhat.java -Daether.dependencyCollector.impl=bf c:\Users\Legion\.vscode\extensions\redhat.java-1.24.0-win32-x64\server\plugins\org.eclipse.equinox.launcher_1.6.500.v20230717-2134.jar -configuration c:\Users\Legion\AppData\Roaming\Code\User\globalStorage\redhat.java\1.24.0\config_win -data c:\Users\Legion\AppData\Roaming\Code\User\workspaceStorage\13b20aa23176f2ed0425dcaf36fe3239\redhat.java\jdt_ws --stdio

Host: 11th Gen Intel(R) Core(TM) i7-11800H @ 2.30GHz, 16 cores, 15G,  Windows 11 , 64 bit Build 22621 (10.0.22621.2506)
Time: Fri Nov 24 21:45:02 2023 SE Asia Standard Time elapsed time: 5.002976 seconds (0d 0h 0m 5s)

---------------  T H R E A D  ---------------

Current thread (0x0000027ed2099940):  JavaThread "C2 CompilerThread6" daemon [_thread_in_native, id=26692, stack(0x000000f756600000,0x000000f756700000)]


Current CompileTask:
C2:   5003 5680 %     4       java.io.WinNTFileSystem::normalize @ 22 (143 bytes)

Stack: [0x000000f756600000,0x000000f756700000]
Native frames: (J=compiled Java code, j=interpreted, Vv=VM code, C=native code)
V  [jvm.dll+0x678b0a]
V  [jvm.dll+0x835e84]
V  [jvm.dll+0x83762e]
V  [jvm.dll+0x837c93]
V  [jvm.dll+0x24746f]
V  [jvm.dll+0xac20c]
V  [jvm.dll+0xac7dc]
V  [jvm.dll+0x365c52]
V  [jvm.dll+0x3301a1]
V  [jvm.dll+0x32f64a]
V  [jvm.dll+0x219bf1]
V  [jvm.dll+0x219011]
V  [jvm.dll+0x1a534d]
V  [jvm.dll+0x228d8a]
V  [jvm.dll+0x226dcc]
V  [jvm.dll+0x7ec09b]
V  [jvm.dll+0x7e64ca]
V  [jvm.dll+0x677955]
C  [ucrtbase.dll+0x29363]
C  [KERNEL32.DLL+0x1257d]
C  [ntdll.dll+0x5aa58]


---------------  P R O C E S S  ---------------

Threads class SMR info:
_java_thread_list=0x0000027ed2e24ed0, length=36, elements={
0x0000027eb4919030, 0x0000027eb49a4d00, 0x0000027ec878c920, 0x0000027ecdba3f30,
0x0000027ecdba4900, 0x0000027ecdba6b80, 0x0000027ecdba7a60, 0x0000027ecdbadaa0,
0x0000027ecdbb4060, 0x0000027ecdbb5110, 0x0000027ecdcb6020, 0x0000027ecdc26110,
0x0000027eb497cb40, 0x0000027ecdd72b90, 0x0000027ecfaba260, 0x0000027ed015f040,
0x0000027ed0291920, 0x0000027ed0292610, 0x0000027ed08e15c0, 0x0000027ed0d6ab50,
0x0000027ed0d6a130, 0x0000027ed0d6c4a0, 0x0000027ed0d68cf0, 0x0000027ed0d6b570,
0x0000027ed0e55a50, 0x0000027ecdd730b0, 0x0000027ed0d69710, 0x0000027ed0d69c20,
0x0000027ed0d6b060, 0x0000027ed0d6bf90, 0x0000027ed1d4e7c0, 0x0000027ed1d48ca0,
0x0000027ed3f20fa0, 0x0000027ed3096800, 0x0000027ed1a2e560, 0x0000027ed2099940
}

Java Threads: ( => current thread )
  0x0000027eb4919030 JavaThread "main" [_thread_blocked, id=5284, stack(0x000000f753400000,0x000000f753500000)]
  0x0000027eb49a4d00 JavaThread "Reference Handler" daemon [_thread_blocked, id=27348, stack(0x000000f753700000,0x000000f753800000)]
  0x0000027ec878c920 JavaThread "Finalizer" daemon [_thread_blocked, id=26660, stack(0x000000f753800000,0x000000f753900000)]
  0x0000027ecdba3f30 JavaThread "Signal Dispatcher" daemon [_thread_blocked, id=27600, stack(0x000000f753900000,0x000000f753a00000)]
  0x0000027ecdba4900 JavaThread "Attach Listener" daemon [_thread_blocked, id=24868, stack(0x000000f753a00000,0x000000f753b00000)]
  0x0000027ecdba6b80 JavaThread "Service Thread" daemon [_thread_blocked, id=27644, stack(0x000000f753b00000,0x000000f753c00000)]
  0x0000027ecdba7a60 JavaThread "Monitor Deflation Thread" daemon [_thread_blocked, id=19528, stack(0x000000f753c00000,0x000000f753d00000)]
  0x0000027ecdbadaa0 JavaThread "C2 CompilerThread0" daemon [_thread_blocked, id=27316, stack(0x000000f753d00000,0x000000f753e00000)]
  0x0000027ecdbb4060 JavaThread "C1 CompilerThread0" daemon [_thread_blocked, id=10012, stack(0x000000f753e00000,0x000000f753f00000)]
  0x0000027ecdbb5110 JavaThread "Sweeper thread" daemon [_thread_blocked, id=26364, stack(0x000000f753f00000,0x000000f754000000)]
  0x0000027ecdcb6020 JavaThread "Common-Cleaner" daemon [_thread_blocked, id=26884, stack(0x000000f754000000,0x000000f754100000)]
  0x0000027ecdc26110 JavaThread "C1 CompilerThread1" daemon [_thread_blocked, id=22732, stack(0x000000f754100000,0x000000f754200000)]
  0x0000027eb497cb40 JavaThread "C1 CompilerThread2" daemon [_thread_blocked, id=9248, stack(0x000000f754200000,0x000000f754300000)]
  0x0000027ecdd72b90 JavaThread "C2 CompilerThread1" daemon [_thread_blocked, id=9372, stack(0x000000f754300000,0x000000f754400000)]
  0x0000027ecfaba260 JavaThread "Notification Thread" daemon [_thread_blocked, id=2120, stack(0x000000f754500000,0x000000f754600000)]
  0x0000027ed015f040 JavaThread "Active Thread: Equinox Container: 4d1399d6-9a18-4e6e-b971-5efbb33b8dd8" [_thread_blocked, id=16692, stack(0x000000f754700000,0x000000f754800000)]
  0x0000027ed0291920 JavaThread "Framework Event Dispatcher: Equinox Container: 4d1399d6-9a18-4e6e-b971-5efbb33b8dd8" daemon [_thread_blocked, id=27020, stack(0x000000f754d00000,0x000000f754e00000)]
  0x0000027ed0292610 JavaThread "Start Level: Equinox Container: 4d1399d6-9a18-4e6e-b971-5efbb33b8dd8" daemon [_thread_blocked, id=26028, stack(0x000000f754e00000,0x000000f754f00000)]
  0x0000027ed08e15c0 JavaThread "Bundle File Closer" daemon [_thread_blocked, id=5628, stack(0x000000f755100000,0x000000f755200000)]
  0x0000027ed0d6ab50 JavaThread "SCR Component Actor" daemon [_thread_blocked, id=372, stack(0x000000f755200000,0x000000f755300000)]
  0x0000027ed0d6a130 JavaThread "SCR Component Registry" daemon [_thread_blocked, id=16588, stack(0x000000f755500000,0x000000f755600000)]
  0x0000027ed0d6c4a0 JavaThread "Worker-JM" [_thread_blocked, id=26968, stack(0x000000f755600000,0x000000f755700000)]
  0x0000027ed0d68cf0 JavaThread "Worker-0" [_thread_blocked, id=20648, stack(0x000000f755900000,0x000000f755a00000)]
  0x0000027ed0d6b570 JavaThread "Worker-1" [_thread_blocked, id=26952, stack(0x000000f755a00000,0x000000f755b00000)]
  0x0000027ed0e55a50 JavaThread "C1 CompilerThread3" daemon [_thread_blocked, id=14288, stack(0x000000f755c00000,0x000000f755d00000)]
  0x0000027ecdd730b0 JavaThread "C2 CompilerThread2" daemon [_thread_blocked, id=428, stack(0x000000f754400000,0x000000f754500000)]
  0x0000027ed0d69710 JavaThread "Java indexing" daemon [_thread_blocked, id=22220, stack(0x000000f755d00000,0x000000f755e00000)]
  0x0000027ed0d69c20 JavaThread "JNA Cleaner" daemon [_thread_blocked, id=23628, stack(0x000000f755e00000,0x000000f755f00000)]
  0x0000027ed0d6b060 JavaThread "pool-2-thread-1" [_thread_blocked, id=24980, stack(0x000000f755f00000,0x000000f756000000)]
  0x0000027ed0d6bf90 JavaThread "Worker-2: Initialize Workspace" [_thread_in_native, id=12772, stack(0x000000f756000000,0x000000f756100000)]
  0x0000027ed1d4e7c0 JavaThread "WorkspaceEventsHandler" [_thread_blocked, id=27228, stack(0x000000f756100000,0x000000f756200000)]
  0x0000027ed1d48ca0 JavaThread "pool-1-thread-1" [_thread_in_vm, id=26664, stack(0x000000f756200000,0x000000f756300000)]
  0x0000027ed3f20fa0 JavaThread "C2 CompilerThread3" daemon [_thread_blocked, id=8636, stack(0x000000f756300000,0x000000f756400000)]
  0x0000027ed3096800 JavaThread "C2 CompilerThread4" daemon [_thread_blocked, id=24012, stack(0x000000f756400000,0x000000f756500000)]
  0x0000027ed1a2e560 JavaThread "C2 CompilerThread5" daemon [_thread_in_native, id=25640, stack(0x000000f756500000,0x000000f756600000)]
=>0x0000027ed2099940 JavaThread "C2 CompilerThread6" daemon [_thread_in_native, id=26692, stack(0x000000f756600000,0x000000f756700000)]

Other Threads:
  0x0000027eb49cccd0 VMThread "VM Thread" [stack: 0x000000f753600000,0x000000f753700000] [id=22052]
  0x0000027ecfad0f50 WatcherThread [stack: 0x000000f754600000,0x000000f754700000] [id=10832]
  0x0000027eb49276e0 GCTaskThread "GC Thread#0" [stack: 0x000000f753500000,0x000000f753600000] [id=6072]
  0x0000027ecfd06ec0 GCTaskThread "GC Thread#1" [stack: 0x000000f754800000,0x000000f754900000] [id=10580]
  0x0000027ecfd04090 GCTaskThread "GC Thread#2" [stack: 0x000000f754900000,0x000000f754a00000] [id=19484]
  0x0000027ecfd04350 GCTaskThread "GC Thread#3" [stack: 0x000000f754a00000,0x000000f754b00000] [id=19136]
  0x0000027ecfd04c20 GCTaskThread "GC Thread#4" [stack: 0x000000f754b00000,0x000000f754c00000] [id=8200]
  0x0000027ecfd04ee0 GCTaskThread "GC Thread#5" [stack: 0x000000f754c00000,0x000000f754d00000] [id=18164]
  0x0000027ecff801a0 GCTaskThread "GC Thread#6" [stack: 0x000000f754f00000,0x000000f755000000] [id=19880]
  0x0000027ed04a2ed0 GCTaskThread "GC Thread#7" [stack: 0x000000f755000000,0x000000f755100000] [id=26688]
  0x0000027ed0bd17e0 GCTaskThread "GC Thread#8" [stack: 0x000000f755300000,0x000000f755400000] [id=18464]
  0x0000027ed08b51d0 GCTaskThread "GC Thread#9" [stack: 0x000000f755400000,0x000000f755500000] [id=12452]
  0x0000027ed0f26c80 GCTaskThread "GC Thread#10" [stack: 0x000000f755700000,0x000000f755800000] [id=26584]
  0x0000027ed0b8f030 GCTaskThread "GC Thread#11" [stack: 0x000000f755800000,0x000000f755900000] [id=616]
  0x0000027ed0e8d700 GCTaskThread "GC Thread#12" [stack: 0x000000f755b00000,0x000000f755c00000] [id=27100]

Threads with active compile tasks:
C2 CompilerThread5     5024 5712   !   4       org.eclipse.osgi.internal.weaving.WovenClassImpl::callHooks (409 bytes)
C2 CompilerThread6     5024 5680 %     4       java.io.WinNTFileSystem::normalize @ 22 (143 bytes)

VM state: not at safepoint (normal execution)

VM Mutex/Monitor currently owned by a thread:  ([mutex/lock_event])
[0x0000027eb4914410] SystemDictionary_lock - owner thread: 0x0000000000000000

Heap address: 0x00000000c0000000, size: 1024 MB, Compressed Oops mode: 32-bit

CDS archive(s) not mapped
Compressed class space mapped at: 0x0000000100000000-0x0000000140000000, reserved size: 1073741824
Narrow klass base: 0x0000000000000000, Narrow klass shift: 3, Narrow klass range: 0x140000000

GC Precious Log:
 CPUs: 16 total, 16 available
 Memory: 16235M
 Large Page Support: Disabled
 NUMA Support: Disabled
 Compressed Oops: Enabled (32-bit)
 Alignments: Space 512K, Generation 512K, Heap 2M
 Heap Min Capacity: 100M
 Heap Initial Capacity: 100M
 Heap Max Capacity: 1G
 Pre-touch: Disabled
 Parallel Workers: 13

Heap:
 PSYoungGen      total 23552K, used 2577K [0x00000000eab00000, 0x00000000ec400000, 0x0000000100000000)
  eden space 22016K, 4% used [0x00000000eab00000,0x00000000eac070c0,0x00000000ec080000)
  from space 1536K, 99% used [0x00000000ec100000,0x00000000ec27d580,0x00000000ec280000)
  to   space 1536K, 0% used [0x00000000ec280000,0x00000000ec280000,0x00000000ec400000)
 ParOldGen       total 68608K, used 18831K [0x00000000c0000000, 0x00000000c4300000, 0x00000000eab00000)
  object space 68608K, 27% used [0x00000000c0000000,0x00000000c1263d40,0x00000000c4300000)
 Metaspace       used 50378K, committed 51328K, reserved 1114112K
  class space    used 5444K, committed 5888K, reserved 1048576K

Card table byte_map: [0x0000027eb42b0000,0x0000027eb44c0000] _byte_map_base: 0x0000027eb3cb0000

Marking Bits: (ParMarkBitMap*) 0x00007ffeba8283a0
 Begin Bits: [0x0000027ec6590000, 0x0000027ec7590000)
 End Bits:   [0x0000027ec7590000, 0x0000027ec8590000)

Polling page: 0x0000027eb28e0000

Metaspace:

Usage:
  Non-class:     43.88 MB used.
      Class:      5.32 MB used.
       Both:     49.20 MB used.

Virtual space:
  Non-class space:       64.00 MB reserved,      44.38 MB ( 69%) committed,  1 nodes.
      Class space:        1.00 GB reserved,       5.75 MB ( <1%) committed,  1 nodes.
             Both:        1.06 GB reserved,      50.12 MB (  5%) committed. 

Chunk freelists:
   Non-Class:  3.17 MB
       Class:  10.06 MB
        Both:  13.23 MB

MaxMetaspaceSize: unlimited
CompressedClassSpaceSize: 1.00 GB
Initial GC threshold: 21.00 MB
Current GC threshold: 58.38 MB
CDS: off
MetaspaceReclaimPolicy: balanced
 - commit_granule_bytes: 65536.
 - commit_granule_words: 8192.
 - virtual_space_node_default_size: 8388608.
 - enlarge_chunks_in_place: 1.
 - new_chunks_are_fully_committed: 0.
 - uncommit_free_chunks: 1.
 - use_allocation_guard: 0.
 - handle_deallocations: 1.


Internal statistics:

num_allocs_failed_limit: 6.
num_arena_births: 442.
num_arena_deaths: 14.
num_vsnodes_births: 2.
num_vsnodes_deaths: 0.
num_space_committed: 803.
num_space_uncommitted: 0.
num_chunks_returned_to_freelist: 20.
num_chunks_taken_from_freelist: 2201.
num_chunk_merges: 10.
num_chunk_splits: 1448.
num_chunks_enlarged: 982.
num_inconsistent_stats: 0.

CodeHeap 'non-profiled nmethods': size=119168Kb used=2759Kb max_used=2776Kb free=116408Kb
 bounds [0x0000027ebf130000, 0x0000027ebf410000, 0x0000027ec6590000]
CodeHeap 'profiled nmethods': size=119104Kb used=9958Kb max_used=11737Kb free=109146Kb
 bounds [0x0000027eb7590000, 0x0000027eb8110000, 0x0000027ebe9e0000]
CodeHeap 'non-nmethods': size=7488Kb used=2979Kb max_used=3062Kb free=4508Kb
 bounds [0x0000027ebe9e0000, 0x0000027ebecf0000, 0x0000027ebf130000]
 total_blobs=5550 nmethods=4940 adapters=520
 compilation: enabled
              stopped_count=0, restarted_count=0
 full_count=0

Compilation events (20 events):
Event: 4.984 Thread 0x0000027ecdc26110 5707       3       org.eclipse.core.internal.registry.ConfigurationElementHandle::getAttribute (9 bytes)
Event: 4.984 Thread 0x0000027ecdc26110 nmethod 5707 0x0000027eb7937f90 code [0x0000027eb7938180, 0x0000027eb7938758]
Event: 4.984 Thread 0x0000027eb497cb40 5708       3       org.eclipse.osgi.internal.log.ExtendedLogReaderServiceFactory::incrementNestedCount (17 bytes)
Event: 4.985 Thread 0x0000027eb497cb40 nmethod 5708 0x0000027eb77ed010 code [0x0000027eb77ed1e0, 0x0000027eb77ed6b8]
Event: 4.985 Thread 0x0000027ecdc26110 5709       3       org.eclipse.osgi.internal.log.ExtendedLogReaderServiceFactory::decrementNestedCount (21 bytes)
Event: 4.985 Thread 0x0000027eb497cb40 5710       3       org.eclipse.osgi.internal.framework.BundleContextImpl::getBundle (9 bytes)
Event: 4.985 Thread 0x0000027ecdc26110 nmethod 5709 0x0000027eb77f2f90 code [0x0000027eb77f3160, 0x0000027eb77f36b8]
Event: 4.985 Thread 0x0000027eb497cb40 nmethod 5710 0x0000027eb78f5690 code [0x0000027eb78f5840, 0x0000027eb78f59a8]
Event: 4.985 Thread 0x0000027ecdc26110 5711       3       java.lang.Integer::toString (55 bytes)
Event: 4.985 Thread 0x0000027ecdc26110 nmethod 5711 0x0000027eb798d910 code [0x0000027eb798dae0, 0x0000027eb798de18]
Event: 4.988 Thread 0x0000027ed1a2e560 5712   !   4       org.eclipse.osgi.internal.weaving.WovenClassImpl::callHooks (409 bytes)
Event: 4.993 Thread 0x0000027ecdd72b90 nmethod 5683 0x0000027ebf23db90 code [0x0000027ebf23dde0, 0x0000027ebf23fb68]
Event: 4.998 Thread 0x0000027ecdc26110 5713       3       java.util.UUID::<init> (109 bytes)
Event: 4.998 Thread 0x0000027ecdc26110 nmethod 5713 0x0000027eb7b7eb90 code [0x0000027eb7b7ed40, 0x0000027eb7b7f0b8]
Event: 5.000 Thread 0x0000027ecdbb4060 5714       1       org.eclipse.jdt.internal.core.ClasspathEntry::getPath (5 bytes)
Event: 5.000 Thread 0x0000027ecdbb4060 nmethod 5714 0x0000027ebf19d110 code [0x0000027ebf19d2a0, 0x0000027ebf19d378]
Event: 5.000 Thread 0x0000027eb497cb40 5715       3       org.eclipse.core.runtime.Assert::isLegal (7 bytes)
Event: 5.000 Thread 0x0000027eb497cb40 nmethod 5715 0x0000027eb78f5190 code [0x0000027eb78f5340, 0x0000027eb78f5588]
Event: 5.000 Thread 0x0000027ed0e55a50 5716       3       org.eclipse.core.internal.resources.ResourceInfo::isSet (11 bytes)
Event: 5.000 Thread 0x0000027ed0e55a50 nmethod 5716 0x0000027eb7f25e90 code [0x0000027eb7f26020, 0x0000027eb7f26178]

GC Heap History (20 events):
Event: 2.667 GC heap before
{Heap before GC invocations=7 (full 1):
 PSYoungGen      total 26624K, used 26533K [0x00000000eab00000, 0x00000000ec980000, 0x0000000100000000)
  eden space 25088K, 100% used [0x00000000eab00000,0x00000000ec380000,0x00000000ec380000)
  from space 1536K, 94% used [0x00000000ec400000,0x00000000ec5696c8,0x00000000ec580000)
  to   space 3072K, 0% used [0x00000000ec680000,0x00000000ec680000,0x00000000ec980000)
 ParOldGen       total 68608K, used 10341K [0x00000000c0000000, 0x00000000c4300000, 0x00000000eab00000)
  object space 68608K, 15% used [0x00000000c0000000,0x00000000c0a19548,0x00000000c4300000)
 Metaspace       used 27287K, committed 27904K, reserved 1114112K
  class space    used 2770K, committed 3008K, reserved 1048576K
}
Event: 2.669 GC heap after
{Heap after GC invocations=7 (full 1):
 PSYoungGen      total 25600K, used 3059K [0x00000000eab00000, 0x00000000ece00000, 0x0000000100000000)
  eden space 22528K, 0% used [0x00000000eab00000,0x00000000eab00000,0x00000000ec100000)
  from space 3072K, 99% used [0x00000000ec680000,0x00000000ec97ce40,0x00000000ec980000)
  to   space 5632K, 0% used [0x00000000ec100000,0x00000000ec100000,0x00000000ec680000)
 ParOldGen       total 68608K, used 12051K [0x00000000c0000000, 0x00000000c4300000, 0x00000000eab00000)
  object space 68608K, 17% used [0x00000000c0000000,0x00000000c0bc4db0,0x00000000c4300000)
 Metaspace       used 27287K, committed 27904K, reserved 1114112K
  class space    used 2770K, committed 3008K, reserved 1048576K
}
Event: 2.793 GC heap before
{Heap before GC invocations=8 (full 1):
 PSYoungGen      total 25600K, used 25587K [0x00000000eab00000, 0x00000000ece00000, 0x0000000100000000)
  eden space 22528K, 100% used [0x00000000eab00000,0x00000000ec100000,0x00000000ec100000)
  from space 3072K, 99% used [0x00000000ec680000,0x00000000ec97ce40,0x00000000ec980000)
  to   space 5632K, 0% used [0x00000000ec100000,0x00000000ec100000,0x00000000ec680000)
 ParOldGen       total 68608K, used 12051K [0x00000000c0000000, 0x00000000c4300000, 0x00000000eab00000)
  object space 68608K, 17% used [0x00000000c0000000,0x00000000c0bc4db0,0x00000000c4300000)
 Metaspace       used 30223K, committed 30848K, reserved 1114112K
  class space    used 2973K, committed 3200K, reserved 1048576K
}
Event: 2.794 GC heap after
{Heap after GC invocations=8 (full 1):
 PSYoungGen      total 25088K, used 2874K [0x00000000eab00000, 0x00000000ec780000, 0x0000000100000000)
  eden space 22016K, 0% used [0x00000000eab00000,0x00000000eab00000,0x00000000ec080000)
  from space 3072K, 93% used [0x00000000ec100000,0x00000000ec3ce858,0x00000000ec400000)
  to   space 3584K, 0% used [0x00000000ec400000,0x00000000ec400000,0x00000000ec780000)
 ParOldGen       total 68608K, used 12059K [0x00000000c0000000, 0x00000000c4300000, 0x00000000eab00000)
  object space 68608K, 17% used [0x00000000c0000000,0x00000000c0bc6db0,0x00000000c4300000)
 Metaspace       used 30223K, committed 30848K, reserved 1114112K
  class space    used 2973K, committed 3200K, reserved 1048576K
}
Event: 2.891 GC heap before
{Heap before GC invocations=9 (full 1):
 PSYoungGen      total 25088K, used 24890K [0x00000000eab00000, 0x00000000ec780000, 0x0000000100000000)
  eden space 22016K, 100% used [0x00000000eab00000,0x00000000ec080000,0x00000000ec080000)
  from space 3072K, 93% used [0x00000000ec100000,0x00000000ec3ce858,0x00000000ec400000)
  to   space 3584K, 0% used [0x00000000ec400000,0x00000000ec400000,0x00000000ec780000)
 ParOldGen       total 68608K, used 12059K [0x00000000c0000000, 0x00000000c4300000, 0x00000000eab00000)
  object space 68608K, 17% used [0x00000000c0000000,0x00000000c0bc6db0,0x00000000c4300000)
 Metaspace       used 32267K, committed 32960K, reserved 1114112K
  class space    used 3138K, committed 3456K, reserved 1048576K
}
Event: 2.892 GC heap after
{Heap after GC invocations=9 (full 1):
 PSYoungGen      total 25600K, used 3317K [0x00000000eab00000, 0x00000000ec780000, 0x0000000100000000)
  eden space 22016K, 0% used [0x00000000eab00000,0x00000000eab00000,0x00000000ec080000)
  from space 3584K, 92% used [0x00000000ec400000,0x00000000ec73d790,0x00000000ec780000)
  to   space 3584K, 0% used [0x00000000ec080000,0x00000000ec080000,0x00000000ec400000)
 ParOldGen       total 68608K, used 12067K [0x00000000c0000000, 0x00000000c4300000, 0x00000000eab00000)
  object space 68608K, 17% used [0x00000000c0000000,0x00000000c0bc8db0,0x00000000c4300000)
 Metaspace       used 32267K, committed 32960K, reserved 1114112K
  class space    used 3138K, committed 3456K, reserved 1048576K
}
Event: 3.155 GC heap before
{Heap before GC invocations=10 (full 1):
 PSYoungGen      total 25600K, used 19859K [0x00000000eab00000, 0x00000000ec780000, 0x0000000100000000)
  eden space 22016K, 75% used [0x00000000eab00000,0x00000000ebb277a0,0x00000000ec080000)
  from space 3584K, 92% used [0x00000000ec400000,0x00000000ec73d790,0x00000000ec780000)
  to   space 3584K, 0% used [0x00000000ec080000,0x00000000ec080000,0x00000000ec400000)
 ParOldGen       total 68608K, used 12067K [0x00000000c0000000, 0x00000000c4300000, 0x00000000eab00000)
  object space 68608K, 17% used [0x00000000c0000000,0x00000000c0bc8db0,0x00000000c4300000)
 Metaspace       used 35080K, committed 35840K, reserved 1114112K
  class space    used 3451K, committed 3776K, reserved 1048576K
}
Event: 3.158 GC heap after
{Heap after GC invocations=10 (full 1):
 PSYoungGen      total 24064K, used 1693K [0x00000000eab00000, 0x00000000ec580000, 0x0000000100000000)
  eden space 22016K, 0% used [0x00000000eab00000,0x00000000eab00000,0x00000000ec080000)
  from space 2048K, 82% used [0x00000000ec080000,0x00000000ec227508,0x00000000ec280000)
  to   space 2560K, 0% used [0x00000000ec300000,0x00000000ec300000,0x00000000ec580000)
 ParOldGen       total 68608K, used 14663K [0x00000000c0000000, 0x00000000c4300000, 0x00000000eab00000)
  object space 68608K, 21% used [0x00000000c0000000,0x00000000c0e51ec8,0x00000000c4300000)
 Metaspace       used 35080K, committed 35840K, reserved 1114112K
  class space    used 3451K, committed 3776K, reserved 1048576K
}
Event: 3.158 GC heap before
{Heap before GC invocations=11 (full 2):
 PSYoungGen      total 24064K, used 1693K [0x00000000eab00000, 0x00000000ec580000, 0x0000000100000000)
  eden space 22016K, 0% used [0x00000000eab00000,0x00000000eab00000,0x00000000ec080000)
  from space 2048K, 82% used [0x00000000ec080000,0x00000000ec227508,0x00000000ec280000)
  to   space 2560K, 0% used [0x00000000ec300000,0x00000000ec300000,0x00000000ec580000)
 ParOldGen       total 68608K, used 14663K [0x00000000c0000000, 0x00000000c4300000, 0x00000000eab00000)
  object space 68608K, 21% used [0x00000000c0000000,0x00000000c0e51ec8,0x00000000c4300000)
 Metaspace       used 35080K, committed 35840K, reserved 1114112K
  class space    used 3451K, committed 3776K, reserved 1048576K
}
Event: 3.179 GC heap after
{Heap after GC invocations=11 (full 2):
 PSYoungGen      total 24064K, used 0K [0x00000000eab00000, 0x00000000ec580000, 0x0000000100000000)
  eden space 22016K, 0% used [0x00000000eab00000,0x00000000eab00000,0x00000000ec080000)
  from space 2048K, 0% used [0x00000000ec080000,0x00000000ec080000,0x00000000ec280000)
  to   space 2560K, 0% used [0x00000000ec300000,0x00000000ec300000,0x00000000ec580000)
 ParOldGen       total 68608K, used 13581K [0x00000000c0000000, 0x00000000c4300000, 0x00000000eab00000)
  object space 68608K, 19% used [0x00000000c0000000,0x00000000c0d43520,0x00000000c4300000)
 Metaspace       used 35067K, committed 35840K, reserved 1114112K
  class space    used 3447K, committed 3776K, reserved 1048576K
}
Event: 3.446 GC heap before
{Heap before GC invocations=12 (full 2):
 PSYoungGen      total 24064K, used 22016K [0x00000000eab00000, 0x00000000ec580000, 0x0000000100000000)
  eden space 22016K, 100% used [0x00000000eab00000,0x00000000ec080000,0x00000000ec080000)
  from space 2048K, 0% used [0x00000000ec080000,0x00000000ec080000,0x00000000ec280000)
  to   space 2560K, 0% used [0x00000000ec300000,0x00000000ec300000,0x00000000ec580000)
 ParOldGen       total 68608K, used 13581K [0x00000000c0000000, 0x00000000c4300000, 0x00000000eab00000)
  object space 68608K, 19% used [0x00000000c0000000,0x00000000c0d43520,0x00000000c4300000)
 Metaspace       used 37892K, committed 38784K, reserved 1114112K
  class space    used 3813K, committed 4224K, reserved 1048576K
}
Event: 3.447 GC heap after
{Heap after GC invocations=12 (full 2):
 PSYoungGen      total 23552K, used 1267K [0x00000000eab00000, 0x00000000ec480000, 0x0000000100000000)
  eden space 22016K, 0% used [0x00000000eab00000,0x00000000eab00000,0x00000000ec080000)
  from space 1536K, 82% used [0x00000000ec300000,0x00000000ec43cde8,0x00000000ec480000)
  to   space 1536K, 0% used [0x00000000ec180000,0x00000000ec180000,0x00000000ec300000)
 ParOldGen       total 68608K, used 13589K [0x00000000c0000000, 0x00000000c4300000, 0x00000000eab00000)
  object space 68608K, 19% used [0x00000000c0000000,0x00000000c0d45520,0x00000000c4300000)
 Metaspace       used 37892K, committed 38784K, reserved 1114112K
  class space    used 3813K, committed 4224K, reserved 1048576K
}
Event: 3.687 GC heap before
{Heap before GC invocations=13 (full 2):
 PSYoungGen      total 23552K, used 23283K [0x00000000eab00000, 0x00000000ec480000, 0x0000000100000000)
  eden space 22016K, 100% used [0x00000000eab00000,0x00000000ec080000,0x00000000ec080000)
  from space 1536K, 82% used [0x00000000ec300000,0x00000000ec43cde8,0x00000000ec480000)
  to   space 1536K, 0% used [0x00000000ec180000,0x00000000ec180000,0x00000000ec300000)
 ParOldGen       total 68608K, used 13589K [0x00000000c0000000, 0x00000000c4300000, 0x00000000eab00000)
  object space 68608K, 19% used [0x00000000c0000000,0x00000000c0d45520,0x00000000c4300000)
 Metaspace       used 40839K, committed 41664K, reserved 1114112K
  class space    used 4209K, committed 4608K, reserved 1048576K
}
Event: 3.689 GC heap after
{Heap after GC invocations=13 (full 2):
 PSYoungGen      total 23040K, used 864K [0x00000000eab00000, 0x00000000ec380000, 0x0000000100000000)
  eden space 22016K, 0% used [0x00000000eab00000,0x00000000eab00000,0x00000000ec080000)
  from space 1024K, 84% used [0x00000000ec180000,0x00000000ec258000,0x00000000ec280000)
  to   space 1024K, 0% used [0x00000000ec280000,0x00000000ec280000,0x00000000ec380000)
 ParOldGen       total 68608K, used 14622K [0x00000000c0000000, 0x00000000c4300000, 0x00000000eab00000)
  object space 68608K, 21% used [0x00000000c0000000,0x00000000c0e478b0,0x00000000c4300000)
 Metaspace       used 40839K, committed 41664K, reserved 1114112K
  class space    used 4209K, committed 4608K, reserved 1048576K
}
Event: 3.960 GC heap before
{Heap before GC invocations=14 (full 2):
 PSYoungGen      total 23040K, used 22880K [0x00000000eab00000, 0x00000000ec380000, 0x0000000100000000)
  eden space 22016K, 100% used [0x00000000eab00000,0x00000000ec080000,0x00000000ec080000)
  from space 1024K, 84% used [0x00000000ec180000,0x00000000ec258000,0x00000000ec280000)
  to   space 1024K, 0% used [0x00000000ec280000,0x00000000ec280000,0x00000000ec380000)
 ParOldGen       total 68608K, used 14622K [0x00000000c0000000, 0x00000000c4300000, 0x00000000eab00000)
  object space 68608K, 21% used [0x00000000c0000000,0x00000000c0e478b0,0x00000000c4300000)
 Metaspace       used 42422K, committed 43328K, reserved 1114112K
  class space    used 4408K, committed 4800K, reserved 1048576K
}
Event: 3.961 GC heap after
{Heap after GC invocations=14 (full 2):
 PSYoungGen      total 23040K, used 704K [0x00000000eab00000, 0x00000000ec380000, 0x0000000100000000)
  eden space 22016K, 0% used [0x00000000eab00000,0x00000000eab00000,0x00000000ec080000)
  from space 1024K, 68% used [0x00000000ec280000,0x00000000ec330000,0x00000000ec380000)
  to   space 1024K, 0% used [0x00000000ec180000,0x00000000ec180000,0x00000000ec280000)
 ParOldGen       total 68608K, used 15316K [0x00000000c0000000, 0x00000000c4300000, 0x00000000eab00000)
  object space 68608K, 22% used [0x00000000c0000000,0x00000000c0ef5000,0x00000000c4300000)
 Metaspace       used 42422K, committed 43328K, reserved 1114112K
  class space    used 4408K, committed 4800K, reserved 1048576K
}
Event: 4.232 GC heap before
{Heap before GC invocations=15 (full 2):
 PSYoungGen      total 23040K, used 22720K [0x00000000eab00000, 0x00000000ec380000, 0x0000000100000000)
  eden space 22016K, 100% used [0x00000000eab00000,0x00000000ec080000,0x00000000ec080000)
  from space 1024K, 68% used [0x00000000ec280000,0x00000000ec330000,0x00000000ec380000)
  to   space 1024K, 0% used [0x00000000ec180000,0x00000000ec180000,0x00000000ec280000)
 ParOldGen       total 68608K, used 15316K [0x00000000c0000000, 0x00000000c4300000, 0x00000000eab00000)
  object space 68608K, 22% used [0x00000000c0000000,0x00000000c0ef5000,0x00000000c4300000)
 Metaspace       used 44887K, committed 45760K, reserved 1114112K
  class space    used 4733K, committed 5120K, reserved 1048576K
}
Event: 4.234 GC heap after
{Heap after GC invocations=15 (full 2):
 PSYoungGen      total 23040K, used 1024K [0x00000000eab00000, 0x00000000ec480000, 0x0000000100000000)
  eden space 22016K, 0% used [0x00000000eab00000,0x00000000eab00000,0x00000000ec080000)
  from space 1024K, 100% used [0x00000000ec180000,0x00000000ec280000,0x00000000ec280000)
  to   space 2048K, 0% used [0x00000000ec280000,0x00000000ec280000,0x00000000ec480000)
 ParOldGen       total 68608K, used 15900K [0x00000000c0000000, 0x00000000c4300000, 0x00000000eab00000)
  object space 68608K, 23% used [0x00000000c0000000,0x00000000c0f87000,0x00000000c4300000)
 Metaspace       used 44887K, committed 45760K, reserved 1114112K
  class space    used 4733K, committed 5120K, reserved 1048576K
}
Event: 4.651 GC heap before
{Heap before GC invocations=16 (full 2):
 PSYoungGen      total 23040K, used 23040K [0x00000000eab00000, 0x00000000ec480000, 0x0000000100000000)
  eden space 22016K, 100% used [0x00000000eab00000,0x00000000ec080000,0x00000000ec080000)
  from space 1024K, 100% used [0x00000000ec180000,0x00000000ec280000,0x00000000ec280000)
  to   space 2048K, 0% used [0x00000000ec280000,0x00000000ec280000,0x00000000ec480000)
 ParOldGen       total 68608K, used 15900K [0x00000000c0000000, 0x00000000c4300000, 0x00000000eab00000)
  object space 68608K, 23% used [0x00000000c0000000,0x00000000c0f87000,0x00000000c4300000)
 Metaspace       used 47665K, committed 48576K, reserved 1114112K
  class space    used 5096K, committed 5504K, reserved 1048576K
}
Event: 4.653 GC heap after
{Heap after GC invocations=16 (full 2):
 PSYoungGen      total 23552K, used 1408K [0x00000000eab00000, 0x00000000ec400000, 0x0000000100000000)
  eden space 22016K, 0% used [0x00000000eab00000,0x00000000eab00000,0x00000000ec080000)
  from space 1536K, 91% used [0x00000000ec280000,0x00000000ec3e0000,0x00000000ec400000)
  to   space 1536K, 0% used [0x00000000ec100000,0x00000000ec100000,0x00000000ec280000)
 ParOldGen       total 68608K, used 16780K [0x00000000c0000000, 0x00000000c4300000, 0x00000000eab00000)
  object space 68608K, 24% used [0x00000000c0000000,0x00000000c1063000,0x00000000c4300000)
 Metaspace       used 47665K, committed 48576K, reserved 1114112K
  class space    used 5096K, committed 5504K, reserved 1048576K
}

Dll operation events (10 events):
Event: 0.007 Loaded shared library c:\Users\Legion\.vscode\extensions\redhat.java-1.24.0-win32-x64\jre\17.0.8.1-win32-x86_64\bin\java.dll
Event: 0.131 Loaded shared library c:\Users\Legion\.vscode\extensions\redhat.java-1.24.0-win32-x64\jre\17.0.8.1-win32-x86_64\bin\zip.dll
Event: 0.134 Loaded shared library C:\Users\Legion\.vscode\extensions\redhat.java-1.24.0-win32-x64\jre\17.0.8.1-win32-x86_64\bin\instrument.dll
Event: 0.146 Loaded shared library C:\Users\Legion\.vscode\extensions\redhat.java-1.24.0-win32-x64\jre\17.0.8.1-win32-x86_64\bin\net.dll
Event: 0.148 Loaded shared library C:\Users\Legion\.vscode\extensions\redhat.java-1.24.0-win32-x64\jre\17.0.8.1-win32-x86_64\bin\nio.dll
Event: 0.155 Loaded shared library C:\Users\Legion\.vscode\extensions\redhat.java-1.24.0-win32-x64\jre\17.0.8.1-win32-x86_64\bin\zip.dll
Event: 0.168 Loaded shared library C:\Users\Legion\.vscode\extensions\redhat.java-1.24.0-win32-x64\jre\17.0.8.1-win32-x86_64\bin\jimage.dll
Event: 0.220 Loaded shared library c:\Users\Legion\.vscode\extensions\redhat.java-1.24.0-win32-x64\jre\17.0.8.1-win32-x86_64\bin\verify.dll
Event: 1.147 Loaded shared library C:\Users\Legion\AppData\Roaming\Code\User\globalStorage\redhat.java\1.24.0\config_win\org.eclipse.equinox.launcher\org.eclipse.equinox.launcher.win32.win32.x86_64_1.2.700.v20221108-1024\eclipse_11801.dll
Event: 3.112 Loaded shared library C:\Users\Legion\AppData\Local\Temp\jna--2022703270\jna4089728904948446306.dll

Deoptimization events (20 events):
Event: 4.718 Thread 0x0000027ed0d68cf0 DEOPT PACKING pc=0x0000027ebf27ea5c sp=0x000000f7559fdba0
Event: 4.718 Thread 0x0000027ed0d68cf0 DEOPT UNPACKING pc=0x0000027ebea39ea3 sp=0x000000f7559fdb10 mode 2
Event: 4.727 Thread 0x0000027ed0d68cf0 Uncommon trap: trap_request=0xffffff45 fr.pc=0x0000027ebf37c398 relative=0x0000000000007db8
Event: 4.727 Thread 0x0000027ed0d68cf0 Uncommon trap: reason=unstable_if action=reinterpret pc=0x0000027ebf37c398 method=java.util.concurrent.locks.ReentrantLock$Sync.lock()V @ 4 c2
Event: 4.727 Thread 0x0000027ed0d68cf0 DEOPT PACKING pc=0x0000027ebf37c398 sp=0x000000f7559fdd30
Event: 4.727 Thread 0x0000027ed0d68cf0 DEOPT UNPACKING pc=0x0000027ebea39ea3 sp=0x000000f7559fd9a8 mode 2
Event: 4.749 Thread 0x0000027ed1d48ca0 Uncommon trap: trap_request=0xffffff45 fr.pc=0x0000027ebf156ba0 relative=0x0000000000000280
Event: 4.749 Thread 0x0000027ed1d48ca0 Uncommon trap: reason=unstable_if action=reinterpret pc=0x0000027ebf156ba0 method=java.util.HashMap$HashIterator.<init>(Ljava/util/HashMap;)V @ 45 c2
Event: 4.749 Thread 0x0000027ed1d48ca0 DEOPT PACKING pc=0x0000027ebf156ba0 sp=0x000000f7562fdb40
Event: 4.749 Thread 0x0000027ed1d48ca0 DEOPT UNPACKING pc=0x0000027ebea39ea3 sp=0x000000f7562fdad8 mode 2
Event: 4.776 Thread 0x0000027ed0d6bf90 Uncommon trap: trap_request=0xffffff45 fr.pc=0x0000027ebf31c034 relative=0x00000000000057d4
Event: 4.776 Thread 0x0000027ed0d6bf90 Uncommon trap: reason=unstable_if action=reinterpret pc=0x0000027ebf31c034 method=java.util.concurrent.locks.ReentrantLock$Sync.lock()V @ 4 c2
Event: 4.776 Thread 0x0000027ed0d6bf90 DEOPT PACKING pc=0x0000027ebf31c034 sp=0x000000f7560fa870
Event: 4.776 Thread 0x0000027ed0d6bf90 DEOPT UNPACKING pc=0x0000027ebea39ea3 sp=0x000000f7560fa658 mode 2
Event: 4.825 Thread 0x0000027ed1d48ca0 DEOPT PACKING pc=0x0000027eb8002e3f sp=0x000000f7562f75b0
Event: 4.825 Thread 0x0000027ed1d48ca0 DEOPT UNPACKING pc=0x0000027ebea3a9e3 sp=0x000000f7562f6ab8 mode 0
Event: 4.948 Thread 0x0000027ed1d48ca0 DEOPT PACKING pc=0x0000027eb793793d sp=0x000000f7562fd700
Event: 4.948 Thread 0x0000027ed1d48ca0 DEOPT UNPACKING pc=0x0000027ebea3a9e3 sp=0x000000f7562fcb88 mode 0
Event: 4.955 Thread 0x0000027ed1d48ca0 DEOPT PACKING pc=0x0000027eb7879144 sp=0x000000f7562fd4c0
Event: 4.955 Thread 0x0000027ed1d48ca0 DEOPT UNPACKING pc=0x0000027ebea3a9e3 sp=0x000000f7562fca40 mode 0

Classes unloaded (7 events):
Event: 3.161 Thread 0x0000027eb49cccd0 Unloading class 0x0000000100250000 'java/lang/invoke/LambdaForm$MH+0x0000000100250000'
Event: 3.161 Thread 0x0000027eb49cccd0 Unloading class 0x000000010024fc00 'java/lang/invoke/LambdaForm$MH+0x000000010024fc00'
Event: 3.161 Thread 0x0000027eb49cccd0 Unloading class 0x000000010024f800 'java/lang/invoke/LambdaForm$MH+0x000000010024f800'
Event: 3.161 Thread 0x0000027eb49cccd0 Unloading class 0x000000010024f400 'java/lang/invoke/LambdaForm$MH+0x000000010024f400'
Event: 3.161 Thread 0x0000027eb49cccd0 Unloading class 0x000000010024f000 'java/lang/invoke/LambdaForm$BMH+0x000000010024f000'
Event: 3.161 Thread 0x0000027eb49cccd0 Unloading class 0x000000010024ec00 'java/lang/invoke/LambdaForm$DMH+0x000000010024ec00'
Event: 3.161 Thread 0x0000027eb49cccd0 Unloading class 0x000000010024c000 'java/lang/invoke/LambdaForm$DMH+0x000000010024c000'

Classes redefined (0 events):
No events

Internal exceptions (20 events):
Event: 3.298 Thread 0x0000027eb4919030 Exception <a 'java/lang/NoSuchMethodError'{0x00000000eb45bd80}: 'void java.lang.invoke.DirectMethodHandle$Holder.invokeStatic(java.lang.Object, java.lang.Object, java.lang.Object, java.lang.Object)'> (0x00000000eb45bd80) 
thrown [s\src\hotspot\share\interpreter\linkResolver.cpp, line 759]
Event: 3.419 Thread 0x0000027eb4919030 Exception <a 'java/lang/NoSuchMethodError'{0x00000000ebf2ad80}: 'void java.lang.invoke.DirectMethodHandle$Holder.invokeSpecial(java.lang.Object, java.lang.Object, java.lang.Object, java.lang.Object, java.lang.Object, java.lang.Object)'> (0x00000000ebf2ad80) 
thrown [s\src\hotspot\share\interpreter\linkResolver.cpp, line 759]
Event: 3.420 Thread 0x0000027eb4919030 Exception <a 'java/lang/IncompatibleClassChangeError'{0x00000000ebf38e68}: Found class java.lang.Object, but interface was expected> (0x00000000ebf38e68) 
thrown [s\src\hotspot\share\interpreter\linkResolver.cpp, line 826]
Event: 3.534 Thread 0x0000027ed0d6b570 Exception <a 'java/lang/NoSuchMethodError'{0x00000000eb1d0950}: 'java.lang.Object java.lang.invoke.DirectMethodHandle$Holder.invokeSpecialIFC(java.lang.Object, java.lang.Object, java.lang.Object, java.lang.Object)'> (0x00000000eb1d0950) 
thrown [s\src\hotspot\share\interpreter\linkResolver.cpp, line 759]
Event: 3.637 Thread 0x0000027ed0d6b570 Exception <a 'java/lang/NoSuchMethodError'{0x00000000ebbc65c8}: 'int java.lang.invoke.DirectMethodHandle$Holder.invokeSpecialIFC(java.lang.Object, java.lang.Object, java.lang.Object, java.lang.Object, java.lang.Object)'> (0x00000000ebbc65c8) 
thrown [s\src\hotspot\share\interpreter\linkResolver.cpp, line 759]
Event: 3.719 Thread 0x0000027ed0d6b570 Exception <a 'java/lang/NoClassDefFoundError'{0x00000000ead71ad0}: javax/enterprise/inject/Typed> (0x00000000ead71ad0) 
thrown [s\src\hotspot\share\classfile\systemDictionary.cpp, line 245]
Event: 4.310 Thread 0x0000027ed0d6b570 Exception <a 'java/lang/NoSuchMethodError'{0x00000000eb0366f0}: 'void java.lang.invoke.DirectMethodHandle$Holder.invokeStaticInit(java.lang.Object, java.lang.Object, java.lang.Object)'> (0x00000000eb0366f0) 
thrown [s\src\hotspot\share\interpreter\linkResolver.cpp, line 759]
Event: 4.319 Thread 0x0000027ed0d6b570 Exception <a 'java/lang/ExceptionInInitializerError'{0x00000000eb06bc68}> (0x00000000eb06bc68) 
thrown [s\src\hotspot\share\oops\instanceKlass.cpp, line 1218]
Event: 4.327 Thread 0x0000027ed0d6b570 Implicit null exception at 0x0000027ebf2bd0ef to 0x0000027ebf2bde34
Event: 4.365 Thread 0x0000027ed0d6b570 Implicit null exception at 0x0000027ebf242730 to 0x0000027ebf2428ec
Event: 4.365 Thread 0x0000027ed0d6b570 Implicit null exception at 0x0000027ebf1c80e9 to 0x0000027ebf1c9310
Event: 4.369 Thread 0x0000027ed0d6b570 Exception <a 'java/lang/NoSuchMethodError'{0x00000000eb1eecf8}: 'java.lang.Object java.lang.invoke.Invokers$Holder.invokeExact_MT(java.lang.Object, int, java.lang.Object)'> (0x00000000eb1eecf8) 
thrown [s\src\hotspot\share\interpreter\linkResolver.cpp, line 759]
Event: 4.387 Thread 0x0000027ed0d6b570 Exception <a 'java/lang/NoSuchMethodError'{0x00000000eb26e1b8}: 'int java.lang.invoke.DirectMethodHandle$Holder.invokeSpecial(java.lang.Object, java.lang.Object, java.lang.Object, java.lang.Object)'> (0x00000000eb26e1b8) 
thrown [s\src\hotspot\share\interpreter\linkResolver.cpp, line 759]
Event: 4.620 Thread 0x0000027ed0d6b570 Exception <a 'java/lang/NoClassDefFoundError'{0x00000000ebda6c40}: com/google/inject/servlet/ServletModuleTargetVisitor> (0x00000000ebda6c40) 
thrown [s\src\hotspot\share\classfile\systemDictionary.cpp, line 245]
Event: 4.879 Thread 0x0000027ed1d48ca0 Exception <a 'java/io/FileNotFoundException'{0x00000000eba12350}> (0x00000000eba12350) 
thrown [s\src\hotspot\share\prims\jni.cpp, line 516]
Event: 4.916 Thread 0x0000027ed1d48ca0 Exception <a 'sun/nio/fs/WindowsException'{0x00000000ebb88fa8}> (0x00000000ebb88fa8) 
thrown [s\src\hotspot\share\prims\jni.cpp, line 516]
Event: 4.922 Thread 0x0000027ed0d6bf90 Exception <a 'java/lang/NoSuchMethodError'{0x00000000ebc53768}: 'int java.lang.invoke.DirectMethodHandle$Holder.invokeSpecialIFC(java.lang.Object, java.lang.Object, java.lang.Object, java.lang.Object)'> (0x00000000ebc53768) 
thrown [s\src\hotspot\share\interpreter\linkResolver.cpp, line 759]
Event: 4.932 Thread 0x0000027ed0d6bf90 Exception <a 'java/io/FileNotFoundException'{0x00000000ebcf2850}> (0x00000000ebcf2850) 
thrown [s\src\hotspot\share\prims\jni.cpp, line 516]
Event: 4.932 Thread 0x0000027ed0d6bf90 Exception <a 'java/io/FileNotFoundException'{0x00000000ebcf8688}> (0x00000000ebcf8688) 
thrown [s\src\hotspot\share\prims\jni.cpp, line 516]
Event: 5.001 Thread 0x0000027ed1d48ca0 Exception <a 'java/lang/NoSuchMethodError'{0x00000000ebfd6950}: 'int java.lang.invoke.DirectMethodHandle$Holder.invokeVirtual(java.lang.Object, java.lang.Object)'> (0x00000000ebfd6950) 
thrown [s\src\hotspot\share\interpreter\linkResolver.cpp, line 759]

VM Operations (20 events):
Event: 4.418 Executing VM operation: HandshakeAllThreads
Event: 4.418 Executing VM operation: HandshakeAllThreads done
Event: 4.612 Executing VM operation: ICBufferFull
Event: 4.612 Executing VM operation: ICBufferFull done
Event: 4.620 Executing VM operation: HandshakeAllThreads
Event: 4.620 Executing VM operation: HandshakeAllThreads done
Event: 4.631 Executing VM operation: HandshakeAllThreads
Event: 4.631 Executing VM operation: HandshakeAllThreads done
Event: 4.644 Executing VM operation: HandshakeAllThreads
Event: 4.644 Executing VM operation: HandshakeAllThreads done
Event: 4.651 Executing VM operation: ParallelGCFailedAllocation
Event: 4.653 Executing VM operation: ParallelGCFailedAllocation done
Event: 4.670 Executing VM operation: HandshakeAllThreads
Event: 4.671 Executing VM operation: HandshakeAllThreads done
Event: 4.671 Executing VM operation: HandshakeAllThreads
Event: 4.671 Executing VM operation: HandshakeAllThreads done
Event: 4.858 Executing VM operation: HandshakeAllThreads
Event: 4.858 Executing VM operation: HandshakeAllThreads done
Event: 5.000 Executing VM operation: ICBufferFull
Event: 5.001 Executing VM operation: ICBufferFull done

Events (20 events):
Event: 4.928 loading class sun/util/resources/TimeZoneNames_en
Event: 4.928 loading class sun/util/resources/TimeZoneNames_en done
Event: 4.932 loading class sun/nio/fs/WindowsChannelFactory$2
Event: 4.933 loading class sun/nio/fs/WindowsChannelFactory$2 done
Event: 4.933 loading class java/nio/channels/Channels
Event: 4.934 loading class java/nio/channels/Channels done
Event: 4.934 loading class java/nio/channels/Channels$1
Event: 4.934 loading class java/nio/channels/Channels$1 done
Event: 4.934 loading class sun/nio/ch/Util
Event: 4.934 loading class sun/nio/ch/Util done
Event: 4.934 loading class sun/nio/ch/Util$1
Event: 4.934 loading class sun/nio/ch/Util$1 done
Event: 4.935 loading class sun/nio/ch/Util$BufferCache
Event: 4.935 loading class sun/nio/ch/Util$BufferCache done
Event: 4.935 loading class java/nio/DirectByteBuffer$Deallocator
Event: 4.935 loading class java/nio/DirectByteBuffer$Deallocator done
Event: 4.936 loading class java/nio/file/StandardCopyOption
Event: 4.936 loading class java/nio/file/StandardCopyOption done
Event: 4.936 loading class sun/nio/fs/WindowsFileCopy
Event: 4.937 loading class sun/nio/fs/WindowsFileCopy done


Dynamic libraries:
0x00007ff76d210000 - 0x00007ff76d21e000 	c:\Users\Legion\.vscode\extensions\redhat.java-1.24.0-win32-x64\jre\17.0.8.1-win32-x86_64\bin\java.exe
0x00007fff8cf10000 - 0x00007fff8d127000 	C:\WINDOWS\SYSTEM32\ntdll.dll
0x00007fff8b490000 - 0x00007fff8b554000 	C:\WINDOWS\System32\KERNEL32.DLL
0x00007fff8a460000 - 0x00007fff8a805000 	C:\WINDOWS\System32\KERNELBASE.dll
0x00007fff8aa50000 - 0x00007fff8ab61000 	C:\WINDOWS\System32\ucrtbase.dll
0x00007fff76020000 - 0x00007fff76037000 	c:\Users\Legion\.vscode\extensions\redhat.java-1.24.0-win32-x64\jre\17.0.8.1-win32-x86_64\bin\jli.dll
0x00007fff6ec50000 - 0x00007fff6ec69000 	c:\Users\Legion\.vscode\extensions\redhat.java-1.24.0-win32-x64\jre\17.0.8.1-win32-x86_64\bin\VCRUNTIME140.dll
0x00007fff8cba0000 - 0x00007fff8cd4e000 	C:\WINDOWS\System32\USER32.dll
0x00007fff8a810000 - 0x00007fff8a836000 	C:\WINDOWS\System32\win32u.dll
0x00007fff766c0000 - 0x00007fff76953000 	C:\WINDOWS\WinSxS\amd64_microsoft.windows.common-controls_6595b64144ccf1df_6.0.22621.2506_none_270c5ae97388e100\COMCTL32.dll
0x00007fff8cd50000 - 0x00007fff8cd79000 	C:\WINDOWS\System32\GDI32.dll
0x00007fff8af00000 - 0x00007fff8afa7000 	C:\WINDOWS\System32\msvcrt.dll
0x00007fff8a280000 - 0x00007fff8a399000 	C:\WINDOWS\System32\gdi32full.dll
0x00007fff8a9b0000 - 0x00007fff8aa4a000 	C:\WINDOWS\System32\msvcp_win.dll
0x00007fff8b1b0000 - 0x00007fff8b1e1000 	C:\WINDOWS\System32\IMM32.DLL
0x00007fff762d0000 - 0x00007fff762dc000 	c:\Users\Legion\.vscode\extensions\redhat.java-1.24.0-win32-x64\jre\17.0.8.1-win32-x86_64\bin\vcruntime140_1.dll
0x00007fff2e820000 - 0x00007fff2e8b1000 	c:\Users\Legion\.vscode\extensions\redhat.java-1.24.0-win32-x64\jre\17.0.8.1-win32-x86_64\bin\msvcp140.dll
0x00007ffeb9ca0000 - 0x00007ffeba8ec000 	c:\Users\Legion\.vscode\extensions\redhat.java-1.24.0-win32-x64\jre\17.0.8.1-win32-x86_64\bin\server\jvm.dll
0x00007fff8ce00000 - 0x00007fff8ceb1000 	C:\WINDOWS\System32\ADVAPI32.dll
0x00007fff8ae50000 - 0x00007fff8aef6000 	C:\WINDOWS\System32\sechost.dll
0x00007fff8b560000 - 0x00007fff8b677000 	C:\WINDOWS\System32\RPCRT4.dll
0x00007fff75e60000 - 0x00007fff75e69000 	C:\WINDOWS\SYSTEM32\WSOCK32.dll
0x00007fff89090000 - 0x00007fff890dd000 	C:\WINDOWS\SYSTEM32\POWRPROF.dll
0x00007fff80a10000 - 0x00007fff80a44000 	C:\WINDOWS\SYSTEM32\WINMM.dll
0x00007fff8cd80000 - 0x00007fff8cdf1000 	C:\WINDOWS\System32\WS2_32.dll
0x00007fff828e0000 - 0x00007fff828ea000 	C:\WINDOWS\SYSTEM32\VERSION.dll
0x00007fff89070000 - 0x00007fff89083000 	C:\WINDOWS\SYSTEM32\UMPDC.dll
0x00007fff892d0000 - 0x00007fff892e8000 	C:\WINDOWS\SYSTEM32\kernel.appcore.dll
0x00007fff761f0000 - 0x00007fff761fa000 	c:\Users\Legion\.vscode\extensions\redhat.java-1.24.0-win32-x64\jre\17.0.8.1-win32-x86_64\bin\jimage.dll
0x00007fff87570000 - 0x00007fff877a3000 	C:\WINDOWS\SYSTEM32\DBGHELP.DLL
0x00007fff8c810000 - 0x00007fff8cb99000 	C:\WINDOWS\System32\combase.dll
0x00007fff8ac60000 - 0x00007fff8ad37000 	C:\WINDOWS\System32\OLEAUT32.dll
0x00007fff69440000 - 0x00007fff69472000 	C:\WINDOWS\SYSTEM32\dbgcore.DLL
0x00007fff8abe0000 - 0x00007fff8ac5a000 	C:\WINDOWS\System32\bcryptPrimitives.dll
0x00007fff75fa0000 - 0x00007fff75fae000 	c:\Users\Legion\.vscode\extensions\redhat.java-1.24.0-win32-x64\jre\17.0.8.1-win32-x86_64\bin\instrument.dll
0x00007fff4c530000 - 0x00007fff4c555000 	c:\Users\Legion\.vscode\extensions\redhat.java-1.24.0-win32-x64\jre\17.0.8.1-win32-x86_64\bin\java.dll
0x00007fff67360000 - 0x00007fff67378000 	c:\Users\Legion\.vscode\extensions\redhat.java-1.24.0-win32-x64\jre\17.0.8.1-win32-x86_64\bin\zip.dll
0x00007fff8b7e0000 - 0x00007fff8c039000 	C:\WINDOWS\System32\SHELL32.dll
0x00007fff88160000 - 0x00007fff88a54000 	C:\WINDOWS\SYSTEM32\windows.storage.dll
0x00007fff88020000 - 0x00007fff8815e000 	C:\WINDOWS\SYSTEM32\wintypes.dll
0x00007fff8c6a0000 - 0x00007fff8c793000 	C:\WINDOWS\System32\SHCORE.dll
0x00007fff8b0c0000 - 0x00007fff8b11e000 	C:\WINDOWS\System32\shlwapi.dll
0x00007fff8a1b0000 - 0x00007fff8a1d6000 	C:\WINDOWS\SYSTEM32\profapi.dll
0x00007fff49340000 - 0x00007fff49359000 	C:\Users\Legion\.vscode\extensions\redhat.java-1.24.0-win32-x64\jre\17.0.8.1-win32-x86_64\bin\net.dll
0x00007fff82580000 - 0x00007fff826b7000 	C:\WINDOWS\SYSTEM32\WINHTTP.dll
0x00007fff897b0000 - 0x00007fff89819000 	C:\WINDOWS\system32\mswsock.dll
0x00007fff49320000 - 0x00007fff49335000 	C:\Users\Legion\.vscode\extensions\redhat.java-1.24.0-win32-x64\jre\17.0.8.1-win32-x86_64\bin\nio.dll
0x00007fff75d50000 - 0x00007fff75d60000 	c:\Users\Legion\.vscode\extensions\redhat.java-1.24.0-win32-x64\jre\17.0.8.1-win32-x86_64\bin\verify.dll
0x00007fff373c0000 - 0x00007fff373fe000 	C:\Users\Legion\AppData\Roaming\Code\User\globalStorage\redhat.java\1.24.0\config_win\org.eclipse.equinox.launcher\org.eclipse.equinox.launcher.win32.win32.x86_64_1.2.700.v20221108-1024\eclipse_11801.dll
0x00007fff8b2f0000 - 0x00007fff8b490000 	C:\WINDOWS\System32\ole32.dll
0x00007fff899d0000 - 0x00007fff899eb000 	C:\WINDOWS\SYSTEM32\CRYPTSP.dll
0x00007fff89290000 - 0x00007fff892c5000 	C:\WINDOWS\system32\rsaenh.dll
0x00007fff89870000 - 0x00007fff8989c000 	C:\WINDOWS\SYSTEM32\USERENV.dll
0x00007fff89c10000 - 0x00007fff89c38000 	C:\WINDOWS\SYSTEM32\bcrypt.dll
0x00007fff899f0000 - 0x00007fff899fc000 	C:\WINDOWS\SYSTEM32\CRYPTBASE.dll
0x00007fff88d70000 - 0x00007fff88d9d000 	C:\WINDOWS\SYSTEM32\IPHLPAPI.DLL
0x00007fff8b030000 - 0x00007fff8b039000 	C:\WINDOWS\System32\NSI.dll
0x00007fff828c0000 - 0x00007fff828d9000 	C:\WINDOWS\SYSTEM32\dhcpcsvc6.DLL
0x00007fff82560000 - 0x00007fff8257f000 	C:\WINDOWS\SYSTEM32\dhcpcsvc.DLL
0x00007fff88da0000 - 0x00007fff88e99000 	C:\WINDOWS\SYSTEM32\DNSAPI.dll
0x00007fff2e920000 - 0x00007fff2e965000 	C:\Users\Legion\AppData\Local\Temp\jna--2022703270\jna4089728904948446306.dll
0x00007fff8b7d0000 - 0x00007fff8b7d8000 	C:\WINDOWS\System32\PSAPI.DLL

dbghelp: loaded successfully - version: 4.0.5 - missing functions: none
symbol engine: initialized successfully - sym options: 0x614 - pdb path: .;c:\Users\Legion\.vscode\extensions\redhat.java-1.24.0-win32-x64\jre\17.0.8.1-win32-x86_64\bin;C:\WINDOWS\SYSTEM32;C:\WINDOWS\WinSxS\amd64_microsoft.windows.common-controls_6595b64144ccf1df_6.0.22621.2506_none_270c5ae97388e100;c:\Users\Legion\.vscode\extensions\redhat.java-1.24.0-win32-x64\jre\17.0.8.1-win32-x86_64\bin\server;C:\Users\Legion\AppData\Roaming\Code\User\globalStorage\redhat.java\1.24.0\config_win\org.eclipse.equinox.launcher\org.eclipse.equinox.launcher.win32.win32.x86_64_1.2.700.v20221108-1024;C:\Users\Legion\AppData\Local\Temp\jna--2022703270

VM Arguments:
jvm_args: --add-modules=ALL-SYSTEM --add-opens=java.base/java.util=ALL-UNNAMED --add-opens=java.base/java.lang=ALL-UNNAMED --add-opens=java.base/sun.nio.fs=ALL-UNNAMED -Declipse.application=org.eclipse.jdt.ls.core.id1 -Dosgi.bundles.defaultStartLevel=4 -Declipse.product=org.eclipse.jdt.ls.core.product -Djava.import.generatesMetadataFilesAtProjectRoot=false -DDetectVMInstallationsJob.disabled=true -Dfile.encoding=utf8 -XX:+UseParallelGC -XX:GCTimeRatio=4 -XX:AdaptiveSizePolicyWeight=90 -Dsun.zip.disableMemoryMapping=true -Xmx1G -Xms100m -Xlog:disable -javaagent:c:\Users\Legion\.vscode\extensions\redhat.java-1.24.0-win32-x64\lombok\lombok-1.18.30.jar -XX:+HeapDumpOnOutOfMemoryError -XX:HeapDumpPath=c:\Users\Legion\AppData\Roaming\Code\User\workspaceStorage\13b20aa23176f2ed0425dcaf36fe3239\redhat.java -Daether.dependencyCollector.impl=bf 
java_command: c:\Users\Legion\.vscode\extensions\redhat.java-1.24.0-win32-x64\server\plugins\org.eclipse.equinox.launcher_1.6.500.v20230717-2134.jar -configuration c:\Users\Legion\AppData\Roaming\Code\User\globalStorage\redhat.java\1.24.0\config_win -data c:\Users\Legion\AppData\Roaming\Code\User\workspaceStorage\13b20aa23176f2ed0425dcaf36fe3239\redhat.java\jdt_ws --stdio
java_class_path (initial): c:\Users\Legion\.vscode\extensions\redhat.java-1.24.0-win32-x64\server\plugins\org.eclipse.equinox.launcher_1.6.500.v20230717-2134.jar
Launcher Type: SUN_STANDARD

[Global flags]
    uintx AdaptiveSizePolicyWeight                 = 90                                        {product} {command line}
     intx CICompilerCount                          = 12                                        {product} {ergonomic}
    uintx GCTimeRatio                              = 4                                         {product} {command line}
     bool HeapDumpOnOutOfMemoryError               = true                                   {manageable} {command line}
    ccstr HeapDumpPath                             = c:\Users\Legion\AppData\Roaming\Code\User\workspaceStorage\13b20aa23176f2ed0425dcaf36fe3239\redhat.java         {manageable} {command line}
   size_t InitialHeapSize                          = 104857600                                 {product} {command line}
   size_t MaxHeapSize                              = 1073741824                                {product} {command line}
   size_t MaxNewSize                               = 357564416                                 {product} {ergonomic}
   size_t MinHeapDeltaBytes                        = 524288                                    {product} {ergonomic}
   size_t MinHeapSize                              = 104857600                                 {product} {command line}
   size_t NewSize                                  = 34603008                                  {product} {ergonomic}
    uintx NonNMethodCodeHeapSize                   = 7602480                                {pd product} {ergonomic}
    uintx NonProfiledCodeHeapSize                  = 122027880                              {pd product} {ergonomic}
   size_t OldSize                                  = 70254592                                  {product} {ergonomic}
    uintx ProfiledCodeHeapSize                     = 122027880                              {pd product} {ergonomic}
    uintx ReservedCodeCacheSize                    = 251658240                              {pd product} {ergonomic}
     bool SegmentedCodeCache                       = true                                      {product} {ergonomic}
   size_t SoftMaxHeapSize                          = 1073741824                             {manageable} {ergonomic}
     bool UseCompressedClassPointers               = true                           {product lp64_product} {ergonomic}
     bool UseCompressedOops                        = true                           {product lp64_product} {ergonomic}
     bool UseLargePagesIndividualAllocation        = false                                  {pd product} {ergonomic}
     bool UseParallelGC                            = true                                      {product} {command line}

Logging:
Log output configuration:
 #0: stdout all=off uptime,level,tags
 #1: stderr all=off uptime,level,tags

Environment Variables:
PATH=C:\Program Files\Common Files\Oracle\Java\javapath;C:\Program Files (x86)\Common Files\Oracle\Java\javapath;C:\Python311\Scripts\;C:\Python311\;C:\Program Files\Python310\Scripts\;C:\Program Files\Python310\;C:\Program Files\Java\jdk-18.0.2\bin;C:\Program Files\nodejs\;C:\Program Files\php-8.1.11-Win32-vs16-x64;C:\WINDOWS\system32;C:\WINDOWS;C:\WINDOWS\System32\Wbem;C:\WINDOWS\System32\WindowsPowerShell\v1.0\;C:\WINDOWS\System32\OpenSSH\;C:\ProgramData\chocolatey\bin;C:\Program Files\NVIDIA Corporation\NVIDIA NvDLISR;C:\Program Files\dotnet\;C:\Program Files\Java\jdk-21\bin;C:\Program Files\Git\cmd;D:\Programming Apps\Microsoft VS Code\bin;C:\Users\Legion\AppData\Roaming\npm;C:\Users\Legion\AppData\Local\Microsoft\WindowsApps;C:\Users\Legion\AppData\Local\GitHubDesktop\bin
USERNAME=Legion
OS=Windows_NT
PROCESSOR_IDENTIFIER=Intel64 Family 6 Model 141 Stepping 1, GenuineIntel
TMP=C:\Users\Legion\AppData\Local\Temp
TEMP=C:\Users\Legion\AppData\Local\Temp



---------------  S Y S T E M  ---------------

OS:
 Windows 11 , 64 bit Build 22621 (10.0.22621.2506)
OS uptime: 0 days 20:19 hours
Hyper-V role detected

CPU: total 16 (initial active 16) (8 cores per cpu, 2 threads per core) family 6 model 141 stepping 1 microcode 0x42, cx8, cmov, fxsr, ht, mmx, 3dnowpref, sse, sse2, sse3, ssse3, sse4.1, sse4.2, popcnt, lzcnt, tsc, tscinvbit, avx, avx2, aes, erms, clmul, bmi1, bmi2, adx, avx512f, avx512dq, avx512cd, avx512bw, avx512vl, sha, fma, vzeroupper, avx512_vpopcntdq, avx512_vpclmulqdq, avx512_vaes, avx512_vnni, clflush, clflushopt, clwb, avx512_vbmi2, avx512_vbmi, hv
Processor Information for all 16 processors :
  Max Mhz: 2304, Current Mhz: 2304, Mhz Limit: 2304

Memory: 4k page, system-wide physical 16235M (5748M free)
TotalPageFile size 18283M (AvailPageFile size 2M)
current process WorkingSet (physical memory assigned to process): 227M, peak: 233M
current process commit charge ("private bytes"): 335M, peak: 345M

vm_info: OpenJDK 64-Bit Server VM (17.0.8.1+1) for windows-amd64 JRE (17.0.8.1+1), built on Aug 23 2023 15:29:17 by "admin" with MS VC++ 16.7 (VS2019)

END.
